This is e-pTeX, Version 3.14159265-p3.6-141210-2.6 (utf8.sjis) (TeX Live 2015/W32TeX) (preloaded format=platex 2016.4.2)  23 JUL 2017 22:09
entering extended mode
 restricted \write18 enabled.
 %&-line parsing enabled.
**./report_2.tex
(./report_2.tex
pLaTeX2e <2006/11/10> (based on LaTeX2e <2016/02/01> patch level 0)
Babel <3.9q> and hyphenation patterns for 81 language(s) loaded.

! LaTeX Error: Environment dfn undefined.

See the LaTeX manual or LaTeX Companion for explanation.
Type  H <return>  for immediate help.
 ...                                              
                                                  
l.1 \begin{dfn}
               [Brown運動の講義における定義(講義資料引用)]
? 
! Emergency stop.
 ...                                              
                                                  
l.1 \begin{dfn}
               [Brown運動の講義における定義(講義資料引用)]
Your command was ignored.
Type  I <command> <return>  to replace it with another command,
or  <return>  to continue without it.

 
Here is how much of TeX's memory you used:
 6 strings out of 493723
 185 string characters out of 6153732
 53728 words of memory out of 5000000
 3645 multiletter control sequences out of 15000+600000
 7511 words of font info for 31 fonts, out of 8000000 for 9000
 929 hyphenation exceptions out of 8191
 5i,0n,4p,75b,16s stack positions out of 5000i,500n,10000p,200000b,80000s
No pages of output.
