This is e-pTeX, Version 3.14159265-p3.6-141210-2.6 (utf8.sjis) (TeX Live 2015/W32TeX) (preloaded format=platex 2016.4.2)  25 JUL 2017 09:55
entering extended mode
 restricted \write18 enabled.
 %&-line parsing enabled.
**./report_2_2.tex
(./report_2_2.tex
pLaTeX2e <2006/11/10> (based on LaTeX2e <2016/02/01> patch level 0)
Babel <3.9q> and hyphenation patterns for 81 language(s) loaded.
! Undefined control sequence.
l.1 \section
            {レポート課題その2}
? 
! Emergency stop.
l.1 \section
            {レポート課題その2}
End of file on the terminal!

 
Here is how much of TeX's memory you used:
 4 strings out of 493723
 56 string characters out of 6153732
 53728 words of memory out of 5000000
 3644 multiletter control sequences out of 15000+600000
 7511 words of font info for 31 fonts, out of 8000000 for 9000
 929 hyphenation exceptions out of 8191
 5i,0n,1p,46b,8s stack positions out of 5000i,500n,10000p,200000b,80000s
No pages of output.
