This is e-pTeX, Version 3.14159265-p3.8.1-180518-2.6 (utf8.sjis) (TeX Live 2018/W32TeX) (preloaded format=platex 2018.7.29)  2 SEP 2018 17:15
entering extended mode
 restricted \write18 enabled.
 %&-line parsing enabled.
**Karatzas_Shreve_note.tex
(./Karatzas_Shreve_note.tex
pLaTeX2e <2018-07-28> (based on LaTeX2e <2018-04-01> patch level 5)
(c:/w32tex/share/texmf-dist/tex/platex/jsclasses/jsbook.cls
Document Class: jsbook 2018/06/23 jsclasses (okumura, texjporg)
\jsc@mpt=\dimen118
\jsc@mmm=\dimen119
\jsc@smallskipamount=\skip41
LaTeX Info: Redefining \rmfamily on input line 471.
LaTeX Info: Redefining \sffamily on input line 474.
LaTeX Info: Redefining \ttfamily on input line 477.
LaTeX Info: Redefining \textmc on input line 481.
LaTeX Info: Redefining \textgt on input line 483.
\symmincho=\mathgroup4
LaTeX Font Info:    Overwriting symbol font `mincho' in version `bold'
(Font)                  JY1/mc/m/n --> JY1/gt/m/n on input line 545.
LaTeX Font Info:    Font shape `JT1/mc/m/n' will be
(Font)              scaled to size 9.60999pt on input line 736.
LaTeX Font Info:    Font shape `JY1/mc/m/n' will be
(Font)              scaled to size 9.60999pt on input line 736.
\fullwidth=\dimen120
LaTeX Font Info:    Font shape `JT1/mc/m/n' will be
(Font)              scaled to size 7.68799pt on input line 897.
LaTeX Font Info:    Font shape `JY1/mc/m/n' will be
(Font)              scaled to size 7.68799pt on input line 897.
\c@part=\count83
\c@chapter=\count84
\c@section=\count85
\c@subsection=\count86
\c@subsubsection=\count87
\c@paragraph=\count88
\c@subparagraph=\count89
\c@figure=\count90
\c@table=\count91
\abovecaptionskip=\skip42
\belowcaptionskip=\skip43
\jsc@tocl@width=\dimen121
\@lnumwidth=\dimen122
\bibindent=\dimen123
(c:/w32tex/share/texmf-dist/tex/platex/jsclasses/jslogo.sty
Package: jslogo 2017/02/24 okumura, texjporg
LaTeX Info: Redefining \TeX on input line 94.
LaTeX Info: Redefining \LaTeX on input line 147.
LaTeX Info: Redefining \LaTeXe on input line 200.
)
\heisei=\count92
)
(c:/w32tex/share/texmf-dist/tex/latex/amsmath/amsmath.sty
Package: amsmath 2017/09/02 v2.17a AMS math features
\@mathmargin=\skip44

For additional information on amsmath, use the `?' option.
(c:/w32tex/share/texmf-dist/tex/latex/amsmath/amstext.sty
Package: amstext 2000/06/29 v2.01 AMS text

(c:/w32tex/share/texmf-dist/tex/latex/amsmath/amsgen.sty
File: amsgen.sty 1999/11/30 v2.0 generic functions
\@emptytoks=\toks15
\ex@=\dimen124
))
(c:/w32tex/share/texmf-dist/tex/latex/amsmath/amsbsy.sty
Package: amsbsy 1999/11/29 v1.2d Bold Symbols
\pmbraise@=\dimen125
)
(c:/w32tex/share/texmf-dist/tex/latex/amsmath/amsopn.sty
Package: amsopn 2016/03/08 v2.02 operator names
)
\inf@bad=\count93
LaTeX Info: Redefining \frac on input line 213.
\uproot@=\count94
\leftroot@=\count95
LaTeX Info: Redefining \overline on input line 375.
\classnum@=\count96
\DOTSCASE@=\count97
LaTeX Info: Redefining \ldots on input line 472.
LaTeX Info: Redefining \dots on input line 475.
LaTeX Info: Redefining \cdots on input line 596.
\Mathstrutbox@=\box42
\strutbox@=\box43
\big@size=\dimen126
LaTeX Font Info:    Redeclaring font encoding OML on input line 712.
LaTeX Font Info:    Redeclaring font encoding OMS on input line 713.
\macc@depth=\count98
\c@MaxMatrixCols=\count99
\dotsspace@=\muskip10
\c@parentequation=\count100
\dspbrk@lvl=\count101
\tag@help=\toks16
\row@=\count102
\column@=\count103
\maxfields@=\count104
\andhelp@=\toks17
\eqnshift@=\dimen127
\alignsep@=\dimen128
\tagshift@=\dimen129
\tagwidth@=\dimen130
\totwidth@=\dimen131
\lineht@=\dimen132
\@envbody=\toks18
\multlinegap=\skip45
\multlinetaggap=\skip46
\mathdisplay@stack=\toks19
LaTeX Info: Redefining \[ on input line 2817.
LaTeX Info: Redefining \] on input line 2818.
)
(c:/w32tex/share/texmf-dist/tex/latex/amsfonts/amssymb.sty
Package: amssymb 2013/01/14 v3.01 AMS font symbols

(c:/w32tex/share/texmf-dist/tex/latex/amsfonts/amsfonts.sty
Package: amsfonts 2013/01/14 v3.01 Basic AMSFonts support
\symAMSa=\mathgroup5
\symAMSb=\mathgroup6
LaTeX Font Info:    Overwriting math alphabet `\mathfrak' in version `bold'
(Font)                  U/euf/m/n --> U/euf/b/n on input line 106.
))
(c:/w32tex/share/texmf-dist/tex/latex/amscls/amsthm.sty
Package: amsthm 2017/10/31 v2.20.4
\thm@style=\toks20
\thm@bodyfont=\toks21
\thm@headfont=\toks22
\thm@notefont=\toks23
\thm@headpunct=\toks24
\thm@preskip=\skip47
\thm@postskip=\skip48
\thm@headsep=\skip49
\dth@everypar=\toks25
)
(c:/w32tex/share/texmf-dist/tex/latex/base/makeidx.sty
Package: makeidx 2014/09/29 v1.0m Standard LaTeX package
)
(c:/w32tex/share/texmf-dist/tex/latex/newtx/newtxmath.sty
Package: newtxmath 2018/05/15 v1.553

`newtxmath' v1.553, 2018/05/15 Math macros based originally on txfonts (msharpe
) (c:/w32tex/share/texmf-dist/tex/latex/etoolbox/etoolbox.sty
Package: etoolbox 2018/02/11 v2.5e e-TeX tools for LaTeX (JAW)
\etb@tempcnta=\count105
)
(c:/w32tex/share/texmf-dist/tex/generic/ifxetex/ifxetex.sty
Package: ifxetex 2010/09/12 v0.6 Provides ifxetex conditional
)
(c:/w32tex/share/texmf-dist/tex/generic/oberdiek/ifluatex.sty
Package: ifluatex 2016/05/16 v1.4 Provides the ifluatex switch (HO)
Package ifluatex Info: LuaTeX not detected.
)
(c:/w32tex/share/texmf-dist/tex/latex/xkeyval/xkeyval.sty
Package: xkeyval 2014/12/03 v2.7a package option processing (HA)

(c:/w32tex/share/texmf-dist/tex/generic/xkeyval/xkeyval.tex
(c:/w32tex/share/texmf-dist/tex/generic/xkeyval/xkvutils.tex
\XKV@toks=\toks26
\XKV@tempa@toks=\toks27

(c:/w32tex/share/texmf-dist/tex/generic/xkeyval/keyval.tex))
\XKV@depth=\count106
File: xkeyval.tex 2014/12/03 v2.7a key=value parser (HA)
))
(c:/w32tex/share/texmf-dist/tex/latex/oberdiek/centernot.sty
Package: centernot 2016/05/16 v1.4 Centers the not symbol horizontally (HO)
)
\tx@cntz=\count107

(c:/w32tex/share/texmf-dist/tex/generic/kastrup/binhex.tex)
\tx@Isdigit=\count108
\tx@IsAlNum=\count109
LaTeX Font Info:    Redeclaring symbol font `operators' on input line 171.
LaTeX Font Info:    Overwriting symbol font `operators' in version `normal'
(Font)                  OT1/cmr/m/n --> OT1/cmr/m/n on input line 171.
LaTeX Font Info:    Overwriting symbol font `operators' in version `bold'
(Font)                  OT1/cmr/bx/n --> OT1/cmr/m/n on input line 171.
LaTeX Font Info:    Overwriting symbol font `operators' in version `bold'
(Font)                  OT1/cmr/m/n --> OT1/cmr/b/n on input line 172.
LaTeX Font Info:    Redeclaring math alphabet \mathsf on input line 180.
LaTeX Font Info:    Overwriting math alphabet `\mathsf' in version `normal'
(Font)                  OT1/cmss/m/n --> OT1/cmss/m/n on input line 180.
LaTeX Font Info:    Overwriting math alphabet `\mathsf' in version `bold'
(Font)                  OT1/cmss/bx/n --> OT1/cmss/m/n on input line 180.
LaTeX Font Info:    Redeclaring math alphabet \mathit on input line 181.
LaTeX Font Info:    Overwriting math alphabet `\mathit' in version `normal'
(Font)                  OT1/cmr/m/it --> OT1/cmr/m/it on input line 181.
LaTeX Font Info:    Overwriting math alphabet `\mathit' in version `bold'
(Font)                  OT1/cmr/bx/it --> OT1/cmr/m/it on input line 181.
LaTeX Font Info:    Redeclaring math alphabet \mathtt on input line 182.
LaTeX Font Info:    Overwriting math alphabet `\mathtt' in version `normal'
(Font)                  OT1/cmtt/m/n --> OT1/cmtt/m/n on input line 182.
LaTeX Font Info:    Overwriting math alphabet `\mathtt' in version `bold'
(Font)                  OT1/cmtt/m/n --> OT1/cmtt/m/n on input line 182.
LaTeX Font Info:    Redeclaring math alphabet \mathbf on input line 184.
LaTeX Font Info:    Overwriting math alphabet `\mathbf' in version `normal'
(Font)                  OT1/cmr/bx/n --> OT1/cmr/b/n on input line 184.
LaTeX Font Info:    Overwriting math alphabet `\mathbf' in version `bold'
(Font)                  OT1/cmr/bx/n --> OT1/cmr/b/n on input line 184.
LaTeX Font Info:    Overwriting math alphabet `\mathit' in version `bold'
(Font)                  OT1/cmr/m/it --> OT1/cmr/b/it on input line 185.
LaTeX Font Info:    Overwriting math alphabet `\mathsf' in version `bold'
(Font)                  OT1/cmss/m/n --> OT1/cmss/b/n on input line 186.
LaTeX Font Info:    Overwriting math alphabet `\mathtt' in version `bold'
(Font)                  OT1/cmtt/m/n --> OT1/cmtt/b/n on input line 187.
LaTeX Font Info:    Redeclaring symbol font `letters' on input line 243.
LaTeX Font Info:    Overwriting symbol font `letters' in version `normal'
(Font)                  OML/cmm/m/it --> OML/ntxmi/m/it on input line 243.
LaTeX Font Info:    Overwriting symbol font `letters' in version `bold'
(Font)                  OML/cmm/b/it --> OML/ntxmi/m/it on input line 243.
LaTeX Font Info:    Overwriting symbol font `letters' in version `bold'
(Font)                  OML/ntxmi/m/it --> OML/ntxmi/b/it on input line 244.
\symlettersA=\mathgroup7
LaTeX Font Info:    Overwriting symbol font `lettersA' in version `bold'
(Font)                  U/ntxmia/m/it --> U/ntxmia/b/it on input line 261.
LaTeX Font Info:    Redeclaring math alphabet \mathfrak on input line 263.
Now handling font encoding LMS ...
... no UTF-8 mapping file for font encoding LMS
LaTeX Font Info:    Redeclaring symbol font `symbols' on input line 282.
LaTeX Font Info:    Encoding `OMS' has changed to `LMS' for symbol font
(Font)              `symbols' in the math version `normal' on input line 282.
LaTeX Font Info:    Overwriting symbol font `symbols' in version `normal'
(Font)                  OMS/cmsy/m/n --> LMS/ntxsy/m/n on input line 282.
LaTeX Font Info:    Encoding `OMS' has changed to `LMS' for symbol font
(Font)              `symbols' in the math version `bold' on input line 282.
LaTeX Font Info:    Overwriting symbol font `symbols' in version `bold'
(Font)                  OMS/cmsy/b/n --> LMS/ntxsy/m/n on input line 282.
LaTeX Font Info:    Overwriting symbol font `symbols' in version `bold'
(Font)                  LMS/ntxsy/m/n --> LMS/ntxsy/b/n on input line 283.
\symAMSm=\mathgroup8
LaTeX Font Info:    Overwriting symbol font `AMSm' in version `bold'
(Font)                  U/ntxsym/m/n --> U/ntxsym/b/n on input line 306.
\symsymbolsC=\mathgroup9
LaTeX Font Info:    Overwriting symbol font `symbolsC' in version `bold'
(Font)                  U/ntxsyc/m/n --> U/ntxsyc/b/n on input line 327.
Now handling font encoding LMX ...
... no UTF-8 mapping file for font encoding LMX
LaTeX Font Info:    Redeclaring symbol font `largesymbols' on input line 340.
LaTeX Font Info:    Encoding `OMX' has changed to `LMX' for symbol font
(Font)              `largesymbols' in the math version `normal' on input line 3
40.
LaTeX Font Info:    Overwriting symbol font `largesymbols' in version `normal'
(Font)                  OMX/cmex/m/n --> LMX/ntxexx/m/n on input line 340.
LaTeX Font Info:    Encoding `OMX' has changed to `LMX' for symbol font
(Font)              `largesymbols' in the math version `bold' on input line 340
.
LaTeX Font Info:    Overwriting symbol font `largesymbols' in version `bold'
(Font)                  OMX/cmex/m/n --> LMX/ntxexx/m/n on input line 340.
LaTeX Font Info:    Overwriting symbol font `largesymbols' in version `bold'
(Font)                  LMX/ntxexx/m/n --> LMX/ntxexx/b/n on input line 341.
\symlargesymbolsTXA=\mathgroup10
LaTeX Font Info:    Overwriting symbol font `largesymbolsTXA' in version `bold'

(Font)                  U/ntxexa/m/n --> U/ntxexa/b/n on input line 355.
LaTeX Font Info:    Redeclaring math delimiter \lgroup on input line 548.
LaTeX Font Info:    Redeclaring math delimiter \rgroup on input line 549.
LaTeX Font Info:    Redeclaring math delimiter \lmoustache on input line 550.
LaTeX Font Info:    Redeclaring math delimiter \rmoustache on input line 551.
LaTeX Font Info:    Redeclaring math delimiter \lfloor on input line 557.
LaTeX Font Info:    Redeclaring math delimiter \rfloor on input line 558.
LaTeX Font Info:    Redeclaring math delimiter \lceil on input line 559.
LaTeX Font Info:    Redeclaring math delimiter \rceil on input line 560.
LaTeX Font Info:    Redeclaring math delimiter \lbrace on input line 561.
LaTeX Font Info:    Redeclaring math delimiter \rbrace on input line 562.
LaTeX Font Info:    Redeclaring math delimiter \langle on input line 563.
LaTeX Font Info:    Redeclaring math delimiter \rangle on input line 565.
LaTeX Font Info:    Redeclaring math symbol \mid on input line 567.
LaTeX Font Info:    Redeclaring math delimiter \arrowvert on input line 569.
LaTeX Font Info:    Redeclaring math delimiter \vert on input line 570.
LaTeX Font Info:    Redeclaring math symbol \parallel on input line 571.
LaTeX Font Info:    Redeclaring math delimiter \Arrowvert on input line 572.
LaTeX Font Info:    Redeclaring math delimiter \Vert on input line 573.
LaTeX Font Info:    Redeclaring math delimiter \updownarrow on input line 575.
LaTeX Font Info:    Redeclaring math delimiter \Updownarrow on input line 576.
LaTeX Font Info:    Redeclaring math delimiter \lvert on input line 581.
LaTeX Font Info:    Redeclaring math delimiter \rvert on input line 582.
LaTeX Font Info:    Redeclaring math delimiter \lVert on input line 583.
LaTeX Font Info:    Redeclaring math delimiter \rVert on input line 584.
LaTeX Font Info:    Redeclaring math symbol \m@thbbch@rA on input line 1929.
\ntx@numstart=\count110
\ntx@UCstart=\count111
\ntx@lcstart=\count112
\ntx@tmpc=\count113
\ntx@imath=\count114
\ntx@jmath=\count115
LaTeX Info: Redefining \not on input line 2322.
LaTeX Info: Redefining \textsquare on input line 2352.
LaTeX Info: Redefining \openbox on input line 2354.
)
(c:/w32tex/share/texmf-dist/tex/latex/newtx/newtxtext.sty
Package: newtxtext 2018/03/27 v1.531

`newtxtext' v1.531, 2018/03/27 Text macros taking advantage of TeX-Gyre Termes 
fonts (msharpe) (c:/w32tex/share/texmf-dist/tex/latex/fontaxes/fontaxes.sty
Package: fontaxes 2014/03/23 v1.0d Font selection axes
LaTeX Info: Redefining \upshape on input line 29.
LaTeX Info: Redefining \itshape on input line 31.
LaTeX Info: Redefining \slshape on input line 33.
LaTeX Info: Redefining \scshape on input line 37.
)
\ntx@fs=\dimen133

(c:/w32tex/share/texmf-dist/tex/latex/base/fontenc.sty
Package: fontenc 2017/04/05 v2.0i Standard LaTeX package

(c:/w32tex/share/texmf-dist/tex/latex/base/t1enc.def
File: t1enc.def 2017/04/05 v2.0i Standard LaTeX file
LaTeX Font Info:    Redeclaring font encoding T1 on input line 48.
))
(c:/w32tex/share/texmf-dist/tex/latex/base/textcomp.sty
Package: textcomp 2017/04/05 v2.0i Standard LaTeX package
Package textcomp Info: Sub-encoding information:
(textcomp)               5 = only ISO-Adobe without \textcurrency
(textcomp)               4 = 5 + \texteuro
(textcomp)               3 = 4 + \textohm
(textcomp)               2 = 3 + \textestimated + \textcurrency
(textcomp)               1 = TS1 - \textcircled - \t
(textcomp)               0 = TS1 (full)
(textcomp)             Font families with sub-encoding setting implement
(textcomp)             only a restricted character set as indicated.
(textcomp)             Family '?' is the default used for unknown fonts.
(textcomp)             See the documentation for details.
Package textcomp Info: Setting ? sub-encoding to TS1/1 on input line 79.
Package textcomp Info: Changing ? sub-encoding to TS1/0 on input line 80.

(c:/w32tex/share/texmf-dist/tex/latex/base/ts1enc.def
File: ts1enc.def 2001/06/05 v3.0e (jk/car/fm) Standard LaTeX file
Now handling font encoding TS1 ...
... processing UTF-8 mapping file for font encoding TS1

(c:/w32tex/share/texmf-dist/tex/latex/base/ts1enc.dfu
File: ts1enc.dfu 2018/04/05 v1.2c UTF-8 support for inputenc
   defining Unicode char U+00A2 (decimal 162)
   defining Unicode char U+00A3 (decimal 163)
   defining Unicode char U+00A4 (decimal 164)
   defining Unicode char U+00A5 (decimal 165)
   defining Unicode char U+00A6 (decimal 166)
   defining Unicode char U+00A7 (decimal 167)
   defining Unicode char U+00A8 (decimal 168)
   defining Unicode char U+00A9 (decimal 169)
   defining Unicode char U+00AA (decimal 170)
   defining Unicode char U+00AC (decimal 172)
   defining Unicode char U+00AE (decimal 174)
   defining Unicode char U+00AF (decimal 175)
   defining Unicode char U+00B0 (decimal 176)
   defining Unicode char U+00B1 (decimal 177)
   defining Unicode char U+00B2 (decimal 178)
   defining Unicode char U+00B3 (decimal 179)
   defining Unicode char U+00B4 (decimal 180)
   defining Unicode char U+00B5 (decimal 181)
   defining Unicode char U+00B6 (decimal 182)
   defining Unicode char U+00B7 (decimal 183)
   defining Unicode char U+00B9 (decimal 185)
   defining Unicode char U+00BA (decimal 186)
   defining Unicode char U+00BC (decimal 188)
   defining Unicode char U+00BD (decimal 189)
   defining Unicode char U+00BE (decimal 190)
   defining Unicode char U+00D7 (decimal 215)
   defining Unicode char U+00F7 (decimal 247)
   defining Unicode char U+0192 (decimal 402)
   defining Unicode char U+02C7 (decimal 711)
   defining Unicode char U+02D8 (decimal 728)
   defining Unicode char U+02DD (decimal 733)
   defining Unicode char U+0E3F (decimal 3647)
   defining Unicode char U+2016 (decimal 8214)
   defining Unicode char U+2020 (decimal 8224)
   defining Unicode char U+2021 (decimal 8225)
   defining Unicode char U+2022 (decimal 8226)
   defining Unicode char U+2030 (decimal 8240)
   defining Unicode char U+2031 (decimal 8241)
   defining Unicode char U+203B (decimal 8251)
   defining Unicode char U+203D (decimal 8253)
   defining Unicode char U+2044 (decimal 8260)
   defining Unicode char U+204E (decimal 8270)
   defining Unicode char U+2052 (decimal 8274)
   defining Unicode char U+20A1 (decimal 8353)
   defining Unicode char U+20A4 (decimal 8356)
   defining Unicode char U+20A6 (decimal 8358)
   defining Unicode char U+20A9 (decimal 8361)
   defining Unicode char U+20AB (decimal 8363)
   defining Unicode char U+20AC (decimal 8364)
   defining Unicode char U+20B1 (decimal 8369)
   defining Unicode char U+2103 (decimal 8451)
   defining Unicode char U+2116 (decimal 8470)
   defining Unicode char U+2117 (decimal 8471)
   defining Unicode char U+211E (decimal 8478)
   defining Unicode char U+2120 (decimal 8480)
   defining Unicode char U+2122 (decimal 8482)
   defining Unicode char U+2126 (decimal 8486)
   defining Unicode char U+2127 (decimal 8487)
   defining Unicode char U+212E (decimal 8494)
   defining Unicode char U+2190 (decimal 8592)
   defining Unicode char U+2191 (decimal 8593)
   defining Unicode char U+2192 (decimal 8594)
   defining Unicode char U+2193 (decimal 8595)
   defining Unicode char U+2329 (decimal 9001)
   defining Unicode char U+232A (decimal 9002)
   defining Unicode char U+2422 (decimal 9250)
   defining Unicode char U+25E6 (decimal 9702)
   defining Unicode char U+25EF (decimal 9711)
   defining Unicode char U+266A (decimal 9834)
   defining Unicode char U+FEFF (decimal 65279)
))
LaTeX Info: Redefining \oldstylenums on input line 334.
Package textcomp Info: Setting cmr sub-encoding to TS1/0 on input line 349.
Package textcomp Info: Setting cmss sub-encoding to TS1/0 on input line 350.
Package textcomp Info: Setting cmtt sub-encoding to TS1/0 on input line 351.
Package textcomp Info: Setting cmvtt sub-encoding to TS1/0 on input line 352.
Package textcomp Info: Setting cmbr sub-encoding to TS1/0 on input line 353.
Package textcomp Info: Setting cmtl sub-encoding to TS1/0 on input line 354.
Package textcomp Info: Setting ccr sub-encoding to TS1/0 on input line 355.
Package textcomp Info: Setting ptm sub-encoding to TS1/4 on input line 356.
Package textcomp Info: Setting pcr sub-encoding to TS1/4 on input line 357.
Package textcomp Info: Setting phv sub-encoding to TS1/4 on input line 358.
Package textcomp Info: Setting ppl sub-encoding to TS1/3 on input line 359.
Package textcomp Info: Setting pag sub-encoding to TS1/4 on input line 360.
Package textcomp Info: Setting pbk sub-encoding to TS1/4 on input line 361.
Package textcomp Info: Setting pnc sub-encoding to TS1/4 on input line 362.
Package textcomp Info: Setting pzc sub-encoding to TS1/4 on input line 363.
Package textcomp Info: Setting bch sub-encoding to TS1/4 on input line 364.
Package textcomp Info: Setting put sub-encoding to TS1/5 on input line 365.
Package textcomp Info: Setting uag sub-encoding to TS1/5 on input line 366.
Package textcomp Info: Setting ugq sub-encoding to TS1/5 on input line 367.
Package textcomp Info: Setting ul8 sub-encoding to TS1/4 on input line 368.
Package textcomp Info: Setting ul9 sub-encoding to TS1/4 on input line 369.
Package textcomp Info: Setting augie sub-encoding to TS1/5 on input line 370.
Package textcomp Info: Setting dayrom sub-encoding to TS1/3 on input line 371.
Package textcomp Info: Setting dayroms sub-encoding to TS1/3 on input line 372.

Package textcomp Info: Setting pxr sub-encoding to TS1/0 on input line 373.
Package textcomp Info: Setting pxss sub-encoding to TS1/0 on input line 374.
Package textcomp Info: Setting pxtt sub-encoding to TS1/0 on input line 375.
Package textcomp Info: Setting txr sub-encoding to TS1/0 on input line 376.
Package textcomp Info: Setting txss sub-encoding to TS1/0 on input line 377.
Package textcomp Info: Setting txtt sub-encoding to TS1/0 on input line 378.
Package textcomp Info: Setting lmr sub-encoding to TS1/0 on input line 379.
Package textcomp Info: Setting lmdh sub-encoding to TS1/0 on input line 380.
Package textcomp Info: Setting lmss sub-encoding to TS1/0 on input line 381.
Package textcomp Info: Setting lmssq sub-encoding to TS1/0 on input line 382.
Package textcomp Info: Setting lmvtt sub-encoding to TS1/0 on input line 383.
Package textcomp Info: Setting lmtt sub-encoding to TS1/0 on input line 384.
Package textcomp Info: Setting qhv sub-encoding to TS1/0 on input line 385.
Package textcomp Info: Setting qag sub-encoding to TS1/0 on input line 386.
Package textcomp Info: Setting qbk sub-encoding to TS1/0 on input line 387.
Package textcomp Info: Setting qcr sub-encoding to TS1/0 on input line 388.
Package textcomp Info: Setting qcs sub-encoding to TS1/0 on input line 389.
Package textcomp Info: Setting qpl sub-encoding to TS1/0 on input line 390.
Package textcomp Info: Setting qtm sub-encoding to TS1/0 on input line 391.
Package textcomp Info: Setting qzc sub-encoding to TS1/0 on input line 392.
Package textcomp Info: Setting qhvc sub-encoding to TS1/0 on input line 393.
Package textcomp Info: Setting futs sub-encoding to TS1/4 on input line 394.
Package textcomp Info: Setting futx sub-encoding to TS1/4 on input line 395.
Package textcomp Info: Setting futj sub-encoding to TS1/4 on input line 396.
Package textcomp Info: Setting hlh sub-encoding to TS1/3 on input line 397.
Package textcomp Info: Setting hls sub-encoding to TS1/3 on input line 398.
Package textcomp Info: Setting hlst sub-encoding to TS1/3 on input line 399.
Package textcomp Info: Setting hlct sub-encoding to TS1/5 on input line 400.
Package textcomp Info: Setting hlx sub-encoding to TS1/5 on input line 401.
Package textcomp Info: Setting hlce sub-encoding to TS1/5 on input line 402.
Package textcomp Info: Setting hlcn sub-encoding to TS1/5 on input line 403.
Package textcomp Info: Setting hlcw sub-encoding to TS1/5 on input line 404.
Package textcomp Info: Setting hlcf sub-encoding to TS1/5 on input line 405.
Package textcomp Info: Setting pplx sub-encoding to TS1/3 on input line 406.
Package textcomp Info: Setting pplj sub-encoding to TS1/3 on input line 407.
Package textcomp Info: Setting ptmx sub-encoding to TS1/4 on input line 408.
Package textcomp Info: Setting ptmj sub-encoding to TS1/4 on input line 409.
))
(c:/w32tex/share/texmf-dist/tex/latex/jknappen/mathrsfs.sty
Package: mathrsfs 1996/01/01 Math RSFS package v1.0 (jk)
\symrsfs=\mathgroup11
)
(c:/w32tex/share/texmf-dist/tex/latex/mathtools/mathtools.sty
Package: mathtools 2018/01/08 v1.21 mathematical typesetting tools

(c:/w32tex/share/texmf-dist/tex/latex/tools/calc.sty
Package: calc 2017/05/25 v4.3 Infix arithmetic (KKT,FJ)
\calc@Acount=\count116
\calc@Bcount=\count117
\calc@Adimen=\dimen134
\calc@Bdimen=\dimen135
\calc@Askip=\skip50
\calc@Bskip=\skip51
LaTeX Info: Redefining \setlength on input line 80.
LaTeX Info: Redefining \addtolength on input line 81.
\calc@Ccount=\count118
\calc@Cskip=\skip52
)
(c:/w32tex/share/texmf-dist/tex/latex/mathtools/mhsetup.sty
Package: mhsetup 2017/03/31 v1.3 programming setup (MH)
)
LaTeX Info: Thecontrolsequence`\('isalreadyrobust on input line 129.
LaTeX Info: Thecontrolsequence`\)'isalreadyrobust on input line 129.
LaTeX Info: Thecontrolsequence`\['isalreadyrobust on input line 129.
LaTeX Info: Thecontrolsequence`\]'isalreadyrobust on input line 129.
\g_MT_multlinerow_int=\count119
\l_MT_multwidth_dim=\dimen136
\origjot=\skip53
\l_MT_shortvdotswithinadjustabove_dim=\dimen137
\l_MT_shortvdotswithinadjustbelow_dim=\dimen138
\l_MT_above_intertext_sep=\dimen139
\l_MT_below_intertext_sep=\dimen140
\l_MT_above_shortintertext_sep=\dimen141
\l_MT_below_shortintertext_sep=\dimen142
)
(c:/w32tex/share/texmf-dist/tex/latex/base/latexsym.sty
Package: latexsym 1998/08/17 v2.2e Standard LaTeX package (lasy symbols)
\symlasy=\mathgroup12
LaTeX Font Info:    Overwriting symbol font `lasy' in version `bold'
(Font)                  U/lasy/m/n --> U/lasy/b/n on input line 52.
)
(c:/w32tex/share/texmf-dist/tex/latex/ascmac/ascmac.sty
Package: ascmac 2018/03/09 v2.0h ascmac wrapper (community edition) 

(c:/w32tex/share/texmf-dist/tex/latex/ascmac/tascmac.sty
Package: tascmac 2018/03/09 v2.0h ascmac package (community edition) 
\@savetbaselineshift=\dimen143
\@saveybaselineshift=\dimen144
\scb@x=\box44
\scscb@x=\box45
\@bw=\dimen145
\@nbox=\box46
\@nbody=\box47
\@scw=\dimen146
\ascmac@hoboxa=\box48
\ascmac@hoboxb=\box49
\@itemh=\dimen147
\@iboxpos=\toks28
\@iboxstr=\box50
\@bwsp=\box51
\@@bwsp=\box52
\@bcal=\count120
\shaderule=\dimen148
))
(c:/w32tex/share/texmf-dist/tex/latex/graphics/color.sty
Package: color 2016/07/10 v1.1e Standard LaTeX Color (DPC)

(c:/w32tex/share/texmf-dist/tex/latex/graphics-cfg/color.cfg
File: color.cfg 2016/01/02 v1.6 sample color configuration
)
Package color Info: Driver file: dvips.def on input line 147.

(c:/w32tex/share/texmf-dist/tex/latex/graphics-def/dvips.def
File: dvips.def 2017/06/20 v3.1d Graphics/color driver for dvips
)
(c:/w32tex/share/texmf-dist/tex/latex/graphics/dvipsnam.def
File: dvipsnam.def 2016/06/17 v3.0m Driver-dependent file (DPC,SPQR)
))
(c:/w32tex/share/texmf-dist/tex/latex/relsize/relsize.sty
Package: relsize 2011/09/21 ver 4.0

Examine \normalsize starts \ifnarrowbaselines size may be \normalsize. 
Examine \small starts \ifnarrowbaselines size may be \small. 
Examine \footnotesize starts \ifnarrowbaselines size may be \footnotesize. 
Examine \large starts \jsc@setfontsize size may be \@xiipt. 
Examine \Large starts \jsc@setfontsize size may be \@xivpt. 
Examine \LARGE starts \jsc@setfontsize size may be \@xviipt. 
Examine \scriptsize starts \jsc@setfontsize size may be \@viipt. 
Examine \tiny starts \jsc@setfontsize size may be \@vpt. 
Examine \huge starts \jsc@setfontsize size may be \@xxpt. 
Examine \Huge starts \jsc@setfontsize size may be \@xxvpt. 
Examine \HUGE starts \jsc@setfontsize size may be 30. 

Package relsize Warning: Failed to get list of defined font sizes.
(relsize)                Size scaling will attempt arbitrary sizes..

) (c:/w32tex/share/texmf-dist/tex/latex/comment/comment.sty
\CommentStream=\write3

Excluding comment 'comment') (c:/w32tex/share/texmf-dist/tex/latex/url/url.sty
\Urlmuskip=\muskip11
Package: url 2013/09/16  ver 3.4  Verb mode for urls, etc.
)
\c@Prop=\count121
\c@Proof=\count122
\c@thm=\count123
\@indexfile=\write4
\openout4 = `Karatzas_Shreve_note.idx'.

Writing index file Karatzas_Shreve_note.idx
LaTeX Font Info:    Try loading font information for T1+ntxtlf on input line 14
6.
(c:/w32tex/share/texmf-dist/tex/latex/newtx/t1ntxtlf.fd
File: t1ntxtlf.fd 2015/01/17 v1.0 font definition file for T1/ntx/tlf
)
LaTeX Font Info:    Font shape `T1/ntxtlf/m/n' will be
(Font)              scaled to size 10.0pt on input line 146.


LaTeX Warning: Unused global option(s):
    [10.5pt].

(./Karatzas_Shreve_note.aux)
\openout1 = `Karatzas_Shreve_note.aux'.

LaTeX Font Info:    Checking defaults for OML/ntxmi/m/it on input line 146.
LaTeX Font Info:    Try loading font information for OML+ntxmi on input line 14
6.

(c:/w32tex/share/texmf-dist/tex/latex/newtx/omlntxmi.fd
File: omlntxmi.fd 2015/08/25 Fontinst v1.933 font definitions for OML/ntxmi.
)
LaTeX Font Info:    ... okay on input line 146.
LaTeX Font Info:    Checking defaults for T1/cmr/m/n on input line 146.
LaTeX Font Info:    ... okay on input line 146.
LaTeX Font Info:    Checking defaults for OT1/cmr/m/n on input line 146.
LaTeX Font Info:    ... okay on input line 146.
LaTeX Font Info:    Checking defaults for OMS/cmsy/m/n on input line 146.
LaTeX Font Info:    ... okay on input line 146.
LaTeX Font Info:    Checking defaults for OMX/cmex/m/n on input line 146.
LaTeX Font Info:    ... okay on input line 146.
LaTeX Font Info:    Checking defaults for U/ntxexa/m/n on input line 146.
LaTeX Font Info:    Try loading font information for U+ntxexa on input line 146
.

(c:/w32tex/share/texmf-dist/tex/latex/newtx/untxexa.fd
File: untxexa.fd 2012/04/16 Fontinst v1.933 font definitions for U/ntxexa.
)
LaTeX Font Info:    ... okay on input line 146.
LaTeX Font Info:    Checking defaults for JY1/mc/m/n on input line 146.
LaTeX Font Info:    ... okay on input line 146.
LaTeX Font Info:    Checking defaults for JT1/mc/m/n on input line 146.
LaTeX Font Info:    ... okay on input line 146.
LaTeX Font Info:    Checking defaults for LMS/ntxsy/m/n on input line 146.
LaTeX Font Info:    Try loading font information for LMS+ntxsy on input line 14
6.

(c:/w32tex/share/texmf-dist/tex/latex/newtx/lmsntxsy.fd
File: lmsntxsy.fd 2016/07/02 Fontinst v1.933 font definitions for LMS/ntxsy.
)
LaTeX Font Info:    ... okay on input line 146.
LaTeX Font Info:    Checking defaults for LMX/ntxexx/m/n on input line 146.
LaTeX Font Info:    Try loading font information for LMX+ntxexx on input line 1
46.

(c:/w32tex/share/texmf-dist/tex/latex/newtx/lmxntxexx.fd
File: lmxntxexx.fd 2016/07/03 Fontinst v1.933 font definitions for LMX/ntxexx.
)
LaTeX Font Info:    ... okay on input line 146.
LaTeX Font Info:    Checking defaults for TS1/cmr/m/n on input line 146.
LaTeX Font Info:    Try loading font information for TS1+cmr on input line 146.


(c:/w32tex/share/texmf-dist/tex/latex/base/ts1cmr.fd
File: ts1cmr.fd 2014/09/29 v2.5h Standard LaTeX font definitions
)
LaTeX Font Info:    ... okay on input line 146.

(I search kanjifont definition file: . . )
\c@mv@tabular=\count124
\c@mv@boldtabular=\count125

(c:/w32tex/share/texmf-dist/tex/latex/graphics/graphicx.sty
Package: graphicx 2017/06/01 v1.1a Enhanced LaTeX Graphics (DPC,SPQR)

(c:/w32tex/share/texmf-dist/tex/latex/graphics/graphics.sty
Package: graphics 2017/06/25 v1.2c Standard LaTeX Graphics (DPC,SPQR)

(c:/w32tex/share/texmf-dist/tex/latex/graphics/trig.sty
Package: trig 2016/01/03 v1.10 sin cos tan (DPC)
)
(c:/w32tex/share/texmf-dist/tex/latex/graphics-cfg/graphics.cfg
File: graphics.cfg 2016/06/04 v1.11 sample graphics configuration
)
Package graphics Info: Driver file: dvips.def on input line 99.
)
\Gin@req@height=\dimen149
\Gin@req@width=\dimen150
)
LaTeX Font Info:    Font shape `JT1/mc/m/n' will be
(Font)              scaled to size 16.60605pt on input line 151.
LaTeX Font Info:    Font shape `JY1/mc/m/n' will be
(Font)              scaled to size 16.60605pt on input line 151.
LaTeX Font Info:    Font shape `T1/ntxtlf/m/n' will be
(Font)              scaled to size 17.28pt on input line 151.
LaTeX Font Info:    Font shape `JT1/mc/m/n' will be
(Font)              scaled to size 11.53198pt on input line 151.
LaTeX Font Info:    Font shape `JY1/mc/m/n' will be
(Font)              scaled to size 11.53198pt on input line 151.
LaTeX Font Info:    Font shape `T1/ntxtlf/m/n' will be
(Font)              scaled to size 12.0pt on input line 151.
LaTeX Font Info:    Font shape `JY1/mc/m/n' will be
(Font)              scaled to size 8.45679pt on input line 151.
LaTeX Font Info:    Font shape `JY1/mc/m/n' will be
(Font)              scaled to size 6.34259pt on input line 151.
LaTeX Font Info:    Try loading font information for U+msa on input line 151.

(c:/w32tex/share/texmf-dist/tex/latex/amsfonts/umsa.fd
File: umsa.fd 2013/01/14 v3.01 AMS symbols A
)
LaTeX Font Info:    Try loading font information for U+msb on input line 151.

(c:/w32tex/share/texmf-dist/tex/latex/amsfonts/umsb.fd
File: umsb.fd 2013/01/14 v3.01 AMS symbols B
)
LaTeX Font Info:    Try loading font information for U+ntxmia on input line 151
.

(c:/w32tex/share/texmf-dist/tex/latex/newtx/untxmia.fd
File: untxmia.fd 2018/04/14 Fontinst v1.933 font definitions for U/ntxmia.
)
LaTeX Font Info:    Try loading font information for U+ntxsym on input line 151
.

(c:/w32tex/share/texmf-dist/tex/latex/newtx/untxsym.fd
File: untxsym.fd 2015/03/20 Fontinst v1.933 font definitions for U/ntxsym.
)
LaTeX Font Info:    Try loading font information for U+ntxsyc on input line 151
.

(c:/w32tex/share/texmf-dist/tex/latex/newtx/untxsyc.fd
File: untxsyc.fd 2012/04/12 Fontinst v1.933 font definitions for U/ntxsyc.
)
LaTeX Font Info:    Try loading font information for U+rsfs on input line 151.

(c:/w32tex/share/texmf-dist/tex/latex/jknappen/ursfs.fd
File: ursfs.fd 1998/03/24 rsfs font definition file (jk)
)
LaTeX Font Info:    Try loading font information for U+lasy on input line 151.

(c:/w32tex/share/texmf-dist/tex/latex/base/ulasy.fd
File: ulasy.fd 1998/08/17 v2.2e LaTeX symbol font definitions
) [1


]
LaTeX Font Info:    Font shape `JT1/gt/m/n' will be
(Font)              scaled to size 9.60999pt on input line 154.
LaTeX Font Info:    Font shape `JY1/gt/m/n' will be
(Font)              scaled to size 9.60999pt on input line 154.
LaTeX Font Info:    Try loading font information for T1+qhv on input line 154.

(c:/w32tex/share/texmf-dist/tex/latex/tex-gyre/t1qhv.fd
File: t1qhv.fd 2009/09/25 v1.2 font definition file for T1/qhv
)
LaTeX Font Info:    Font shape `T1/qhv/m/n' will be
(Font)              scaled to size 8.99994pt on input line 154.
LaTeX Font Info:    Font shape `JT1/mc/m/n' will be
(Font)              scaled to size 23.90964pt on input line 154.
LaTeX Font Info:    Font shape `JY1/mc/m/n' will be
(Font)              scaled to size 23.90964pt on input line 154.
LaTeX Font Info:    Font shape `T1/ntxtlf/m/n' will be
(Font)              scaled to size 24.88pt on input line 154.
LaTeX Font Info:    Font shape `JT1/gt/m/n' will be
(Font)              scaled to size 23.90964pt on input line 154.
LaTeX Font Info:    Font shape `JY1/gt/m/n' will be
(Font)              scaled to size 23.90964pt on input line 154.
LaTeX Font Info:    Font shape `T1/qhv/m/n' will be
(Font)              scaled to size 22.39185pt on input line 154.

(./Karatzas_Shreve_note.toc)
\tf@toc=\write5
\openout5 = `Karatzas_Shreve_note.toc'.

LaTeX Font Info:    Font shape `JT1/mc/bx/n' in size <10> not available
(Font)              Font shape `JT1/gt/m/n' tried instead on input line 155.
LaTeX Font Info:    Font shape `JT1/gt/m/n' will be
(Font)              scaled to size 9.60999pt on input line 155.
LaTeX Font Info:    Font shape `JY1/mc/bx/n' in size <10> not available
(Font)              Font shape `JY1/gt/m/n' tried instead on input line 155.
LaTeX Font Info:    Font shape `JY1/gt/m/n' will be
(Font)              scaled to size 9.60999pt on input line 155.
LaTeX Font Info:    Font shape `T1/ntxtlf/bx/n' in size <10> not available
(Font)              Font shape `T1/ntxtlf/b/n' tried instead on input line 155.

LaTeX Font Info:    Font shape `T1/ntxtlf/b/n' will be
(Font)              scaled to size 10.0pt on input line 155.
 [1

]
Á¨¨1Á´†
LaTeX Font Info:    Font shape `JT1/mc/m/n' will be
(Font)              scaled to size 19.9311pt on input line 160.
LaTeX Font Info:    Font shape `JY1/mc/m/n' will be
(Font)              scaled to size 19.9311pt on input line 160.
LaTeX Font Info:    Font shape `T1/ntxtlf/m/n' will be
(Font)              scaled to size 20.74pt on input line 160.
LaTeX Font Info:    Font shape `JT1/gt/m/n' will be
(Font)              scaled to size 19.9311pt on input line 160.
LaTeX Font Info:    Font shape `JY1/gt/m/n' will be
(Font)              scaled to size 19.9311pt on input line 160.
LaTeX Font Info:    Font shape `T1/qhv/m/n' will be
(Font)              scaled to size 18.66588pt on input line 160.
(./thms/chapter_1_1.tex
LaTeX Font Info:    Font shape `JT1/mc/m/n' will be
(Font)              scaled to size 13.83836pt on input line 1.
LaTeX Font Info:    Font shape `JY1/mc/m/n' will be
(Font)              scaled to size 13.83836pt on input line 1.
LaTeX Font Info:    Font shape `T1/ntxtlf/m/n' will be
(Font)              scaled to size 14.4pt on input line 1.
LaTeX Font Info:    Font shape `JT1/gt/m/n' will be
(Font)              scaled to size 13.83836pt on input line 1.
LaTeX Font Info:    Font shape `JY1/gt/m/n' will be
(Font)              scaled to size 13.83836pt on input line 1.
LaTeX Font Info:    Font shape `T1/qhv/m/n' will be
(Font)              scaled to size 12.9599pt on input line 1.


LaTeX Font Warning: Font shape `OT1/cmr/m/n' in size <10.5> not available
(Font)              size <10.95> substituted on input line 1.

LaTeX Font Info:    Font shape `JY1/mc/m/n' will be
(Font)              scaled to size 10.09048pt on input line 1.
LaTeX Font Info:    Font shape `JY1/mc/m/n' will be
(Font)              scaled to size 7.59187pt on input line 1.

LaTeX Font Warning: Font shape `U/rsfs/m/n' in size <10.5> not available
(Font)              size <10.95> substituted on input line 1.


LaTeX Font Warning: Font shape `U/lasy/m/n' in size <10.5> not available
(Font)              size <10.95> substituted on input line 1.


LaTeX Font Warning: Font shape `OT1/cmr/m/n' in size <5.5> not available
(Font)              size <5> substituted on input line 3.

LaTeX Font Info:    Font shape `JY1/mc/m/n' will be
(Font)              scaled to size 7.01529pt on input line 3.
LaTeX Font Info:    Font shape `JY1/mc/m/n' will be
(Font)              scaled to size 5.28549pt on input line 3.

LaTeX Font Warning: Font shape `U/rsfs/m/n' in size <5.5> not available
(Font)              size <5> substituted on input line 3.


LaTeX Font Warning: Font shape `U/lasy/m/n' in size <5.5> not available
(Font)              size <5> substituted on input line 3.


LaTeX Font Warning: Font shape `OT1/cmr/b/n' in size <5.5> not available
(Font)              size <5> substituted on input line 13.

LaTeX Font Info:    Font shape `JY1/gt/m/n' will be
(Font)              scaled to size 7.01529pt on input line 13.
LaTeX Font Info:    Font shape `JY1/gt/m/n' will be
(Font)              scaled to size 5.28549pt on input line 13.

LaTeX Warning: Citation `key2' on page 1 undefined on input line 30.

[1



] (I search kanjifont definition file: . . ) (I search font definition file:
. . . . . . . . . . )
LaTeX Font Info:    Try loading font information for T1+ntxsups on input line 8
6.
 (c:/w32tex/share/texmf-dist/tex/latex/newtx/t1ntxsups.fd
File: t1ntxsups.fd 2015/01/17 v1.0
)
LaTeX Font Info:    Font shape `T1/ntxsups/m/n' will be
(Font)              scaled to size 10.0pt on input line 86.
LaTeX Font Info:    Font shape `T1/ntxtlf/m/n' will be
(Font)              scaled to size 8.0pt on input line 86.
LaTeX Font Info:    Font shape `T1/ntxsups/m/n' will be
(Font)              scaled to size 8.0pt on input line 86.
LaTeX Font Info:    Font shape `JY1/mc/m/n' will be
(Font)              scaled to size 5.95818pt on input line 87.
LaTeX Font Info:    Font shape `JY1/gt/m/n' will be
(Font)              scaled to size 7.68799pt on input line 87.
LaTeX Font Info:    Font shape `JY1/gt/m/n' will be
(Font)              scaled to size 5.95818pt on input line 87.
[2]

LaTeX Warning: Reference `thm:Borel_algebra_of_products_of_second_countable_spa
ces' on page 3 undefined on input line 137.

[3] [4]) (./thms/chapter_1_2.tex [5]

LaTeX Warning: Citation `key3' on page 6 undefined on input line 43.

[6] [7] [8] [9] [10] [11]

LaTeX Warning: Reference `lem:Fubini_lemma_1' on page 12 undefined on input lin
e 482.


LaTeX Warning: Reference `lem:Fubini_lemma_1' on page 12 undefined on input lin
e 482.


Overfull \hbox (1.90585pt too wide) in paragraph at lines 507--512
[]\JY1/gt/m/n/10 Ë®ºÊòé\T1/ntxtlf/m/n/10 . []$\LMS/ntxsy/m/n/10 ª\OT1/cmr/m/n/10 
0\OML/ntxmi/m/it/10 ; t\LMS/ntxsy/m/n/10 º ^^B \U/ntxmia/m/it/10 
 \LMS/ntxsy/m/n/10 3 π\OML/ntxmi/m/it/10 s; !\LMS/ntxsy/m/n/10 ∫ 7[][]! \OML/nt
xmi/m/it/10 f\LMS/ntxsy/m/n/10 π\OML/ntxmi/m/it/10 s; X[]\LMS/ntxsy/m/n/10 π\OM
L/ntxmi/m/it/10 !\LMS/ntxsy/m/n/10 ∫∫$ \JY1/mc/m/n/10 „Åå $\U/rsfs/m/n/10 B\LMS/
ntxsy/m/n/10 πª\OT1/cmr/m/n/10 0\OML/ntxmi/m/it/10 ; t\LMS/ntxsy/m/n/10 º∫ 
 \U/rsfs/m/n/10 F[]\LMS/ntxsy/m/n/10 ÊãøU/rsfs/m/n/10 B\LMS/ntxsy/m/n/10 π\OT1/c
mr/b/n/10 R\LMS/ntxsy/m/n/10 ∫$\T1/ntxtlf/m/n/10 -\JY1/mc/m/n/10 ÂèØÊ∏¨„Åß„ÅÇ„Çå„Å∞ 
Ôºå \T1/ntxtlf/m/n/10 Fuini \JY1/mc/m/n/10 „ÅÆÂÆöÁêÜ„Çà„Çä $[]$
 []

[12] [13] [14]) (./thms/chapter_1_3_A.tex
LaTeX Font Info:    Font shape `JT1/gt/m/n' will be
(Font)              scaled to size 11.53198pt on input line 2.
LaTeX Font Info:    Font shape `JY1/gt/m/n' will be
(Font)              scaled to size 11.53198pt on input line 2.
LaTeX Font Info:    Font shape `T1/qhv/m/n' will be
(Font)              scaled to size 10.79993pt on input line 2.
 [15] [16] [17] [18] [19] [20]
[21] [22]
Overfull \hbox (45.55852pt too wide) detected at line 575
[]
 []


Overfull \hbox (22.19252pt too wide) in paragraph at lines 575--575
 [] 
 []

[23]
LaTeX Font Info:    Font shape `JT1/mc/m/n' will be
(Font)              scaled to size 7.01529pt on input line 645.
LaTeX Font Info:    Font shape `T1/ntxtlf/m/n' will be
(Font)              scaled to size 7.3pt on input line 645.
 [24] [25]) (./thms/chapter_1_3_B.tex [26] [27] [28] [29]

LaTeX Warning: Reference `lem:uniformly_integrability_and_conditional_expectati
ons' on page 30 undefined on input line 289.

) (./thms/chapter_1_3_C.tex [30] [31] [32] [33]
Overfull \hbox (22.39304pt too wide) in paragraph at lines 236--242
[]$\LMS/ntxsy/m/n/10 π\OML/ntxmi/m/it/10 S[]\LMS/ntxsy/m/n/10 ∫[]\OML/ntxmi/m/i
t/10 ; \LMS/ntxsy/m/n/10 π\OML/ntxmi/m/it/10 T[]\LMS/ntxsy/m/n/10 ∫[]$ \JY1/mc/
m/n/10 „ÅØÂçòË™øÊ∏õÂ∞ëÂàó„Åß„ÅÇ„Çã„Åã„Çâ $[][]$ „Å® $[][]$ „ÇÇÂçòË™øÊ∏õÂ∞ëÂàó„Åß„ÅÇ„Çä Ôºå $[]$
 []


LaTeX Warning: Reference `lem:uniformly_integrable_and_convergence_in_mean' on 
page 34 undefined on input line 254.

[34]
Underfull \hbox (badness 5771) in paragraph at lines 336--338
[]\T1/ntxtlf/m/n/10 If $\OML/ntxmi/m/it/10 X \U/ntxmia/m/it/10 = []$ \T1/ntxtlf
/m/n/10 is a right-continuous sub-martin-gale, then so is $[] \U/ntxmia/m/it/10
 =
 []


Underfull \hbox (badness 1264) in paragraph at lines 338--341
[]$[] \U/ntxmia/m/it/10 = []$ \T1/ntxtlf/m/n/10 is a right-continuous sub-marti
n-gale, with $[] \U/ntxmia/m/it/10 = \OT1/cmr/m/n/10 0$[][][]\T1/ntxtlf/m/n/10 
, then $\OML/ntxmi/m/it/10 X \U/ntxmia/m/it/10 =
 []

[35] [36]
Underfull \hbox (badness 10000) in paragraph at lines 549--552
[]\T1/ntxtlf/m/n/10 Let $[]$ be a con-tin-u-ous, non-neg-a-tive su-per-martin-g
ale and $\OML/ntxmi/m/it/10 T \U/ntxmia/m/it/10 =
 []

[37]) (./thms/chapter_1_4.tex
Underfull \hbox (badness 10000) in paragraph at lines 590--1

 []

[38] [39] [40] [41]

LaTeX Warning: Reference `lem:Fubini_lemma_1' on page 42 undefined on input lin
e 298.


LaTeX Warning: Reference `lem:Fubini_lemma_1' on page 42 undefined on input lin
e 298.

[42]

LaTeX Warning: Reference `lem:measurability_metric_space' on page 43 undefined 
on input line 336.

[43]
Underfull \hbox (badness 1052) in paragraph at lines 433--436
\T1/ntxtlf/m/n/10 suggested by the Doob-Meyer de-com-po-si-tion, where $[]$ is 
a mar-tin-gale and
 []

[44]

LaTeX Warning: Reference `lem:uniformly_integrability_and_conditional_expectati
ons' on page 45 undefined on input line 473.


LaTeX Warning: Reference `lem:uniformly_integrability_and_conditional_expectati
ons' on page 45 undefined on input line 474.

[45]

LaTeX Warning: Reference `thm:properties_of_conditional_expectations' on page 4
6 undefined on input line 509.

[46] [47] [48]

LaTeX Warning: Reference `lem:uniformly_integrability_and_conditional_expectati
ons' on page 49 undefined on input line 738.

[49]

LaTeX Warning: Reference `thm:appendix_uniform_integrability_equivalence' on pa
ge 50 undefined on input line 827.

[50] [51]

LaTeX Warning: Reference `lem:uniformly_integrable_and_convergence_in_mean' on 
page 52 undefined on input line 953.

[52] [53] [54] [55]

LaTeX Warning: Reference `thm:convergence_in_measure_then_convergence_almost_ev
erywhere' on page 56 undefined on input line 1218.

[56] [57] [58]) (./thms/chapter_1_5.tex [59] [60] [61] [62] [63] [64]

LaTeX Warning: Reference `lem:uniformly_integrable_and_convergence_in_mean' on 
page 65 undefined on input line 380.

[65]

LaTeX Warning: Reference `thm:Lp_banach' on page 66 undefined on input line 444
.

) [66]
Á¨¨2Á´†
(./thms/chapter_2_1.tex [67

] [68]) (./thms/chapter_2_2_A.tex [69] [70] [71])
(./thms/chapter_2_2_B.tex [72] [73]
Underfull \hbox (badness 10000) detected at line 128
[]$[]$[]
 []

) (./thms/chapter_2_4.tex
Underfull \hbox (badness 10000) in paragraph at lines 128--1

 []


LaTeX Font Warning: Font shape `OT1/cmr/b/n' in size <10.5> not available
(Font)              size <10.95> substituted on input line 1.

LaTeX Font Info:    Font shape `JY1/gt/m/n' will be
(Font)              scaled to size 10.09048pt on input line 1.
LaTeX Font Info:    Font shape `JY1/gt/m/n' will be
(Font)              scaled to size 7.59187pt on input line 1.

LaTeX Warning: Reference `thm:appendix_complete_separability_of_spaces_of_conti
nuous_functions' on page 74 undefined on input line 9.

[74] [75] Excluding 'comment' comment.) (./thms/chapter_2_4_A.tex [76] [77]
[78]) [79]
‰ªòÈå≤A
(./thms/set_theory.tex [80

] [81]) (./thms/topology.tex [82] [83] [84] [85]
[86]
LaTeX Font Info:    Try loading font information for TS1+ntxtlf on input line 4
38.
 (c:/w32tex/share/texmf-dist/tex/latex/newtx/ts1ntxtlf.fd
File: ts1ntxtlf.fd 2015/01/18 v1.0 fd file for TS1/ntxtlf
)
LaTeX Font Info:    Font shape `TS1/ntxtlf/m/n' will be
(Font)              scaled to size 10.0pt on input line 438.
 [87]

LaTeX Warning: Reference `eq:thm_the_equivalent_condition_of_separatedness' on 
page 88 undefined on input line 489.


LaTeX Warning: Reference `eq:thm_the_equivalent_condition_of_separatedness' on 
page 88 undefined on input line 490.

[88]

LaTeX Warning: Reference `eq:thm_Hausdorff_space_two_disjoint_compact_sets_are_
separated_by_nbh_1' on page 89 undefined on input line 603.

[89]

LaTeX Warning: Reference `eq:thm_each_point_in_regular_space_has_closesd_local_
base' on page 90 undefined on input line 682.

[90]

LaTeX Warning: Reference `thm:Urysohn_lemma' on page 91 undefined on input line
 777.

[91]

LaTeX Warning: Reference `eq:thm_countable_base_of_second_countable_space_1' on
 page 92 undefined on input line 844.


LaTeX Warning: Reference `eq:thm_countable_base_of_second_countable_space_2' on
 page 92 undefined on input line 862.


LaTeX Warning: Reference `eq:thm_countable_base_of_second_countable_space_3' on
 page 92 undefined on input line 863.

[92]

LaTeX Warning: Reference `thm:countable_base_of_second_countable_space' on page
 93 undefined on input line 895.

[93]

LaTeX Warning: Reference `thm:quotient_space_Hausdorff_iff_diagonal_set_closed'
 on page 94 undefined on input line 1013.

) (./thms/metric_spaces.tex [94]

LaTeX Warning: Reference `eq:thm_pseudometric_is_metric_iff_T_0' on page 95 und
efined on input line 84.

[95]

LaTeX Warning: Reference `thm:continuity_of_pseudometrics' on page 96 undefined
 on input line 122.


LaTeX Warning: Reference `thm:pseudometric_is_metric_iff_T_0' on page 96 undefi
ned on input line 127.

[96]

LaTeX Warning: Reference `eq:thm_Baire_category_theorem_1' on page 97 undefined
 on input line 224.

[97]

LaTeX Warning: Reference `eq:thm_Baire_category_theorem_1' on page 98 undefined
 on input line 240.


LaTeX Warning: Reference `thm:each_point_in_regular_space_has_closesd_local_bas
e' on page 98 undefined on input line 249.


LaTeX Warning: Reference `thm:T_2_equals_to_T_3_in_locally_compact_spaces' on p
age 98 undefined on input line 250.


LaTeX Warning: Reference `eq:thm_Baire_category_theorem_2' on page 98 undefined
 on input line 251.


LaTeX Warning: Reference `thm:Cantor_intersection_theorem' on page 98 undefined
 on input line 262.

[98]

LaTeX Warning: Reference `lem:image_of_closure_is_closure_of_image' on page 99 
undefined on input line 344.

) (./thms/net.tex) (./thms/connected_spaces.tex [99]) (./thms/metrizability.tex

LaTeX Warning: Reference `eq:thm_heredity_of_metrizability' on page 100 undefin
ed on input line 47.


LaTeX Warning: Reference `eq:thm_heredity_of_metrizability' on page 100 undefin
ed on input line 53.


LaTeX Warning: Reference `projective_injective_image_preimage' on page 100 unde
fined on input line 70.


LaTeX Warning: Reference `eq:thm_heredity_of_metrizability_2' on page 100 undef
ined on input line 71.

[100]

LaTeX Warning: Reference `eq:thm_heredity_of_metrizability_2' on page 101 undef
ined on input line 77.


LaTeX Warning: Reference `eq:thm_Nagata_Smirnov_metrizability_2' on page 101 un
defined on input line 144.


LaTeX Warning: Reference `eq:thm_Nagata_Smirnov_metrizability_1' on page 101 un
defined on input line 149.

[101]) (./thms/topological_vector_space.tex

LaTeX Warning: Reference `eq:thm_tvs_T_3_space' on page 102 undefined on input 
line 43.


LaTeX Warning: Reference `thm:multivariable_continuous_mapping_is_one_variable_
continuous' on page 102 undefined on input line 65.


LaTeX Warning: Reference `thm:continuity_of_translations_multiples' on page 102
 undefined on input line 80.

[102]

LaTeX Warning: Reference `def:topological_vector_space' on page 103 undefined o
n input line 166.

[103]

LaTeX Warning: Reference `thm:continuity_of_translations_multiples' on page 104
 undefined on input line 193.


LaTeX Warning: Reference `thm:connected_path_connected' on page 104 undefined o
n input line 200.

[104] [105] [106]) (./thms/measure.tex
Underfull \hbox (badness 10000) in paragraph at lines 433--1

 []

[107]

LaTeX Warning: Reference `eq:lem_approximation_of_countably_valued_mappings_on_
dist_space' on page 108 undefined on input line 95.


LaTeX Warning: Reference `thm:perfectly_normal_Hausdorff_is_normal_and_closed_i
s_G_delta' on page 108 undefined on input line 110.

[108]

LaTeX Warning: Reference `eq:lem_measurability_metric_space' on page 109 undefi
ned on input line 130.


LaTeX Warning: Reference `eq:appendix_Lebesgue_expansion_note_1' on page 109 un
defined on input line 164.


LaTeX Warning: Reference `lem:approximation_of_countably_valued_mappings_on_dis
t_space' on page 109 undefined on input line 170.

[109]

LaTeX Warning: Reference `thm:Cantor_intersection_theorem' on page 110 undefine
d on input line 231.


LaTeX Warning: Reference `thm:equivalent_conditions_of_countable_additivity' on
 page 110 undefined on input line 281.

[110]

LaTeX Warning: Reference `eq:thm_forming_finitely_additive_class_1' on page 111
 undefined on input line 361.


LaTeX Warning: Reference `eq:thm_forming_finitely_additive_class_2' on page 111
 undefined on input line 362.


LaTeX Warning: Reference `eq:thm_forming_finitely_additive_class_3' on page 111
 undefined on input line 363.


LaTeX Warning: Reference `eq:thm_forming_finitely_additive_class_4' on page 111
 undefined on input line 369.

[111] [112]

LaTeX Warning: Reference `eq:thm_Caratheodory_extension_theorem' on page 113 un
defined on input line 444.


LaTeX Warning: Reference `def:outer_measure' on page 113 undefined on input lin
e 467.

[113]

LaTeX Warning: Reference `thm:outer_measure_finitely_additive_measure' on page 
114 undefined on input line 541.


LaTeX Warning: Reference `eq:appendix_finite_additive_measure_expansion_1' on p
age 114 undefined on input line 560.


LaTeX Warning: Reference `thm:Caratheodory_extension_theorem' on page 114 undef
ined on input line 579.


LaTeX Warning: Reference `thm:outer_measure_finitely_additive_measure' on page 
114 undefined on input line 584.

[114]

LaTeX Warning: Reference `eq:appendix_finite_additive_measure_expansion_1' on p
age 115 undefined on input line 594.


LaTeX Warning: Reference `eq:appendix_finite_additive_measure_expansion_3' on p
age 115 undefined on input line 614.

[115]

LaTeX Warning: Reference `eq:appendix_finite_additive_measure_expansion_4' on p
age 116 undefined on input line 665.


LaTeX Warning: Reference `eq:appendix_finite_additive_measure_expansion_5' on p
age 116 undefined on input line 672.

[116]

LaTeX Warning: Reference `eq:lem1_for_chap_1_exercise_1_8_1' on page 117 undefi
ned on input line 791.

[117]

LaTeX Warning: Reference `thm:forming_finitely_additive_class' on page 118 unde
fined on input line 817.


LaTeX Warning: Reference `thm:identity_theorem_of_measures' on page 118 undefin
ed on input line 884.


LaTeX Warning: Reference `eq:thm_product_space_of_complete_measure_space_1' on 
page 118 undefined on input line 885.

[118]

LaTeX Warning: Reference `eq:thm_product_space_of_complete_measure_space_2' on 
page 119 undefined on input line 922.


LaTeX Warning: Reference `eq:thm_product_space_of_complete_measure_space_2' on 
page 119 undefined on input line 930.


LaTeX Warning: Reference `eq:thm_product_space_of_complete_measure_space_1' on 
page 119 undefined on input line 941.


LaTeX Warning: Reference `eq:thm_product_space_of_complete_measure_space_3' on 
page 119 undefined on input line 968.

) (./thms/integration.tex [119] [120] [121] [122]

LaTeX Warning: Reference `eq:thm_mean_value_of_integral_and_closed_set' on page
 123 undefined on input line 226.

[123] [124]) (./thms/Stieltjes_integral.tex
LaTeX Font Info:    Font shape `JY1/gt/m/n' will be
(Font)              scaled to size 8.45679pt on input line 2.
LaTeX Font Info:    Font shape `JY1/gt/m/n' will be
(Font)              scaled to size 6.34259pt on input line 2.


LaTeX Warning: Reference `thm:forming_finitely_additive_class' on page 125 unde
fined on input line 19.


LaTeX Warning: Reference `thm:forming_finitely_additive_class' on page 125 unde
fined on input line 29.

[125]

LaTeX Warning: Reference `thm:compact_class_Haudorff' on page 126 undefined on 
input line 80.


LaTeX Warning: Reference `thm:compact_class_intersection' on page 126 undefined
 on input line 82.


LaTeX Warning: Reference `thm:equivalent_conditions_of_countable_additivity' on
 page 126 undefined on input line 83.


LaTeX Warning: Reference `thm:Caratheodory_extension_theorem' on page 126 undef
ined on input line 90.


LaTeX Warning: Reference `thm:outer_measure_finitely_additive_measure' on page 
126 undefined on input line 90.


LaTeX Warning: Reference `thm:appendix_Kolmogorov_Hopf' on page 126 undefined o
n input line 98.


LaTeX Warning: Reference `thm:Borel_algebra_of_relative_topology' on page 126 u
ndefined on input line 131.

[126]

LaTeX Warning: Reference `eq:thm_uniqueness_of_Borel_Stieltjes_measure' on page
 127 undefined on input line 154.

) (./thms/Fubini_theorem.tex
Underfull \hbox (badness 10000) in paragraph at lines 176--1

 []

[127] [128]

LaTeX Warning: Reference `eq:lem_Fubini_theorem_1' on page 129 undefined on inp
ut line 134.

[129]

LaTeX Warning: Reference `eq:Fubini_theorem_n_variables_1' on page 130 undefine
d on input line 235.

[130]) (./thms/Lp_space.tex

LaTeX Warning: Reference `ineq:holder' on page 131 undefined on input line 50.


LaTeX Warning: Reference `lem:holder_inequality' on page 131 undefined on input
 line 54.

[131]

LaTeX Warning: Reference `ineq:holder' on page 132 undefined on input line 64.


LaTeX Warning: Reference `ineq:holder' on page 132 undefined on input line 75.


LaTeX Warning: Reference `ineq:holder' on page 132 undefined on input line 101.



LaTeX Warning: Reference `ineq:minkowski' on page 132 undefined on input line 1
18.


LaTeX Warning: Reference `lem:holder_inequality' on page 132 undefined on input
 line 123.


LaTeX Warning: Reference `ineq:minkowski' on page 132 undefined on input line 1
31.

[132]

LaTeX Warning: Reference `ineq:minkowski' on page 133 undefined on input line 1
37.


LaTeX Warning: Reference `Minkowski_1' on page 133 undefined on input line 156.



LaTeX Warning: Reference `ineq:minkowski' on page 133 undefined on input line 1
56.

[133] [134]

LaTeX Warning: Reference `lem:holder_inequality' on page 135 undefined on input
 line 318.


LaTeX Warning: Reference `ineq:Lp_banach_2' on page 135 undefined on input line
 331.

[135]

LaTeX Warning: Reference `ineq:Lp_banach_3' on page 136 undefined on input line
 368.


LaTeX Warning: Reference `ineq:Lp_banach_2' on page 136 undefined on input line
 395.

[136]) (./thms/complex_measures.tex [137]

LaTeX Warning: Reference `radon_nikodym_1' on page 138 undefined on input line 
46.


LaTeX Warning: Reference `thm:total_variation_measure' on page 138 undefined on
 input line 47.


LaTeX Warning: Reference `thm:total_variation_measure_bounded' on page 138 unde
fined on input line 47.


LaTeX Warning: Reference `radon_nikodym_3' on page 138 undefined on input line 
51.


LaTeX Warning: Reference `radon_nikodym_3' on page 138 undefined on input line 
66.


LaTeX Warning: Reference `radon_nikodym_3' on page 138 undefined on input line 
72.

[138] [139]

LaTeX Warning: Reference `lem:total_variation_measure_bounded' on page 140 unde
fined on input line 167.

[140]

LaTeX Warning: Reference `eq:thm_complex_measure_finite_splits' on page 141 und
efined on input line 244.


LaTeX Warning: Reference `eq:thm_complex_measure_finite_splits' on page 141 und
efined on input line 249.

[141] [142] [143]

LaTeX Warning: Reference `thm:mean_value_of_integral_and_closed_set' on page 14
4 undefined on input line 486.


LaTeX Warning: Reference `thm:mean_value_of_integral_and_closed_set' on page 14
4 undefined on input line 534.


LaTeX Warning: Reference `thm:Lp_banach' on page 144 undefined on input line 54
6.

[144]

LaTeX Warning: Reference `thm:Baire_category_theorem' on page 145 undefined on 
input line 585.


LaTeX Warning: Reference `thm:integrable_intvalue_uniformly_shrinking' on page 
145 undefined on input line 612.

[145]

LaTeX Warning: Reference `eq:thm_Vitali_Hahn_Saks_2' on page 146 undefined on i
nput line 639.


LaTeX Warning: Reference `eq:thm_dual_space_of_L_p_asseretion_2' on page 146 un
defined on input line 684.

[146]

LaTeX Warning: Reference `eq:thm_dual_space_of_L_p_1' on page 147 undefined on 
input line 691.

[147]

LaTeX Warning: Reference `eq:thm_dual_space_of_L_p_2' on page 148 undefined on 
input line 788.


LaTeX Warning: Reference `eq:thm_dual_space_of_L_p_7' on page 148 undefined on 
input line 794.


LaTeX Warning: Reference `eq:thm_dual_space_of_L_p_8' on page 148 undefined on 
input line 795.


LaTeX Warning: Reference `eq:thm_dual_space_of_L_p_3' on page 148 undefined on 
input line 807.


LaTeX Warning: Reference `eq:thm_dual_space_of_L_p_asseretion_2' on page 148 un
defined on input line 808.


LaTeX Warning: Reference `eq:thm_dual_space_of_L_p_2' on page 148 undefined on 
input line 814.

[148]

LaTeX Warning: Reference `eq:thm_dual_space_of_L_p_2' on page 149 undefined on 
input line 834.


LaTeX Warning: Reference `eq:thm_dual_space_of_L_p_2' on page 149 undefined on 
input line 854.


LaTeX Warning: Reference `eq:thm_dual_space_of_L_p_3' on page 149 undefined on 
input line 867.


LaTeX Warning: Reference `eq:thm_dual_space_of_L_p_4' on page 149 undefined on 
input line 867.


LaTeX Warning: Reference `eq:thm_dual_space_of_L_p_5' on page 149 undefined on 
input line 868.


LaTeX Warning: Reference `lem:Lebesgue_Radon_Nikodym' on page 149 undefined on 
input line 875.

[149]

LaTeX Warning: Reference `eq:thm_dual_space_of_L_p_6' on page 150 undefined on 
input line 937.

) (./thms/integration_wrt_complex_measures.tex [150]

LaTeX Warning: Reference `thm:mean_value_of_integral_and_closed_set' on page 15
1 undefined on input line 28.


LaTeX Warning: Reference `thm:polar_decomposition_of_complex_measures' on page 
151 undefined on input line 73.

[151] [152]

LaTeX Warning: Reference `thm:linearity_of_integral_respect_to_complex_measure'
 on page 153 undefined on input line 167.

) (./thms/complex_analysis.tex
Underfull \hbox (badness 10000) in paragraph at lines 182--1

 []

[153]) (./thms/Radon_Nikodym_theorem.tex) (./thms/conditional_expectations.tex

LaTeX Warning: Reference `thm:mean_value_of_integral_and_closed_set' on page 15
4 undefined on input line 27.

[154]

LaTeX Warning: Reference `eq:prp_properties_of_expanded_conditional_expectation
_1' on page 155 undefined on input line 109.

[155]

LaTeX Warning: Reference `eq:thm_properties_of_conditional_expectations_1' on p
age 156 undefined on input line 207.

[156]

LaTeX Warning: Reference `eq:thm_properties_of_conditional_expectations_2' on p
age 157 undefined on input line 222.


LaTeX Warning: Reference `eq:thm_properties_of_conditional_expectations_1' on p
age 157 undefined on input line 227.


LaTeX Warning: Reference `eq:thm_properties_of_conditional_expectations_4' on p
age 157 undefined on input line 242.


LaTeX Warning: Reference `eq:thm_properties_of_conditional_expectations_2' on p
age 157 undefined on input line 256.


LaTeX Warning: Reference `eq:thm_properties_of_conditional_expectations_3' on p
age 157 undefined on input line 268.

) (./thms/conditional_measures.tex
Underfull \hbox (badness 10000) in paragraph at lines 288--1

 []

[157]) (./thms/uniform_integrability.tex
Underfull \hbox (badness 10000) in paragraph at lines 76--1

 []

[158]

LaTeX Warning: Reference `eq:thm_appendix_uniform_integrability_equivalence_1' 
on page 159 undefined on input line 39.


LaTeX Warning: Reference `eq:thm_appendix_uniform_integrability_equivalence_2' 
on page 159 undefined on input line 53.


LaTeX Warning: Reference `eq:thm_appendix_uniform_integrability_equivalence_2' 
on page 159 undefined on input line 61.

[159]

LaTeX Warning: Reference `thm:properties_of_conditional_expectations' on page 1
60 undefined on input line 110.

) (./thms/topology_of_space_of_continuous_functions.tex [160]

LaTeX Warning: Reference `thm:second_countable_Hausdorff_sigma_compact' on page
 161 undefined on input line 42.


LaTeX Warning: Reference `eq:distance_in_spaces_of_continuous_functions_2' on p
age 161 undefined on input line 54.

[161]

LaTeX Warning: Reference `eq:completeness_and_separability_of_space_of_continuo
us_functions_5' on page 162 undefined on input line 151.


LaTeX Warning: Reference `eq:completeness_and_separability_of_space_of_continuo
us_functions_6' on page 162 undefined on input line 153.

[162]

LaTeX Warning: Reference `eq:completeness_and_separability_of_space_of_continuo
us_functions_5' on page 163 undefined on input line 172.


LaTeX Warning: Reference `eq:completeness_and_separability_of_space_of_continuo
us_functions_1' on page 163 undefined on input line 175.


LaTeX Warning: Reference `eq:distance_in_spaces_of_continuous_functions_2' on p
age 163 undefined on input line 203.

[163]

LaTeX Warning: Reference `eq:completeness_and_separability_of_space_of_continuo
us_functions_4' on page 164 undefined on input line 250.


LaTeX Warning: Reference `eq:completeness_and_separability_of_space_of_continuo
us_functions_3' on page 164 undefined on input line 270.


LaTeX Warning: Reference `eq:completeness_and_separability_of_space_of_continuo
us_functions_4' on page 164 undefined on input line 276.


LaTeX Warning: Reference `eq:distance_in_spaces_of_continuous_functions_2' on p
age 164 undefined on input line 294.


LaTeX Warning: Reference `thm:separability_of_spaces_of_continuous_functions' o
n page 164 undefined on input line 301.


LaTeX Warning: Reference `thm:completeness_of_spaces_of_continuous_functions' o
n page 164 undefined on input line 302.


LaTeX Warning: Reference `eq:distance_in_spaces_of_continuous_functions_2' on p
age 164 undefined on input line 320.

[164]

LaTeX Warning: Reference `eq:thm_Ascoli_Arzela' on page 165 undefined on input 
line 360.

[165]

LaTeX Warning: Reference `eq:thm_Ascoli_Arzela_2' on page 166 undefined on inpu
t line 410.


LaTeX Warning: Reference `thm:second_countable_Hausdorff_sigma_compact' on page
 166 undefined on input line 414.


LaTeX Warning: Reference `eq:distance_in_spaces_of_continuous_functions' on pag
e 166 undefined on input line 420.

) (./thms/bibliography.tex [166]
LaTeX Font Info:    Try loading font information for T1+ntxtt on input line 4.

(c:/w32tex/share/texmf-dist/tex/latex/newtx/t1ntxtt.fd
File: t1ntxtt.fd 2012/04/20 v3.1
)
LaTeX Font Info:    Font shape `T1/ntxtt/m/n' will be
(Font)              scaled to size 10.0pt on input line 4.

Underfull \hbox (badness 10000) in paragraph at lines 6--7
[]\T1/ntxtlf/m/n/10 Mathematics Stack Ex-change, A ques-tion about stochas-tic 
pro-cesses and stop-
 []


Underfull \hbox (badness 10000) in paragraph at lines 6--7
\T1/ntxtlf/m/n/10 ping times, avail-able from $\T1/ntxtt/m/n/10 https : / / mat
h . stackexchange . com / questions / 84271 /
 []

) [167

]
No file Karatzas_Shreve_note.ind.
(./Karatzas_Shreve_note.aux)

LaTeX Font Warning: Size substitutions with differences
(Font)              up to 0.5pt have occurred.


LaTeX Warning: There were undefined references.


LaTeX Warning: Label(s) may have changed. Rerun to get cross-references right.

 ) 
Here is how much of TeX's memory you used:
 6116 strings out of 493249
 88992 string characters out of 6146370
 148039 words of memory out of 5000000
 9796 multiletter control sequences out of 15000+600000
 99429 words of font info for 223 fonts, out of 8000000 for 9000
 934 hyphenation exceptions out of 8191
 28i,20n,33p,926b,451s stack positions out of 5000i,500n,10000p,500000b,80000s

Output written on Karatzas_Shreve_note.dvi (169 pages, 954696 bytes).
