%このファイルは日本語文字を含みます.
\BOOKMARK [0][-]{chapter.1}{Martingales, Stopping Times, and Filtrations}{}% 1
\BOOKMARK [1][-]{section.1.1}{Stochastic Processes and -Fields}{chapter.1}% 2
\BOOKMARK [1][-]{section.1.2}{Stopping Times}{chapter.1}% 3
\BOOKMARK [1][-]{section.1.3}{Continuous Time Martingales}{chapter.1}% 4
\BOOKMARK [2][-]{subsection.1.3.1}{Fundamental Inequalities}{section.1.3}% 5
\BOOKMARK [2][-]{subsection.1.3.2}{Convergence Results}{section.1.3}% 6
\BOOKMARK [2][-]{subsection.1.3.3}{The Optional Sampling Theorem}{section.1.3}% 7
\BOOKMARK [1][-]{section.1.4}{The Doob-Meyer Decomposition}{chapter.1}% 8
\BOOKMARK [1][-]{section.1.5}{Continuous, Square-Integrable Martingales}{chapter.1}% 9
\BOOKMARK [0][-]{chapter.2}{Brownian Motion}{}% 10
\BOOKMARK [1][-]{section.2.1}{The Consistency Theorem}{chapter.2}% 11
\BOOKMARK [1][-]{section.2.2}{The Kolmogorov-Centsov Theorem}{chapter.2}% 12
\BOOKMARK [1][-]{section.2.3}{The Space C[0,\), Weak Convergence, and the Wiener Measure}{chapter.2}% 13
\BOOKMARK [1][-]{section.2.4}{Weak Convergence}{chapter.2}% 14
\BOOKMARK [1][-]{section.2.5}{Tightness}{chapter.2}% 15
\BOOKMARK [1][-]{section.2.6}{Convergence of Finite-Dimensional Distributions}{chapter.2}% 16
\BOOKMARK [1][-]{section.2.7}{The Invariance Principle and the Wiener Measure}{chapter.2}% 17
\BOOKMARK [0][-]{chapter.3}{集合論理}{}% 18
\BOOKMARK [1][-]{section.3.1}{言語}{chapter.3}% 19
\BOOKMARK [2][-]{subsection.3.1.1}{式の書き換え}{section.3.1}% 20
\BOOKMARK [2][-]{subsection.3.1.2}{対}{section.3.1}% 21
\BOOKMARK [2][-]{subsection.3.1.3}{合併}{section.3.1}% 22
\BOOKMARK [2][-]{subsection.3.1.4}{交叉}{section.3.1}% 23
\BOOKMARK [2][-]{subsection.3.1.5}{関係}{section.3.1}% 24
\BOOKMARK [2][-]{subsection.3.1.6}{順序数}{section.3.1}% 25
\BOOKMARK [2][-]{subsection.3.1.7}{再帰的定義}{section.3.1}% 26
\BOOKMARK [2][-]{subsection.3.1.8}{整礎集合}{section.3.1}% 27
\BOOKMARK [1][-]{section.3.2}{数}{chapter.3}% 28
\BOOKMARK [2][-]{subsection.3.2.1}{数の構成の一時的なメモ置き場}{section.3.2}% 29
\BOOKMARK [3][-]{section*.2}{商集合の算法}{subsection.3.2.1}% 30
\BOOKMARK [3][-]{section*.3}{同型定理}{subsection.3.2.1}% 31
\BOOKMARK [3][-]{section*.4}{算法の移し方}{subsection.3.2.1}% 32
\BOOKMARK [3][-]{section*.5}{整数}{subsection.3.2.1}% 33
\BOOKMARK [3][-]{section*.6}{有理数}{subsection.3.2.1}% 34
\BOOKMARK [3][-]{section*.7}{実数}{subsection.3.2.1}% 35
\BOOKMARK [3][-]{section*.8}{複素数}{subsection.3.2.1}% 36
\BOOKMARK [2][-]{subsection.3.2.2}{整数}{section.3.2}% 37
\BOOKMARK [2][-]{subsection.3.2.3}{有理数}{section.3.2}% 38
\BOOKMARK [2][-]{subsection.3.2.4}{実数}{section.3.2}% 39
\BOOKMARK [2][-]{subsection.3.2.5}{イデアル}{section.3.2}% 40
\BOOKMARK [2][-]{subsection.3.2.6}{多項式環}{section.3.2}% 41
\BOOKMARK [2][-]{subsection.3.2.7}{素元分解}{section.3.2}% 42
\BOOKMARK [2][-]{subsection.3.2.8}{複素数}{section.3.2}% 43
\BOOKMARK [1][-]{section.3.3}{選択公理}{chapter.3}% 44
\BOOKMARK [1][-]{section.3.4}{基数}{chapter.3}% 45
\BOOKMARK [2][-]{subsection.3.4.1}{}{section.3.4}% 46
\BOOKMARK [1][-]{section.3.5}{位相メモ}{chapter.3}% 47
\BOOKMARK [2][-]{subsection.3.5.1}{位相}{section.3.5}% 48
\BOOKMARK [2][-]{subsection.3.5.2}{分離公理}{section.3.5}% 49
\BOOKMARK [2][-]{subsection.3.5.3}{可算公理}{section.3.5}% 50
\BOOKMARK [2][-]{subsection.3.5.4}{商位相}{section.3.5}% 51
\BOOKMARK [2][-]{subsection.3.5.5}{有向点族}{section.3.5}% 52
\BOOKMARK [2][-]{subsection.3.5.6}{一様空間}{section.3.5}% 53
\BOOKMARK [2][-]{subsection.3.5.7}{距離空間}{section.3.5}% 54
\BOOKMARK [2][-]{subsection.3.5.8}{範疇定理}{section.3.5}% 55
\BOOKMARK [2][-]{subsection.3.5.9}{連結性}{section.3.5}% 56
\BOOKMARK [1][-]{section.3.6}{位相線型空間}{chapter.3}% 57
\BOOKMARK [2][-]{subsection.3.6.1}{線型位相}{section.3.6}% 58
\BOOKMARK [2][-]{subsection.3.6.2}{局所凸空間}{section.3.6}% 59
\BOOKMARK [2][-]{subsection.3.6.3}{商空間の位相}{section.3.6}% 60
\BOOKMARK [2][-]{subsection.3.6.4}{位相双対空間}{section.3.6}% 61
\BOOKMARK [1][-]{section.3.7}{測度}{chapter.3}% 62
\BOOKMARK [2][-]{subsection.3.7.1}{Lebesgue拡大}{section.3.7}% 63
\BOOKMARK [2][-]{subsection.3.7.2}{コンパクトクラス}{section.3.7}% 64
\BOOKMARK [2][-]{subsection.3.7.3}{Dynkin族定理}{section.3.7}% 65
\BOOKMARK [2][-]{subsection.3.7.4}{上限下限}{section.3.7}% 66
\BOOKMARK [2][-]{subsection.3.7.5}{有限加法的測度の拡張}{section.3.7}% 67
\BOOKMARK [2][-]{subsection.3.7.6}{Kolmogorovの拡張定理}{section.3.7}% 68
\BOOKMARK [2][-]{subsection.3.7.7}{Kolmogorovの連続変形定理}{section.3.7}% 69
\BOOKMARK [1][-]{section.3.8}{積分}{chapter.3}% 70
\BOOKMARK [2][-]{subsection.3.8.1}{積分}{section.3.8}% 71
\BOOKMARK [2][-]{subsection.3.8.2}{関数列の収束}{section.3.8}% 72
\BOOKMARK [2][-]{subsection.3.8.3}{Radon測度}{section.3.8}% 73
\BOOKMARK [1][-]{section.3.9}{Stieltjes積分}{chapter.3}% 74
\BOOKMARK [2][-]{subsection.3.9.1}{Rd上のStieltjes測度}{section.3.9}% 75
\BOOKMARK [2][-]{subsection.3.9.2}{任意の区間上のStieltjes測度}{section.3.9}% 76
\BOOKMARK [2][-]{subsection.3.9.3}{Stieltjes積分}{section.3.9}% 77
\BOOKMARK [1][-]{section.3.10}{Fubiniの定理}{chapter.3}% 78
\BOOKMARK [1][-]{section.3.11}{Lp空間}{chapter.3}% 79
\BOOKMARK [1][-]{section.3.12}{複素測度}{chapter.3}% 80
\BOOKMARK [1][-]{section.3.13}{複素測度に関する積分}{chapter.3}% 81
\BOOKMARK [2][-]{subsection.3.13.1}{極分解}{section.3.13}% 82
\BOOKMARK [1][-]{section.3.14}{複素解析}{chapter.3}% 83
\BOOKMARK [2][-]{subsection.3.14.1}{正則関数}{section.3.14}% 84
\BOOKMARK [2][-]{subsection.3.14.2}{解析関数}{section.3.14}% 85
\BOOKMARK [2][-]{subsection.3.14.3}{複素積分}{section.3.14}% 86
\BOOKMARK [1][-]{section.3.15}{条件付き期待値}{chapter.3}% 87
\BOOKMARK [1][-]{section.3.16}{正則条件付複素測度}{chapter.3}% 88
\BOOKMARK [1][-]{section.3.17}{一様可積分性}{chapter.3}% 89
\BOOKMARK [1][-]{section.3.18}{距離空間上の連続写像}{chapter.3}% 90
\BOOKMARK [2][-]{subsection.3.18.1}{広義一様収束を定める距離}{section.3.18}% 91
\BOOKMARK [2][-]{subsection.3.18.2}{正規族}{section.3.18}% 92
\BOOKMARK [1][-]{section.3.19}{確率過程}{chapter.3}% 93
\BOOKMARK [1][-]{section.3.20}{Gauss過程}{chapter.3}% 94
\BOOKMARK [1][-]{section.3.21}{可予測過程}{chapter.3}% 95
\BOOKMARK [1][-]{section.3.22}{確率積分}{chapter.3}% 96
\BOOKMARK [0][-]{chapter.4}{証明のページ}{}% 97
\BOOKMARK [1][-]{section.4.1}{集合論理}{chapter.4}% 98
\BOOKMARK [2][-]{subsection.4.1.1}{関係}{section.4.1}% 99
\BOOKMARK [0][-]{chapter*.9}{参考文献}{}% 100
\BOOKMARK [0][-]{chapter*.9}{索引}{}% 101
\BOOKMARK [0][-]{chapter.5}{}{}% 102
\BOOKMARK [1][-]{section.5.1}{使用文字}{chapter.5}% 103
