%このファイルは日本語文字を含みます.
\BOOKMARK [0][-]{chapter.1}{Martingales, Stopping Times, and Filtrations}{}% 1
\BOOKMARK [1][-]{section.1.1}{Stochastic Processes and -Fields}{chapter.1}% 2
\BOOKMARK [1][-]{section.1.2}{Stopping Times}{chapter.1}% 3
\BOOKMARK [1][-]{section.1.3}{Continuous Time Martingales}{chapter.1}% 4
\BOOKMARK [2][-]{subsection.1.3.1}{Fundamental Inequalities}{section.1.3}% 5
\BOOKMARK [2][-]{subsection.1.3.2}{Convergence Results}{section.1.3}% 6
\BOOKMARK [2][-]{subsection.1.3.3}{The Optional Sampling Theorem}{section.1.3}% 7
\BOOKMARK [1][-]{section.1.4}{The Doob-Meyer Decomposition}{chapter.1}% 8
\BOOKMARK [1][-]{section.1.5}{Continuous, Square-Integrable Martingales}{chapter.1}% 9
\BOOKMARK [0][-]{chapter.2}{Brownian Motion}{}% 10
\BOOKMARK [1][-]{section.2.1}{The Consistency Theorem}{chapter.2}% 11
\BOOKMARK [1][-]{section.2.2}{The Kolmogorov-Centsov Theorem}{chapter.2}% 12
\BOOKMARK [1][-]{section.2.3}{The Space C[0,\), Weak Convergence, and the Wiener Measure}{chapter.2}% 13
\BOOKMARK [1][-]{section.2.4}{Weak Convergence}{chapter.2}% 14
\BOOKMARK [1][-]{section.2.5}{Tightness}{chapter.2}% 15
\BOOKMARK [1][-]{section.2.6}{Convergence of Finite-Dimensional Distributions}{chapter.2}% 16
\BOOKMARK [1][-]{section.2.7}{The Invariance Principle and the Wiener Measure}{chapter.2}% 17
\BOOKMARK [0][-]{appendix.A}{集合論理}{}% 18
\BOOKMARK [1][-]{section.A.1}{言語}{appendix.A}% 19
\BOOKMARK [1][-]{section.A.2}{推論}{appendix.A}% 20
\BOOKMARK [1][-]{section.A.3}{相等性}{appendix.A}% 21
\BOOKMARK [1][-]{section.A.4}{構造的帰納法}{appendix.A}% 22
\BOOKMARK [1][-]{section.A.5}{対}{appendix.A}% 23
\BOOKMARK [1][-]{section.A.6}{合併}{appendix.A}% 24
\BOOKMARK [1][-]{section.A.7}{交叉}{appendix.A}% 25
\BOOKMARK [1][-]{section.A.8}{冪}{appendix.A}% 26
\BOOKMARK [1][-]{section.A.9}{関係}{appendix.A}% 27
\BOOKMARK [1][-]{section.A.10}{順序数}{appendix.A}% 28
\BOOKMARK [1][-]{section.A.11}{無限}{appendix.A}% 29
\BOOKMARK [1][-]{section.A.12}{超限帰納法}{appendix.A}% 30
\BOOKMARK [1][-]{section.A.13}{再帰的定義}{appendix.A}% 31
\BOOKMARK [1][-]{section.A.14}{整礎集合}{appendix.A}% 32
\BOOKMARK [0][-]{appendix.B}{数}{}% 33
\BOOKMARK [1][-]{section.B.1}{加法}{appendix.B}% 34
\BOOKMARK [1][-]{section.B.2}{乗法}{appendix.B}% 35
\BOOKMARK [1][-]{section.B.3}{数の構成の一時的なメモ置き場}{appendix.B}% 36
\BOOKMARK [2][-]{subsection.B.3.1}{商集合の算法}{section.B.3}% 37
\BOOKMARK [2][-]{subsection.B.3.2}{同型定理}{section.B.3}% 38
\BOOKMARK [2][-]{subsection.B.3.3}{算法の移し方}{section.B.3}% 39
\BOOKMARK [2][-]{subsection.B.3.4}{整数}{section.B.3}% 40
\BOOKMARK [2][-]{subsection.B.3.5}{有理数}{section.B.3}% 41
\BOOKMARK [2][-]{subsection.B.3.6}{実数}{section.B.3}% 42
\BOOKMARK [2][-]{subsection.B.3.7}{イデアル}{section.B.3}% 43
\BOOKMARK [2][-]{subsection.B.3.8}{主環}{section.B.3}% 44
\BOOKMARK [2][-]{subsection.B.3.9}{多項式環}{section.B.3}% 45
\BOOKMARK [2][-]{subsection.B.3.10}{単拡大}{section.B.3}% 46
\BOOKMARK [2][-]{subsection.B.3.11}{複素数}{section.B.3}% 47
\BOOKMARK [1][-]{section.B.4}{半群}{appendix.B}% 48
\BOOKMARK [1][-]{section.B.5}{同値類}{appendix.B}% 49
\BOOKMARK [1][-]{section.B.6}{整数}{appendix.B}% 50
\BOOKMARK [1][-]{section.B.7}{有理数}{appendix.B}% 51
\BOOKMARK [1][-]{section.B.8}{実数}{appendix.B}% 52
\BOOKMARK [1][-]{section.B.9}{イデアル}{appendix.B}% 53
\BOOKMARK [1][-]{section.B.10}{多項式環}{appendix.B}% 54
\BOOKMARK [1][-]{section.B.11}{素元分解}{appendix.B}% 55
\BOOKMARK [1][-]{section.B.12}{複素数}{appendix.B}% 56
\BOOKMARK [0][-]{appendix.C}{基数メモ}{}% 57
\BOOKMARK [1][-]{section.C.1}{選択公理}{appendix.C}% 58
\BOOKMARK [1][-]{section.C.2}{基数}{appendix.C}% 59
\BOOKMARK [1][-]{section.C.3}{累乗}{appendix.C}% 60
\BOOKMARK [0][-]{appendix.D}{位相メモ}{}% 61
\BOOKMARK [1][-]{section.D.1}{位相}{appendix.D}% 62
\BOOKMARK [1][-]{section.D.2}{分離公理}{appendix.D}% 63
\BOOKMARK [1][-]{section.D.3}{可算公理}{appendix.D}% 