This is e-pTeX, Version 3.14159265-p3.7-160201-2.6 (utf8.sjis) (TeX Live 2016/W32TeX) (preloaded format=platex 2016.7.14)  24 APR 2019 07:48
entering extended mode
 restricted \write18 enabled.
 %&-line parsing enabled.
**./mathematics_note.tex
(./mathematics_note.tex
pLaTeX2e <2016/07/01> (based on LaTeX2e <2016/03/31> patch level 2)
Babel <3.9r> and hyphenation patterns for 83 language(s) loaded.
(c:/texlive/2016/texmf-dist/tex/platex/jsclasses/jsbook.cls
Document Class: jsbook 2014/02/07 okumura
LaTeX Info: Redefining \rmfamily on input line 359.
LaTeX Info: Redefining \sffamily on input line 362.
LaTeX Info: Redefining \ttfamily on input line 365.
\symmincho=\mathgroup4
LaTeX Font Info:    Overwriting symbol font `mincho' in version `bold'
(Font)                  JY1/mc/m/n --> JY1/gt/m/n on input line 430.
LaTeX Font Info:    Font shape `JT1/mc/m/n' will be
(Font)              scaled to size 9.60999pt on input line 620.
LaTeX Font Info:    Font shape `JY1/mc/m/n' will be
(Font)              scaled to size 9.60999pt on input line 620.
\fullwidth=\dimen118
LaTeX Font Info:    Font shape `JT1/mc/m/n' will be
(Font)              scaled to size 7.68799pt on input line 775.
LaTeX Font Info:    Font shape `JY1/mc/m/n' will be
(Font)              scaled to size 7.68799pt on input line 775.
\c@part=\count81
\c@chapter=\count82
\c@section=\count83
\c@subsection=\count84
\c@subsubsection=\count85
\c@paragraph=\count86
\c@subparagraph=\count87
\c@figure=\count88
\c@table=\count89
\abovecaptionskip=\skip41
\belowcaptionskip=\skip42
\js@tocl@width=\dimen119
\@lnumwidth=\dimen120
\bibindent=\dimen121
LaTeX Info: Redefining \TeX on input line 1815.
LaTeX Info: Redefining \LaTeX on input line 1841.
LaTeX Info: Redefining \LaTeXe on input line 1866.
\heisei=\count90
) (c:/texlive/2016/texmf-dist/tex/latex/amsmath/amsmath.sty
Package: amsmath 2016/06/28 v2.15d AMS math features
\@mathmargin=\skip43

For additional information on amsmath, use the `?' option.
(c:/texlive/2016/texmf-dist/tex/latex/amsmath/amstext.sty
Package: amstext 2000/06/29 v2.01 AMS text

(c:/texlive/2016/texmf-dist/tex/latex/amsmath/amsgen.sty
File: amsgen.sty 1999/11/30 v2.0 generic functions
\@emptytoks=\toks15
\ex@=\dimen122
))
(c:/texlive/2016/texmf-dist/tex/latex/amsmath/amsbsy.sty
Package: amsbsy 1999/11/29 v1.2d Bold Symbols
\pmbraise@=\dimen123
)
(c:/texlive/2016/texmf-dist/tex/latex/amsmath/amsopn.sty
Package: amsopn 2016/03/08 v2.02 operator names
)
\inf@bad=\count91
LaTeX Info: Redefining \frac on input line 199.
\uproot@=\count92
\leftroot@=\count93
LaTeX Info: Redefining \overline on input line 297.
\classnum@=\count94
\DOTSCASE@=\count95
LaTeX Info: Redefining \ldots on input line 394.
LaTeX Info: Redefining \dots on input line 397.
LaTeX Info: Redefining \cdots on input line 518.
\Mathstrutbox@=\box41
\strutbox@=\box42
\big@size=\dimen124
LaTeX Font Info:    Redeclaring font encoding OML on input line 634.
LaTeX Font Info:    Redeclaring font encoding OMS on input line 635.
\macc@depth=\count96
\c@MaxMatrixCols=\count97
\dotsspace@=\muskip10
\c@parentequation=\count98
\dspbrk@lvl=\count99
\tag@help=\toks16
\row@=\count100
\column@=\count101
\maxfields@=\count102
\andhelp@=\toks17
\eqnshift@=\dimen125
\alignsep@=\dimen126
\tagshift@=\dimen127
\tagwidth@=\dimen128
\totwidth@=\dimen129
\lineht@=\dimen130
\@envbody=\toks18
\multlinegap=\skip44
\multlinetaggap=\skip45
\mathdisplay@stack=\toks19
LaTeX Info: Redefining \[ on input line 2739.
LaTeX Info: Redefining \] on input line 2740.
)
(c:/texlive/2016/texmf-dist/tex/latex/amsfonts/amssymb.sty
Package: amssymb 2013/01/14 v3.01 AMS font symbols

(c:/texlive/2016/texmf-dist/tex/latex/amsfonts/amsfonts.sty
Package: amsfonts 2013/01/14 v3.01 Basic AMSFonts support
\symAMSa=\mathgroup5
\symAMSb=\mathgroup6
LaTeX Font Info:    Overwriting math alphabet `\mathfrak' in version `bold'
(Font)                  U/euf/m/n --> U/euf/b/n on input line 106.
))
(c:/texlive/2016/texmf-dist/tex/latex/amscls/amsthm.sty
Package: amsthm 2015/03/04 v2.20.2
\thm@style=\toks20
\thm@bodyfont=\toks21
\thm@headfont=\toks22
\thm@notefont=\toks23
\thm@headpunct=\toks24
\thm@preskip=\skip46
\thm@postskip=\skip47
\thm@headsep=\skip48
\dth@everypar=\toks25
)
(c:/texlive/2016/texmf-dist/tex/latex/base/makeidx.sty
Package: makeidx 2014/09/29 v1.0m Standard LaTeX package
)
\@indexfile=\write3
\openout3 = `mathematics_note.idx'.


Writing index file mathematics_note.idx
(c:/texlive/2016/texmf-dist/tex/latex/newpx/newpxmath.sty
Package: newpxmath 2016/02/11 v1.295

`newpxmath' v1.295, 2016/02/11 Math macros based on pxfonts (msharpe)
(c:/texlive/2016/texmf-dist/tex/generic/kastrup/binhex.tex)
(c:/texlive/2016/texmf-dist/tex/latex/xkeyval/xkeyval.sty
Package: xkeyval 2014/12/03 v2.7a package option processing (HA)

(c:/texlive/2016/texmf-dist/tex/generic/xkeyval/xkeyval.tex
(c:/texlive/2016/texmf-dist/tex/generic/xkeyval/xkvutils.tex
\XKV@toks=\toks26
\XKV@tempa@toks=\toks27

(c:/texlive/2016/texmf-dist/tex/generic/xkeyval/keyval.tex))
\XKV@depth=\count103
File: xkeyval.tex 2014/12/03 v2.7a key=value parser (HA)
))
\px@Isdigit=\count104
LaTeX Font Info:    Redeclaring symbol font `operators' on input line 63.
LaTeX Font Info:    Overwriting symbol font `operators' in version `normal'
(Font)                  OT1/cmr/m/n --> OT1/cmr/m/n on input line 63.
LaTeX Font Info:    Overwriting symbol font `operators' in version `bold'
(Font)                  OT1/cmr/bx/n --> OT1/cmr/m/n on input line 63.
LaTeX Font Info:    Overwriting symbol font `operators' in version `bold'
(Font)                  OT1/cmr/m/n --> OT1/cmr/b/n on input line 64.
LaTeX Font Info:    Redeclaring math alphabet \mathsf on input line 67.
LaTeX Font Info:    Overwriting math alphabet `\mathsf' in version `normal'
(Font)                  OT1/cmss/m/n --> OT1/cmss/m/n on input line 67.
LaTeX Font Info:    Overwriting math alphabet `\mathsf' in version `bold'
(Font)                  OT1/cmss/bx/n --> OT1/cmss/m/n on input line 67.
LaTeX Font Info:    Redeclaring math alphabet \mathit on input line 68.
LaTeX Font Info:    Overwriting math alphabet `\mathit' in version `normal'
(Font)                  OT1/cmr/m/it --> OT1/cmr/m/it on input line 68.
LaTeX Font Info:    Overwriting math alphabet `\mathit' in version `bold'
(Font)                  OT1/cmr/bx/it --> OT1/cmr/m/it on input line 68.
LaTeX Font Info:    Redeclaring math alphabet \mathtt on input line 69.
LaTeX Font Info:    Overwriting math alphabet `\mathtt' in version `normal'
(Font)                  OT1/cmtt/m/n --> OT1/cmtt/m/n on input line 69.
LaTeX Font Info:    Overwriting math alphabet `\mathtt' in version `bold'
(Font)                  OT1/cmtt/m/n --> OT1/cmtt/m/n on input line 69.
LaTeX Font Info:    Redeclaring math alphabet \mathbf on input line 71.
LaTeX Font Info:    Overwriting math alphabet `\mathbf' in version `normal'
(Font)                  OT1/cmr/bx/n --> OT1/cmr/b/n on input line 71.
LaTeX Font Info:    Overwriting math alphabet `\mathbf' in version `bold'
(Font)                  OT1/cmr/bx/n --> OT1/cmr/b/n on input line 71.
LaTeX Font Info:    Overwriting math alphabet `\mathit' in version `bold'
(Font)                  OT1/cmr/m/it --> OT1/cmr/b/it on input line 72.
LaTeX Font Info:    Overwriting math alphabet `\mathsf' in version `bold'
(Font)                  OT1/cmss/m/n --> OT1/cmss/b/n on input line 74.
LaTeX Font Info:    Overwriting math alphabet `\mathtt' in version `bold'
(Font)                  OT1/cmtt/m/n --> OT1/cmtt/b/n on input line 75.
LaTeX Font Info:    Redeclaring symbol font `letters' on input line 86.
LaTeX Font Info:    Overwriting symbol font `letters' in version `normal'
(Font)                  OML/cmm/m/it --> OML/npxmi/m/it on input line 86.
LaTeX Font Info:    Overwriting symbol font `letters' in version `bold'
(Font)                  OML/cmm/b/it --> OML/npxmi/m/it on input line 86.
LaTeX Font Info:    Overwriting symbol font `letters' in version `bold'
(Font)                  OML/npxmi/m/it --> OML/npxmi/b/it on input line 87.
\symlettersA=\mathgroup7
LaTeX Font Info:    Overwriting symbol font `lettersA' in version `bold'
(Font)                  U/npxmia/m/it --> U/npxmia/b/it on input line 94.
LaTeX Font Info:    Redeclaring math alphabet \mathfrak on input line 96.
LaTeX Font Info:    Redeclaring symbol font `symbols' on input line 103.
LaTeX Font Info:    Overwriting symbol font `symbols' in version `normal'
(Font)                  OMS/cmsy/m/n --> OMS/npxsy/m/n on input line 103.
LaTeX Font Info:    Overwriting symbol font `symbols' in version `bold'
(Font)                  OMS/cmsy/b/n --> OMS/npxsy/m/n on input line 103.
LaTeX Font Info:    Overwriting symbol font `symbols' in version `bold'
(Font)                  OMS/npxsy/m/n --> OMS/npxsy/b/n on input line 104.
\symAMSm=\mathgroup8
LaTeX Font Info:    Overwriting symbol font `AMSm' in version `bold'
(Font)                  U/npxsym/m/n --> U/npxsym/b/n on input line 123.
\symsymbolsC=\mathgroup9
LaTeX Font Info:    Overwriting symbol font `symbolsC' in version `bold'
(Font)                  U/npxsyc/m/n --> U/npxsyc/b/n on input line 145.
LaTeX Font Info:    Redeclaring symbol font `largesymbols' on input line 165.
LaTeX Font Info:    Encoding `OMX' has changed to `LMX' for symbol font
(Font)              `largesymbols' in the math version `normal' on input line 1
65.
LaTeX Font Info:    Overwriting symbol font `largesymbols' in version `normal'
(Font)                  OMX/cmex/m/n --> LMX/npxexx/m/n on input line 165.
LaTeX Font Info:    Encoding `OMX' has changed to `LMX' for symbol font
(Font)              `largesymbols' in the math version `bold' on input line 165
.
LaTeX Font Info:    Overwriting symbol font `largesymbols' in version `bold'
(Font)                  OMX/cmex/m/n --> LMX/npxexx/m/n on input line 165.
LaTeX Font Info:    Overwriting symbol font `largesymbols' in version `bold'
(Font)                  LMX/npxexx/m/n --> LMX/npxexx/b/n on input line 166.
\symlargesymbolsPXA=\mathgroup10
LaTeX Font Info:    Overwriting symbol font `largesymbolsPXA' in version `bold'

(Font)                  U/npxexa/m/n --> U/npxexa/b/n on input line 181.
LaTeX Info: Redefining \not on input line 1480.
LaTeX Info: Redefining \textsquare on input line 1501.
LaTeX Info: Redefining \openbox on input line 1503.
)
(c:/texlive/2016/texmf-dist/tex/latex/newpx/newpxtext.sty
Package: newpxtext 2016/02/11 v1.295

`newpxtext' v1.295, 2016/02/11 Text macros taking advantage of TeXGyre Pagella 
and its extensions (msharpe)
(c:/texlive/2016/texmf-dist/tex/latex/fontaxes/fontaxes.sty
Package: fontaxes 2014/03/23 v1.0d Font selection axes
LaTeX Info: Redefining \upshape on input line 29.
LaTeX Info: Redefining \itshape on input line 31.
LaTeX Info: Redefining \slshape on input line 33.
LaTeX Info: Redefining \scshape on input line 37.
)
(c:/texlive/2016/texmf-dist/tex/latex/etoolbox/etoolbox.sty
Package: etoolbox 2015/08/02 v2.2a e-TeX tools for LaTeX (JAW)
\etb@tempcnta=\count105
)
(c:/texlive/2016/texmf-dist/tex/latex/base/fontenc.sty
Package: fontenc 2016/06/19 v1.99m Standard LaTeX package

(c:/texlive/2016/texmf-dist/tex/latex/base/t1enc.def
File: t1enc.def 2016/06/19 v1.99m Standard LaTeX file
LaTeX Font Info:    Redeclaring font encoding T1 on input line 48.
))
(c:/texlive/2016/texmf-dist/tex/latex/base/textcomp.sty
Package: textcomp 2016/06/19 v1.99m Standard LaTeX package
Package textcomp Info: Sub-encoding information:
(textcomp)               5 = only ISO-Adobe without \textcurrency
(textcomp)               4 = 5 + \texteuro
(textcomp)               3 = 4 + \textohm
(textcomp)               2 = 3 + \textestimated + \textcurrency
(textcomp)               1 = TS1 - \textcircled - \t
(textcomp)               0 = TS1 (full)
(textcomp)             Font families with sub-encoding setting implement
(textcomp)             only a restricted character set as indicated.
(textcomp)             Family '?' is the default used for unknown fonts.
(textcomp)             See the documentation for details.
Package textcomp Info: Setting ? sub-encoding to TS1/1 on input line 79.

(c:/texlive/2016/texmf-dist/tex/latex/base/ts1enc.def
File: ts1enc.def 2001/06/05 v3.0e (jk/car/fm) Standard LaTeX file
)
LaTeX Info: Redefining \oldstylenums on input line 334.
Package textcomp Info: Setting cmr sub-encoding to TS1/0 on input line 349.
Package textcomp Info: Setting cmss sub-encoding to TS1/0 on input line 350.
Package textcomp Info: Setting cmtt sub-encoding to TS1/0 on input line 351.
Package textcomp Info: Setting cmvtt sub-encoding to TS1/0 on input line 352.
Package textcomp Info: Setting cmbr sub-encoding to TS1/0 on input line 353.
Package textcomp Info: Setting cmtl sub-encoding to TS1/0 on input line 354.
Package textcomp Info: Setting ccr sub-encoding to TS1/0 on input line 355.
Package textcomp Info: Setting ptm sub-encoding to TS1/4 on input line 356.
Package textcomp Info: Setting pcr sub-encoding to TS1/4 on input line 357.
Package textcomp Info: Setting phv sub-encoding to TS1/4 on input line 358.
Package textcomp Info: Setting ppl sub-encoding to TS1/3 on input line 359.
Package textcomp Info: Setting pag sub-encoding to TS1/4 on input line 360.
Package textcomp Info: Setting pbk sub-encoding to TS1/4 on input line 361.
Package textcomp Info: Setting pnc sub-encoding to TS1/4 on input line 362.
Package textcomp Info: Setting pzc sub-encoding to TS1/4 on input line 363.
Package textcomp Info: Setting bch sub-encoding to TS1/4 on input line 364.
Package textcomp Info: Setting put sub-encoding to TS1/5 on input line 365.
Package textcomp Info: Setting uag sub-encoding to TS1/5 on input line 366.
Package textcomp Info: Setting ugq sub-encoding to TS1/5 on input line 367.
Package textcomp Info: Setting ul8 sub-encoding to TS1/4 on input line 368.
Package textcomp Info: Setting ul9 sub-encoding to TS1/4 on input line 369.
Package textcomp Info: Setting augie sub-encoding to TS1/5 on input line 370.
Package textcomp Info: Setting dayrom sub-encoding to TS1/3 on input line 371.
Package textcomp Info: Setting dayroms sub-encoding to TS1/3 on input line 372.

Package textcomp Info: Setting pxr sub-encoding to TS1/0 on input line 373.
Package textcomp Info: Setting pxss sub-encoding to TS1/0 on input line 374.
Package textcomp Info: Setting pxtt sub-encoding to TS1/0 on input line 375.
Package textcomp Info: Setting txr sub-encoding to TS1/0 on input line 376.
Package textcomp Info: Setting txss sub-encoding to TS1/0 on input line 377.
Package textcomp Info: Setting txtt sub-encoding to TS1/0 on input line 378.
Package textcomp Info: Setting lmr sub-encoding to TS1/0 on input line 379.
Package textcomp Info: Setting lmdh sub-encoding to TS1/0 on input line 380.
Package textcomp Info: Setting lmss sub-encoding to TS1/0 on input line 381.
Package textcomp Info: Setting lmssq sub-encoding to TS1/0 on input line 382.
Package textcomp Info: Setting lmvtt sub-encoding to TS1/0 on input line 383.
Package textcomp Info: Setting lmtt sub-encoding to TS1/0 on input line 384.
Package textcomp Info: Setting qhv sub-encoding to TS1/0 on input line 385.
Package textcomp Info: Setting qag sub-encoding to TS1/0 on input line 386.
Package textcomp Info: Setting qbk sub-encoding to TS1/0 on input line 387.
Package textcomp Info: Setting qcr sub-encoding to TS1/0 on input line 388.
Package textcomp Info: Setting qcs sub-encoding to TS1/0 on input line 389.
Package textcomp Info: Setting qpl sub-encoding to TS1/0 on input line 390.
Package textcomp Info: Setting qtm sub-encoding to TS1/0 on input line 391.
Package textcomp Info: Setting qzc sub-encoding to TS1/0 on input line 392.
Package textcomp Info: Setting qhvc sub-encoding to TS1/0 on input line 393.
Package textcomp Info: Setting futs sub-encoding to TS1/4 on input line 394.
Package textcomp Info: Setting futx sub-encoding to TS1/4 on input line 395.
Package textcomp Info: Setting futj sub-encoding to TS1/4 on input line 396.
Package textcomp Info: Setting hlh sub-encoding to TS1/3 on input line 397.
Package textcomp Info: Setting hls sub-encoding to TS1/3 on input line 398.
Package textcomp Info: Setting hlst sub-encoding to TS1/3 on input line 399.
Package textcomp Info: Setting hlct sub-encoding to TS1/5 on input line 400.
Package textcomp Info: Setting hlx sub-encoding to TS1/5 on input line 401.
Package textcomp Info: Setting hlce sub-encoding to TS1/5 on input line 402.
Package textcomp Info: Setting hlcn sub-encoding to TS1/5 on input line 403.
Package textcomp Info: Setting hlcw sub-encoding to TS1/5 on input line 404.
Package textcomp Info: Setting hlcf sub-encoding to TS1/5 on input line 405.
Package textcomp Info: Setting pplx sub-encoding to TS1/3 on input line 406.
Package textcomp Info: Setting pplj sub-encoding to TS1/3 on input line 407.
Package textcomp Info: Setting ptmx sub-encoding to TS1/4 on input line 408.
Package textcomp Info: Setting ptmj sub-encoding to TS1/4 on input line 409.
))
(c:/texlive/2016/texmf-dist/tex/latex/jknapltx/mathrsfs.sty
Package: mathrsfs 1996/01/01 Math RSFS package v1.0 (jk)
\symrsfs=\mathgroup11
)
(c:/texlive/2016/texmf-dist/tex/latex/mathtools/mathtools.sty
Package: mathtools 2015/11/12 v1.18 mathematical typesetting tools

(c:/texlive/2016/texmf-dist/tex/latex/tools/calc.sty
Package: calc 2014/10/28 v4.3 Infix arithmetic (KKT,FJ)
\calc@Acount=\count106
\calc@Bcount=\count107
\calc@Adimen=\dimen131
\calc@Bdimen=\dimen132
\calc@Askip=\skip49
\calc@Bskip=\skip50
LaTeX Info: Redefining \setlength on input line 80.
LaTeX Info: Redefining \addtolength on input line 81.
\calc@Ccount=\count108
\calc@Cskip=\skip51
)
(c:/texlive/2016/texmf-dist/tex/latex/mathtools/mhsetup.sty
Package: mhsetup 2010/01/21 v1.2a programming setup (MH)
)
LaTeX Info: Thecontrolsequence`\('isalreadyrobust on input line 129.
LaTeX Info: Thecontrolsequence`\)'isalreadyrobust on input line 129.
LaTeX Info: Thecontrolsequence`\['isalreadyrobust on input line 129.
LaTeX Info: Thecontrolsequence`\]'isalreadyrobust on input line 129.
\g_MT_multlinerow_int=\count109
\l_MT_multwidth_dim=\dimen133
\origjot=\skip52
\l_MT_shortvdotswithinadjustabove_dim=\dimen134
\l_MT_shortvdotswithinadjustbelow_dim=\dimen135
\l_MT_above_intertext_sep=\dimen136
\l_MT_below_intertext_sep=\dimen137
\l_MT_above_shortintertext_sep=\dimen138
\l_MT_below_shortintertext_sep=\dimen139
)
(c:/texlive/2016/texmf-dist/tex/latex/base/latexsym.sty
Package: latexsym 1998/08/17 v2.2e Standard LaTeX package (lasy symbols)
\symlasy=\mathgroup12
LaTeX Font Info:    Overwriting symbol font `lasy' in version `bold'
(Font)                  U/lasy/m/n --> U/lasy/b/n on input line 52.
)
(c:/texlive/2016/texmf-dist/tex/platex/base/ascmac.sty
Package: ascmac 2016/04/15 v2.0b ascmac wrapper (community edition) 

(c:/texlive/2016/texmf-dist/tex/platex/base/tascmac.sty
Package: tascmac 2016/04/15 v2.0b ascmac package (community edition) 
\@savetbaselineshift=\dimen140
\@saveybaselineshift=\dimen141
\scb@x=\box43
\scscb@x=\box44
\@bw=\dimen142
\@nbox=\box45
\@nbody=\box46
\@scw=\dimen143
\@itemh=\dimen144
\@iboxpos=\toks28
\@iboxstr=\box47
\@bwsp=\box48
\@@bwsp=\box49
\@bcal=\count110
\shaderule=\dimen145
))
(c:/texlive/2016/texmf-dist/tex/latex/oberdiek/centernot.sty
Package: centernot 2016/05/16 v1.4 Centers the not symbol horizontally (HO)
)
(c:/texlive/2016/texmf-dist/tex/latex/graphics/color.sty
Package: color 2016/06/02 v1.1d Standard LaTeX Color (DPC)

(c:/texlive/2016/texmf-dist/tex/latex/graphics-cfg/color.cfg
File: color.cfg 2016/01/02 v1.6 sample color configuration
)
Package color Info: Driver file: dvips.def on input line 147.

(c:/texlive/2016/texmf-dist/tex/latex/graphics/dvips.def
File: dvips.def 2016/06/17 v3.0m Driver-dependent file (DPC,SPQR)
)
(c:/texlive/2016/texmf-dist/tex/latex/graphics/dvipsnam.def
File: dvipsnam.def 2016/06/17 v3.0m Driver-dependent file (DPC,SPQR)
))
(c:/texlive/2016/texmf-dist/tex/latex/relsize/relsize.sty
Package: relsize 2013/03/29 ver 4.1
)
(c:/texlive/2016/texmf-dist/tex/latex/comment/comment.sty
\CommentStream=\write4

Excluding comment 'comment') (c:/texlive/2016/texmf-dist/tex/latex/url/url.sty
\Urlmuskip=\muskip11
Package: url 2013/09/16  ver 3.4  Verb mode for urls, etc.
) (c:/texlive/2016/texmf-dist/tex/generic/ulem/ulem.sty
\UL@box=\box50
\UL@hyphenbox=\box51
\UL@skip=\skip53
\UL@hook=\toks29
\UL@height=\dimen146
\UL@pe=\count111
\UL@pixel=\dimen147
\ULC@box=\box52
Package: ulem 2012/05/18
\ULdepth=\dimen148
)
(c:/texlive/2016/texmf-dist/tex/latex/hyperref/hyperref.sty
Package: hyperref 2016/06/24 v6.83q Hypertext links for LaTeX

(c:/texlive/2016/texmf-dist/tex/generic/oberdiek/hobsub-hyperref.sty
Package: hobsub-hyperref 2016/05/16 v1.14 Bundle oberdiek, subset hyperref (HO)


(c:/texlive/2016/texmf-dist/tex/generic/oberdiek/hobsub-generic.sty
Package: hobsub-generic 2016/05/16 v1.14 Bundle oberdiek, subset generic (HO)
Package: hobsub 2016/05/16 v1.14 Construct package bundles (HO)
Package: infwarerr 2016/05/16 v1.4 Providing info/warning/error messages (HO)
Package: ltxcmds 2016/05/16 v1.23 LaTeX kernel commands for general use (HO)
Package: ifluatex 2016/05/16 v1.4 Provides the ifluatex switch (HO)
Package ifluatex Info: LuaTeX not detected.
Package: ifvtex 2016/05/16 v1.6 Detect VTeX and its facilities (HO)
Package ifvtex Info: VTeX not detected.
Package: intcalc 2016/05/16 v1.2 Expandable calculations with integers (HO)
Package: ifpdf 2016/05/14 v3.1 Provides the ifpdf switch
Package: etexcmds 2016/05/16 v1.6 Avoid name clashes with e-TeX commands (HO)
Package etexcmds Info: Could not find \expanded.
(etexcmds)             That can mean that you are not using pdfTeX 1.50 or
(etexcmds)             that some package has redefined \expanded.
(etexcmds)             In the latter case, load this package earlier.
Package: kvsetkeys 2016/05/16 v1.17 Key value parser (HO)
Package: kvdefinekeys 2016/05/16 v1.4 Define keys (HO)
Package: pdftexcmds 2016/05/21 v0.22 Utility functions of pdfTeX for LuaTeX (HO
)
Package pdftexcmds Info: LuaTeX not detected.
Package pdftexcmds Info: pdfTeX >= 1.30 not detected.
Package pdftexcmds Info: \pdf@primitive is available.
Package pdftexcmds Info: \pdf@ifprimitive is available.
Package pdftexcmds Info: \pdfdraftmode not found.
Package: pdfescape 2016/05/16 v1.14 Implements pdfTeX's escape features (HO)
Package: bigintcalc 2016/05/16 v1.4 Expandable calculations on big integers (HO
)
Package: bitset 2016/05/16 v1.2 Handle bit-vector datatype (HO)
Package: uniquecounter 2016/05/16 v1.3 Provide unlimited unique counter (HO)
)
Package hobsub Info: Skipping package `hobsub' (already loaded).
Package: letltxmacro 2016/05/16 v1.5 Let assignment for LaTeX macros (HO)
Package: hopatch 2016/05/16 v1.3 Wrapper for package hooks (HO)
Package: xcolor-patch 2016/05/16 xcolor patch
Package: atveryend 2016/05/16 v1.9 Hooks at the very end of document (HO)
Package: atbegshi 2016/06/09 v1.18 At begin shipout hook (HO)
Package: refcount 2016/05/16 v3.5 Data extraction from label references (HO)
Package: hycolor 2016/05/16 v1.8 Color options for hyperref/bookmark (HO)
)
(c:/texlive/2016/texmf-dist/tex/generic/ifxetex/ifxetex.sty
Package: ifxetex 2010/09/12 v0.6 Provides ifxetex conditional
)
(c:/texlive/2016/texmf-dist/tex/latex/oberdiek/auxhook.sty
Package: auxhook 2016/05/16 v1.4 Hooks for auxiliary files (HO)
)
(c:/texlive/2016/texmf-dist/tex/latex/oberdiek/kvoptions.sty
Package: kvoptions 2016/05/16 v3.12 Key value format for package options (HO)
)
\@linkdim=\dimen149
\Hy@linkcounter=\count112
\Hy@pagecounter=\count113

(c:/texlive/2016/texmf-dist/tex/latex/hyperref/pd1enc.def
File: pd1enc.def 2016/06/24 v6.83q Hyperref: PDFDocEncoding definition (HO)
)
\Hy@SavedSpaceFactor=\count114

(c:/texlive/2016/texmf-dist/tex/latex/latexconfig/hyperref.cfg
File: hyperref.cfg 2002/06/06 v1.2 hyperref configuration of TeXLive
)
Package hyperref Info: Option `colorlinks' set `true' on input line 4362.
Package hyperref Info: Hyper figures OFF on input line 4486.
Package hyperref Info: Link nesting OFF on input line 4491.
Package hyperref Info: Hyper index ON on input line 4494.
Package hyperref Info: Plain pages OFF on input line 4501.
Package hyperref Info: Backreferencing OFF on input line 4506.
Package hyperref Info: Implicit mode ON; LaTeX internals redefined.
Package hyperref Info: Bookmarks ON on input line 4735.
\c@Hy@tempcnt=\count115
LaTeX Info: Redefining \url on input line 5088.
\XeTeXLinkMargin=\dimen150
\Fld@menulength=\count116
\Field@Width=\dimen151
\Fld@charsize=\dimen152
Package hyperref Info: Hyper figures OFF on input line 6342.
Package hyperref Info: Link nesting OFF on input line 6347.
Package hyperref Info: Hyper index ON on input line 6350.
Package hyperref Info: backreferencing OFF on input line 6357.
Package hyperref Info: Link coloring ON on input line 6360.
Package hyperref Info: Link coloring with OCG OFF on input line 6367.
Package hyperref Info: PDF/A mode OFF on input line 6372.
LaTeX Info: Redefining \ref on input line 6412.
LaTeX Info: Redefining \pageref on input line 6416.
\Hy@abspage=\count117
\c@Item=\count118
\c@Hfootnote=\count119
)

Package hyperref Message: Driver: hdvipdfm.

(c:/texlive/2016/texmf-dist/tex/latex/hyperref/hdvipdfm.def
File: hdvipdfm.def 2016/06/24 v6.83q Hyperref driver for dvipdfm
\pdfm@box=\box53
\c@Hy@AnnotLevel=\count120
\HyField@AnnotCount=\count121
\Fld@listcount=\count122
\c@bookmark@seq@number=\count123

(c:/texlive/2016/texmf-dist/tex/latex/oberdiek/rerunfilecheck.sty
Package: rerunfilecheck 2016/05/16 v1.8 Rerun checks for auxiliary files (HO)
Package uniquecounter Info: New unique counter `rerunfilecheck' on input line 2
82.
)
\Hy@SectionHShift=\skip54
)
(c:/texlive/2016/texmf-dist/tex/platex/pxjahyper/pxjahyper.sty
Package: pxjahyper 2012/05/27 v0.2
)
\c@thm=\count124
LaTeX Font Info:    Try loading font information for T1+zpltlf on input line 15
1.

(c:/texlive/2016/texmf-dist/tex/latex/newpx/t1zpltlf.fd
File: t1zpltlf.fd 2015/01/17 v1.0 font definition file for T1/zpl/tlf
)
LaTeX Font Info:    Font shape `T1/zpltlf/m/n' will be
(Font)              scaled to size 10.0pt on input line 151.


LaTeX Warning: Unused global option(s):
    [10.5pt].

(./mathematics_note.aux

LaTeX Warning: Label `eq:thm_dual_space_of_L_p_6' multiply defined.

)
\openout1 = `mathematics_note.aux'.

LaTeX Font Info:    Checking defaults for OML/npxmi/m/it on input line 151.
LaTeX Font Info:    Try loading font information for OML+npxmi on input line 15
1.
 (c:/texlive/2016/texmf-dist/tex/latex/newpx/omlnpxmi.fd
File: omlnpxmi.fd 2013/03/21 Fontinst v1.933 font definitions for OML/npxmi.
)
LaTeX Font Info:    ... okay on input line 151.
LaTeX Font Info:    Checking defaults for T1/cmr/m/n on input line 151.
LaTeX Font Info:    ... okay on input line 151.
LaTeX Font Info:    Checking defaults for OT1/cmr/m/n on input line 151.
LaTeX Font Info:    ... okay on input line 151.
LaTeX Font Info:    Checking defaults for OMS/npxsy/m/n on input line 151.
LaTeX Font Info:    Try loading font information for OMS+npxsy on input line 15
1.

(c:/texlive/2016/texmf-dist/tex/latex/newpx/omsnpxsy.fd
File: omsnpxsy.fd 2013/03/24 Fontinst v1.933 font definitions for OMS/npxsy.
)
LaTeX Font Info:    ... okay on input line 151.
LaTeX Font Info:    Checking defaults for OMX/cmex/m/n on input line 151.
LaTeX Font Info:    ... okay on input line 151.
LaTeX Font Info:    Checking defaults for U/npxexa/m/n on input line 151.
LaTeX Font Info:    Try loading font information for U+npxexa on input line 151
.

(c:/texlive/2016/texmf-dist/tex/latex/newpx/unpxexa.fd
File: unpxexa.fd 2013/03/24 Fontinst v1.933 font definitions for U/npxexa.
)
LaTeX Font Info:    ... okay on input line 151.
LaTeX Font Info:    Checking defaults for JY1/mc/m/n on input line 151.
LaTeX Font Info:    ... okay on input line 151.
LaTeX Font Info:    Checking defaults for JT1/mc/m/n on input line 151.
LaTeX Font Info:    ... okay on input line 151.
LaTeX Font Info:    Checking defaults for LMX/npxexx/m/n on input line 151.
LaTeX Font Info:    ... okay on input line 151.
LaTeX Font Info:    Checking defaults for TS1/cmr/m/n on input line 151.
LaTeX Font Info:    Try loading font information for TS1+cmr on input line 151.


(c:/texlive/2016/texmf-dist/tex/latex/base/ts1cmr.fd
File: ts1cmr.fd 2014/09/29 v2.5h Standard LaTeX font definitions
)
LaTeX Font Info:    ... okay on input line 151.
LaTeX Font Info:    Checking defaults for PD1/pdf/m/n on input line 151.
LaTeX Font Info:    ... okay on input line 151.

(I search kanjifont definition file: . . )
\c@mv@tabular=\count125
\c@mv@boldtabular=\count126

(c:/texlive/2016/texmf-dist/tex/latex/graphics/graphicx.sty
Package: graphicx 2014/10/28 v1.0g Enhanced LaTeX Graphics (DPC,SPQR)

(c:/texlive/2016/texmf-dist/tex/latex/graphics/graphics.sty
Package: graphics 2016/06/02 v1.0s Standard LaTeX Graphics (DPC,SPQR)

(c:/texlive/2016/texmf-dist/tex/latex/graphics/trig.sty
Package: trig 2016/01/03 v1.10 sin cos tan (DPC)
)
(c:/texlive/2016/texmf-dist/tex/latex/graphics-cfg/graphics.cfg
File: graphics.cfg 2016/06/04 v1.11 sample graphics configuration
)
Package graphics Info: Driver file: dvips.def on input line 99.
)
\Gin@req@height=\dimen153
\Gin@req@width=\dimen154
)
\AtBeginShipoutBox=\box54
Package hyperref Info: Link coloring ON on input line 151.

(c:/texlive/2016/texmf-dist/tex/latex/hyperref/nameref.sty
Package: nameref 2016/05/21 v2.44 Cross-referencing by name of section

(c:/texlive/2016/texmf-dist/tex/generic/oberdiek/gettitlestring.sty
Package: gettitlestring 2016/05/16 v1.5 Cleanup title references (HO)
)
\c@section@level=\count127
)
LaTeX Info: Redefining \ref on input line 151.
LaTeX Info: Redefining \pageref on input line 151.
LaTeX Info: Redefining \nameref on input line 151.

(./mathematics_note.out) (./mathematics_note.out)
\@outlinefile=\write5
\openout5 = `mathematics_note.out'.

LaTeX Font Info:    Font shape `JT1/mc/m/n' will be
(Font)              scaled to size 16.60605pt on input line 156.
LaTeX Font Info:    Font shape `JY1/mc/m/n' will be
(Font)              scaled to size 16.60605pt on input line 156.
LaTeX Font Info:    Font shape `T1/zpltlf/m/n' will be
(Font)              scaled to size 17.28pt on input line 156.
LaTeX Font Info:    Font shape `JT1/mc/m/n' will be
(Font)              scaled to size 11.53198pt on input line 156.
LaTeX Font Info:    Font shape `JY1/mc/m/n' will be
(Font)              scaled to size 11.53198pt on input line 156.
LaTeX Font Info:    Font shape `T1/zpltlf/m/n' will be
(Font)              scaled to size 12.0pt on input line 156.
LaTeX Font Info:    Font shape `JY1/mc/m/n' will be
(Font)              scaled to size 8.45679pt on input line 156.
LaTeX Font Info:    Font shape `JY1/mc/m/n' will be
(Font)              scaled to size 6.34259pt on input line 156.
LaTeX Font Info:    Try loading font information for U+msa on input line 156.

(c:/texlive/2016/texmf-dist/tex/latex/amsfonts/umsa.fd
File: umsa.fd 2013/01/14 v3.01 AMS symbols A
)
LaTeX Font Info:    Try loading font information for U+msb on input line 156.

(c:/texlive/2016/texmf-dist/tex/latex/amsfonts/umsb.fd
File: umsb.fd 2013/01/14 v3.01 AMS symbols B
)
LaTeX Font Info:    Try loading font information for U+npxmia on input line 156
.

(c:/texlive/2016/texmf-dist/tex/latex/newpx/unpxmia.fd
File: unpxmia.fd 2013/03/24 Fontinst v1.933 font definitions for U/npxmia.
)
LaTeX Font Info:    Try loading font information for U+npxsym on input line 156
.

(c:/texlive/2016/texmf-dist/tex/latex/newpx/unpxsym.fd
File: unpxsym.fd 2015/03/21 Fontinst v1.933 font definitions for U/npxsym.
)
LaTeX Font Info:    Try loading font information for U+npxsyc on input line 156
.

(c:/texlive/2016/texmf-dist/tex/latex/newpx/unpxsyc.fd
File: unpxsyc.fd 2013/03/24 Fontinst v1.933 font definitions for U/npxsyc.
)
LaTeX Font Info:    Try loading font information for U+rsfs on input line 156.

(c:/texlive/2016/texmf-dist/tex/latex/jknapltx/ursfs.fd
File: ursfs.fd 1998/03/24 rsfs font definition file (jk)
)
LaTeX Font Info:    Try loading font information for U+lasy on input line 156.

(c:/texlive/2016/texmf-dist/tex/latex/base/ulasy.fd
File: ulasy.fd 1998/08/17 v2.2e LaTeX symbol font definitions
) [1


] (./thms/foreword.tex)
LaTeX Font Info:    Font shape `JT1/gt/m/n' will be
(Font)              scaled to size 9.60999pt on input line 160.
LaTeX Font Info:    Font shape `JY1/gt/m/n' will be
(Font)              scaled to size 9.60999pt on input line 160.
LaTeX Font Info:    Try loading font information for T1+qhv on input line 160.

(c:/texlive/2016/texmf-dist/tex/latex/tex-gyre/t1qhv.fd
File: t1qhv.fd 2009/09/25 v1.2 font definition file for T1/qhv
)
LaTeX Font Info:    Font shape `T1/qhv/m/n' will be
(Font)              scaled to size 9.40002pt on input line 160.


LaTeX Font Warning: Font shape `OT1/cmr/m/n' in size <5.5> not available
(Font)              size <5> substituted on input line 160.

LaTeX Font Info:    Font shape `JY1/mc/m/n' will be
(Font)              scaled to size 7.01529pt on input line 160.
LaTeX Font Info:    Font shape `JY1/mc/m/n' will be
(Font)              scaled to size 5.28549pt on input line 160.

LaTeX Font Warning: Font shape `U/rsfs/m/n' in size <5.5> not available
(Font)              size <5> substituted on input line 160.


LaTeX Font Warning: Font shape `U/lasy/m/n' in size <5.5> not available
(Font)              size <5> substituted on input line 160.

LaTeX Font Info:    Font shape `JT1/mc/bx/n' in size <10> not available
(Font)              Font shape `JT1/gt/m/n' tried instead on input line 160.
LaTeX Font Info:    Font shape `JT1/gt/m/n' will be
(Font)              scaled to size 9.60999pt on input line 160.
LaTeX Font Info:    Font shape `JY1/mc/bx/n' in size <10> not available
(Font)              Font shape `JY1/gt/m/n' tried instead on input line 160.
LaTeX Font Info:    Font shape `JY1/gt/m/n' will be
(Font)              scaled to size 9.60999pt on input line 160.
LaTeX Font Info:    Font shape `T1/zpltlf/bx/n' in size <10> not available
(Font)              Font shape `T1/zpltlf/b/n' tried instead on input line 160.

LaTeX Font Info:    Font shape `T1/zpltlf/b/n' will be
(Font)              scaled to size 10.0pt on input line 160.
[1]
LaTeX Font Info:    Font shape `JT1/mc/m/n' will be
(Font)              scaled to size 23.90964pt on input line 160.
LaTeX Font Info:    Font shape `JY1/mc/m/n' will be
(Font)              scaled to size 23.90964pt on input line 160.
LaTeX Font Info:    Font shape `T1/zpltlf/m/n' will be
(Font)              scaled to size 24.88pt on input line 160.
LaTeX Font Info:    Font shape `JT1/gt/m/n' will be
(Font)              scaled to size 23.90964pt on input line 160.
LaTeX Font Info:    Font shape `JY1/gt/m/n' will be
(Font)              scaled to size 23.90964pt on input line 160.
LaTeX Font Info:    Font shape `T1/qhv/m/n' will be
(Font)              scaled to size 23.38725pt on input line 160.
 (./mathematics_note.toc [2

] [3])
\tf@toc=\write6
\openout6 = `mathematics_note.toc'.

 [4]
第1章
LaTeX Font Info:    Font shape `JT1/mc/m/n' will be
(Font)              scaled to size 19.9311pt on input line 166.
LaTeX Font Info:    Font shape `JY1/mc/m/n' will be
(Font)              scaled to size 19.9311pt on input line 166.
LaTeX Font Info:    Font shape `T1/zpltlf/m/n' will be
(Font)              scaled to size 20.74pt on input line 166.
LaTeX Font Info:    Font shape `JT1/gt/m/n' will be
(Font)              scaled to size 19.9311pt on input line 166.
LaTeX Font Info:    Font shape `JY1/gt/m/n' will be
(Font)              scaled to size 19.9311pt on input line 166.
LaTeX Font Info:    Font shape `T1/qhv/m/n' will be
(Font)              scaled to size 19.49565pt on input line 166.
(./thms/chapter_1_1.tex
LaTeX Font Info:    Font shape `JT1/mc/m/n' will be
(Font)              scaled to size 13.83836pt on input line 1.
LaTeX Font Info:    Font shape `JY1/mc/m/n' will be
(Font)              scaled to size 13.83836pt on input line 1.
LaTeX Font Info:    Font shape `T1/zpltlf/m/n' will be
(Font)              scaled to size 14.4pt on input line 1.
LaTeX Font Info:    Font shape `JT1/gt/m/n' will be
(Font)              scaled to size 13.83836pt on input line 1.
LaTeX Font Info:    Font shape `JY1/gt/m/n' will be
(Font)              scaled to size 13.83836pt on input line 1.
LaTeX Font Info:    Font shape `T1/qhv/m/n' will be
(Font)              scaled to size 13.53603pt on input line 1.


LaTeX Font Warning: Font shape `OT1/cmr/m/n' in size <10.5> not available
(Font)              size <10.95> substituted on input line 1.

LaTeX Font Info:    Font shape `JY1/mc/m/n' will be
(Font)              scaled to size 10.09048pt on input line 1.
LaTeX Font Info:    Font shape `JY1/mc/m/n' will be
(Font)              scaled to size 7.59187pt on input line 1.

LaTeX Font Warning: Font shape `U/rsfs/m/n' in size <10.5> not available
(Font)              size <10.95> substituted on input line 1.


LaTeX Font Warning: Font shape `U/lasy/m/n' in size <10.5> not available
(Font)              size <10.95> substituted on input line 1.


Package hyperref Warning: Token not allowed in a PDF string (PDFDocEncoding):
(hyperref)                removing `math shift' on input line 1.


Package hyperref Warning: Token not allowed in a PDF string (PDFDocEncoding):
(hyperref)                removing `\sigma' on input line 1.


Package hyperref Warning: Token not allowed in a PDF string (PDFDocEncoding):
(hyperref)                removing `math shift' on input line 1.


LaTeX Font Warning: Font shape `OT1/cmr/b/n' in size <5.5> not available
(Font)              size <5> substituted on input line 13.

LaTeX Font Info:    Font shape `JY1/gt/m/n' will be
(Font)              scaled to size 7.01529pt on input line 13.
LaTeX Font Info:    Font shape `JY1/gt/m/n' will be
(Font)              scaled to size 5.28549pt on input line 13.
[1



] (I search kanjifont definition file: . . ) (I search font definition file:
. . . . . . . . . . )
LaTeX Font Info:    Try loading font information for T1+zplsups on input line 8
6.
 (c:/texlive/2016/texmf-dist/tex/latex/newpx/t1zplsups.fd
File: t1zplsups.fd 2015/01/17 v1.0
)
LaTeX Font Info:    Font shape `T1/zplsups/m/n' will be
(Font)              scaled to size 10.0pt on input line 86.
LaTeX Font Info:    Font shape `T1/zpltlf/m/n' will be
(Font)              scaled to size 8.0pt on input line 89.
LaTeX Font Info:    Font shape `T1/zplsups/m/n' will be
(Font)              scaled to size 8.0pt on input line 89.
LaTeX Font Info:    Font shape `JY1/mc/m/n' will be
(Font)              scaled to size 5.95818pt on input line 89.
LaTeX Font Info:    Font shape `JY1/gt/m/n' will be
(Font)              scaled to size 7.68799pt on input line 89.
LaTeX Font Info:    Font shape `JY1/gt/m/n' will be
(Font)              scaled to size 5.95818pt on input line 89.
[2] [3] [4]) (./thms/chapter_1_2.tex [5] [6] [7] [8] [9] [10] [11] [12]
[13] [14]) (./thms/chapter_1_3_A.tex
LaTeX Font Info:    Font shape `JT1/gt/m/n' will be
(Font)              scaled to size 11.53198pt on input line 2.
LaTeX Font Info:    Font shape `JY1/gt/m/n' will be
(Font)              scaled to size 11.53198pt on input line 2.
LaTeX Font Info:    Font shape `T1/qhv/m/n' will be
(Font)              scaled to size 11.28003pt on input line 2.
 [15] [16] [17] [18] [19] [20] [21]
[22] [23]
Overfull \hbox (51.24365pt too wide) in paragraph at lines 576--576
 [] 
 []

[24]
LaTeX Font Info:    Font shape `JT1/mc/m/n' will be
(Font)              scaled to size 7.01529pt on input line 645.
LaTeX Font Info:    Font shape `T1/zpltlf/m/n' will be
(Font)              scaled to size 7.3pt on input line 645.
 [25]) (./thms/chapter_1_3_B.tex [26] [27] [28] [29] [30])
(./thms/chapter_1_3_C.tex [31] [32] [33] [34]
Underfull \hbox (badness 1668) in paragraph at lines 236--242
[]$\U/npxmia/m/it/10 }\OML/npxmi/m/it/10 S[]\U/npxmia/m/it/10 ~[]\OML/npxmi/m/i
t/10 ; \U/npxmia/m/it/10 }\OML/npxmi/m/it/10 T[]\U/npxmia/m/it/10 ~[]$ \JY1/mc/
m/n/10 は単調減少列であるから $[][]$ と $[][]$ も単調減少列であり ，
 []

[35]
Underfull \hbox (badness 3128) in paragraph at lines 336--338
[]\T1/zpltlf/m/n/10 If $\OML/npxmi/m/it/10 X \U/npxmia/m/it/10 5 []$ \T1/zpltlf
/m/n/10 is a right-continuous sub-martin-gale, then so is $[] \U/npxmia/m/it/10
 5
 []

[36] [37] [38]
Underfull \hbox (badness 10000) in paragraph at lines 549--552
[]\T1/zpltlf/m/n/10 Let $[]$ be a con-tin-u-ous, non-neg-a-tive su-per-martin-g
ale and $\OML/npxmi/m/it/10 T \U/npxmia/m/it/10 5
 []

) (./thms/chapter_1_4.tex
Underfull \hbox (badness 10000) in paragraph at lines 590--1

 []

[39] [40] [41] [42] [43] [44] [45] [46] [47] [48] [49] [50] [51] [52] [53]
[54] [55] [56] [57] [58] [59]) (./thms/chapter_1_5.tex [60] [61] [62] [63]
[64] [65] [66] [67]) [68]
第2章
(./thms/chapter_2_1.tex [69

] [70]) (./thms/chapter_2_2_A.tex)
(./thms/chapter_2_2_B.tex

Package hyperref Warning: Composite letter `\textasciicaron+C'
(hyperref)                not defined in PD1 encoding,
(hyperref)                removing `\textasciicaron' on input line 1.

[71] [72]
LaTeX Font Info:    Try loading font information for TS1+zpltlf on input line 1
79.
 (c:/texlive/2016/texmf-dist/tex/latex/newpx/ts1zpltlf.fd
File: ts1zpltlf.fd 2015/01/18 v1.0 fd file for TS1/zpltlf
)
LaTeX Font Info:    Font shape `TS1/zpltlf/m/n' will be
(Font)              scaled to size 10.0pt on input line 179.
 [73]
[74] [75]) (./thms/chapter_2_4.tex

LaTeX Font Warning: Font shape `OT1/cmr/b/n' in size <10.5> not available
(Font)              size <10.95> substituted on input line 1.

LaTeX Font Info:    Font shape `JY1/gt/m/n' will be
(Font)              scaled to size 10.09048pt on input line 1.
LaTeX Font Info:    Font shape `JY1/gt/m/n' will be
(Font)              scaled to size 7.59187pt on input line 1.

Package hyperref Warning: Token not allowed in a PDF string (PDFDocEncoding):
(hyperref)                removing `math shift' on input line 1.


Package hyperref Warning: Token not allowed in a PDF string (PDFDocEncoding):
(hyperref)                removing `\infty' on input line 1.


Package hyperref Warning: Token not allowed in a PDF string (PDFDocEncoding):
(hyperref)                removing `math shift' on input line 1.

[76] [77] Excluding 'comment' comment.) (./thms/chapter_2_4_A.tex [78] [79])
(./thms/chapter_2_4_B.tex [80] [81]
Underfull \hbox (badness 10000) detected at line 155
[]$[]$[]
 []

[82] [83]) (./thms/chapter_2_4_C.tex [84] [85] [86] [87] [88])
(./thms/chapter_2_4_D.tex
Underfull \hbox (badness 1558) in paragraph at lines 26--30
\JY1/mc/m/n/10 は $\U/rsfs/m/n/10 B\U/npxmia/m/it/10 }\OT1/cmr/b/n/10 R[]\U/npx
mia/m/it/10 ~\OML/npxmi/m/it/10 =\U/rsfs/m/n/10 B\U/npxmia/m/it/10 }\OT1/cmr/b/
n/10 R\U/npxmia/m/it/10 ~$\T1/zpltlf/m/n/10 -\JY1/mc/m/n/10 可測であるから $\OM
L/npxmi/m/it/10 Y[]$ \JY1/mc/m/n/10 は $\OML/npxmi/m/it/10 ^^[\U/npxmia/m/it/10
 }\OML/npxmi/m/it/10 ^^X[]; []  ; ^^X[]\U/npxmia/m/it/10 ~\OML/npxmi/m/it/10 =\
U/rsfs/m/n/10 B\U/npxmia/m/it/10 }\OT1/cmr/b/n/10 R\U/npxmia/m/it/10 ~$\T1/zplt
lf/m/n/10 -\JY1/mc/m/n/10 可測である ． $\OML/npxmi/m/it/10 t \U/npxmia/m/it/10
 5 \OT1/cmr/m/n/10 [\OML/npxmi/m/it/10 t\OT1/cmr/m/n/10 ]$ \JY1/mc/m/n/10 なら
ば $\OML/npxmi/m/it/10 Y[]$ \JY1/mc/m/n/10 は
 []

[89]) [90]
付録A
(./thms/logics.tex Excluding 'comment' comment.
Overfull \hbox (0.1073pt too wide) in paragraph at lines 54--55
[] [][][]
 []


Underfull \hbox (badness 10000) in paragraph at lines 54--55

 []

[91

] Excluding 'comment' comment.
Overfull \hbox (0.1073pt too wide) in paragraph at lines 108--109
[] [][][]
 []


Underfull \hbox (badness 10000) in paragraph at lines 108--109

 []


Overfull \hbox (0.1073pt too wide) in paragraph at lines 114--115
[] [][][]
 []


Underfull \hbox (badness 10000) in paragraph at lines 114--115

 []

[92]
Overfull \hbox (0.1073pt too wide) in paragraph at lines 187--188
[] [][][]
 []


Underfull \hbox (badness 10000) in paragraph at lines 187--188

 []


Overfull \hbox (0.1073pt too wide) in paragraph at lines 218--219
[] [][][]
 []


Underfull \hbox (badness 10000) in paragraph at lines 218--219

 []

[93]
Overfull \hbox (0.1073pt too wide) in paragraph at lines 247--248
[] [][][]
 []


Underfull \hbox (badness 10000) in paragraph at lines 247--248

 []


Overfull \hbox (0.1073pt too wide) in paragraph at lines 265--266
[] [][][]
 []


Underfull \hbox (badness 10000) in paragraph at lines 265--266

 []

[94]
Overfull \hbox (0.1073pt too wide) in paragraph at lines 282--283
[] [][][]
 []


Underfull \hbox (badness 10000) in paragraph at lines 282--283

 []


Overfull \hbox (0.1073pt too wide) in paragraph at lines 334--335
[] [][][]
 []


Underfull \hbox (badness 10000) in paragraph at lines 334--335

 []

[95] [96] [97] [98] [99]
Overfull \hbox (0.1073pt too wide) in paragraph at lines 612--613
[] [][][]
 []


Underfull \hbox (badness 10000) in paragraph at lines 612--613

 []

[100] [101]
Overfull \hbox (0.1073pt too wide) in paragraph at lines 764--765
[] [][][]
 []


Underfull \hbox (badness 10000) in paragraph at lines 764--765

 []

[102]
Overfull \hbox (0.1073pt too wide) in paragraph at lines 816--817
[] [][][]
 []

[103]
Overfull \hbox (0.1073pt too wide) in paragraph at lines 885--886
[] [][][]
 []


Underfull \hbox (badness 10000) in paragraph at lines 885--886

 []


Overfull \hbox (0.1073pt too wide) in paragraph at lines 917--918
[] [][][]
 []


Underfull \hbox (badness 10000) in paragraph at lines 917--918

 []

[104]
Overfull \hbox (0.1073pt too wide) in paragraph at lines 986--987
[] [][][]
 []


Underfull \hbox (badness 10000) in paragraph at lines 986--987

 []

[105] [106]) (./thms/set_theory.tex [107]
Overfull \hbox (0.1073pt too wide) in paragraph at lines 86--87
[] [][][]
 []


Underfull \hbox (badness 10000) in paragraph at lines 86--87

 []

[108]
Overfull \hbox (0.1073pt too wide) in paragraph at lines 129--130
[] [][][]
 []


Underfull \hbox (badness 10000) in paragraph at lines 129--130

 []

[109]
Overfull \hbox (0.1073pt too wide) in paragraph at lines 213--214
[] [][][]
 []


Underfull \hbox (badness 10000) in paragraph at lines 213--214

 []

[110] [111] [112] [113] [114]) (./thms/rewriting_of_formulas_in_Lprime.tex
Overfull \hbox (0.1073pt too wide) in paragraph at lines 529--1
[] [][][]
 []


Underfull \hbox (badness 10000) in paragraph at lines 529--1

 []


Overfull \hbox (0.1073pt too wide) in paragraph at lines 13--14
[] [][][]
 []


Underfull \hbox (badness 10000) in paragraph at lines 13--14

 []

[115] [116]) (./thms/pair.tex [117] [118] [119]

LaTeX Warning: Reference `eq:definition_of_a_pair_of_classes' on page 120 undef
ined on input line 201.

[120]

LaTeX Warning: Reference `eq:definition_of_a_pair_of_classes' on page 121 undef
ined on input line 224.

) (./thms/union.tex
Overfull \hbox (0.1073pt too wide) in paragraph at lines 264--1
[] [][][]
 []


Underfull \hbox (badness 10000) in paragraph at lines 264--1

 []

[121]

LaTeX Warning: Reference `metathm:fundamental_law_of_universal_quantifier' on p
age 122 undefined on input line 33.


LaTeX Warning: Reference `metathm:fundamental_law_of_universal_quantifier' on p
age 122 undefined on input line 39.


LaTeX Warning: Reference `metathm:properties_of_quantifiers' on page 122 undefi
ned on input line 43.


LaTeX Warning: Reference `metathm:fundamental_law_of_universal_quantifier' on p
age 122 undefined on input line 56.

) (./thms/intersection.tex
Underfull \hbox (badness 10000) in paragraph at lines 99--1

 []

[122]
Overfull \hbox (0.1073pt too wide) in paragraph at lines 37--38
[] [][][]
 []


Underfull \hbox (badness 10000) in paragraph at lines 37--38

 []

[123]

LaTeX Warning: Reference `metathm:fundamental_law_of_universal_quantifier' on p
age 124 undefined on input line 104.


LaTeX Warning: Reference `metathm:rule_of_inference_3' on page 124 undefined on
 input line 125.


LaTeX Warning: Reference `metathm:properties_of_quantifiers' on page 124 undefi
ned on input line 136.

[124]

LaTeX Warning: Reference `metathm:properties_of_quantifiers' on page 125 undefi
ned on input line 146.

) (./thms/power.tex) (./thms/relation.tex
Underfull \hbox (badness 10000) in paragraph at lines 19--1

 []

[125] Excluding 'comment' comment. [126] [127]

LaTeX Warning: Reference `metathm:fundamental_law_of_universal_quantifier' on p
age 128 undefined on input line 197.

[128]
Overfull \hbox (0.1073pt too wide) in paragraph at lines 243--244
[] [][][]
 []


Underfull \hbox (badness 10000) in paragraph at lines 243--244

 []


Overfull \hbox (0.1073pt too wide) in paragraph at lines 286--287
[] [][][]
 []


Underfull \hbox (badness 10000) in paragraph at lines 286--287

 []

[129]
Overfull \hbox (0.1073pt too wide) in paragraph at lines 316--317
[] [][][]
 []


Underfull \hbox (badness 10000) in paragraph at lines 316--317

 []


Overfull \hbox (0.1073pt too wide) in paragraph at lines 355--356
[] [][][]
 []


Underfull \hbox (badness 10000) in paragraph at lines 355--356

 []

[130] [131] [132] [133]

LaTeX Warning: Reference `thm:value_of_a_mapping' on page 134 undefined on inpu
t line 558.


LaTeX Warning: Reference `metathm:fundamental_law_of_universal_quantifier' on p
age 134 undefined on input line 567.


LaTeX Warning: Reference `thm:value_of_a_mapping' on page 134 undefined on inpu
t line 579.


LaTeX Warning: Reference `metathm:fundamental_law_of_universal_quantifier' on p
age 134 undefined on input line 596.

[134] [135] [136] [137] [138]) (./thms/ordinal_numbers.tex
Overfull \hbox (0.1073pt too wide) in paragraph at lines 21--22
[] [][][]
 []


Underfull \hbox (badness 10000) in paragraph at lines 21--22

 []

[139] [140]
Overfull \hbox (0.1073pt too wide) in paragraph at lines 116--117
[] [][][]
 []


Underfull \hbox (badness 10000) in paragraph at lines 116--117

 []

[141] [142] [143] [144] [145]
Overfull \hbox (0.1073pt too wide) in paragraph at lines 455--456
[] [][][]
 []


Underfull \hbox (badness 10000) in paragraph at lines 455--456

 []

[146] [147] [148] [149] [150] [151]
Overfull \hbox (0.1073pt too wide) in paragraph at lines 880--881
[] [][][]
 []


Underfull \hbox (badness 10000) in paragraph at lines 880--881

 []

[152]
Overfull \hbox (0.1073pt too wide) in paragraph at lines 919--920
[] [][][]
 []


Underfull \hbox (badness 10000) in paragraph at lines 919--920

 []

LaTeX Font Info:    Font shape `U/lasy/b/n' in size <7.3> not available
(Font)              Font shape `U/lasy/m/n' tried instead on input line 930.
LaTeX Font Info:    Font shape `U/lasy/b/n' in size <5.5> not available
(Font)              Font shape `U/lasy/m/n' tried instead on input line 930.

LaTeX Font Warning: Font shape `U/lasy/m/n' in size <5.5> not available
(Font)              size <5> substituted on input line 930.


Overfull \hbox (0.1073pt too wide) in paragraph at lines 938--939
[] [][][]
 []


Underfull \hbox (badness 10000) in paragraph at lines 938--939

 []

[153]) (./thms/transfinite_recursion.tex
Overfull \hbox (0.1073pt too wide) in paragraph at lines 1042--1
[] [][][]
 []


Underfull \hbox (badness 10000) in paragraph at lines 1042--1

 []

[154] [155]

LaTeX Warning: Reference `thm:properties_of_ordinal_numbers' on page 156 undefi
ned on input line 107.

[156] [157]) (./thms/well_founded_sets.tex

LaTeX Warning: Reference `thm:transfinite_recursion_theorem' on page 158 undefi
ned on input line 12.

[158] [159]
Overfull \hbox (0.1073pt too wide) in paragraph at lines 126--127
[] [][][]
 []


Underfull \hbox (badness 10000) in paragraph at lines 126--127

 []


LaTeX Warning: Reference `thm:transfinite_recursion_theorem' on page 160 undefi
ned on input line 140.

[160]

LaTeX Warning: Reference `thm:transfinite_recursion_theorem' on page 161 undefi
ned on input line 236.

)
Underfull \hbox (badness 10000) in paragraph at lines 251--203

 []

[161] [162]
付録B
(./thms/temp_note_const_number.tex

Package hyperref Warning: Difference (2) between bookmark levels is greater 
(hyperref)                than one, level fixed on input line 1.


Package hyperref Warning: Difference (2) between bookmark levels is greater 
(hyperref)                than one, level fixed on input line 5.

[163

] [164] [165] [166] [167] [168] [169] [170] [171])
(./thms/temp_note_const_number_2.tex [172] [173])
(./thms/construction_of_numbers.tex
Overfull \hbox (0.1073pt too wide) in paragraph at lines 29--30
[] [][][]
 []


Underfull \hbox (badness 10000) in paragraph at lines 29--30

 []

[174] [175]
LaTeX Font Info:    Font shape `JT1/mc/m/n' will be
(Font)              scaled to size 5.28549pt on input line 159.
LaTeX Font Info:    Font shape `T1/zpltlf/m/n' will be
(Font)              scaled to size 5.5pt on input line 159.

Overfull \hbox (0.1073pt too wide) in paragraph at lines 188--189
[] [][][]
 []


Underfull \hbox (badness 10000) in paragraph at lines 188--189

 []

[176] [177]
Overfull \hbox (0.1073pt too wide) in paragraph at lines 281--282
[] [][][]
 []


Underfull \hbox (badness 10000) in paragraph at lines 281--282

 []


Overfull \hbox (0.1073pt too wide) in paragraph at lines 300--301
[] [][][]
 []


Underfull \hbox (badness 10000) in paragraph at lines 300--301

 []

[178] [179]
Overfull \hbox (0.1073pt too wide) in paragraph at lines 413--414
[] [][][]
 []


Underfull \hbox (badness 10000) in paragraph at lines 413--414

 []


Overfull \hbox (0.1073pt too wide) in paragraph at lines 435--436
[] [][][]
 []


Underfull \hbox (badness 10000) in paragraph at lines 435--436

 []

[180]) (./thms/ideal.tex
Overfull \hbox (0.1073pt too wide) in paragraph at lines 18--19
[] [][][]
 []


Underfull \hbox (badness 10000) in paragraph at lines 18--19

 []

[181] [182]
Overfull \hbox (0.1073pt too wide) in paragraph at lines 174--175
[] [][][]
 []


Underfull \hbox (badness 10000) in paragraph at lines 174--175

 []

) (./thms/polynomial_ring.tex [183]
Overfull \hbox (0.1073pt too wide) in paragraph at lines 71--72
[] [][][]
 []


Underfull \hbox (badness 10000) in paragraph at lines 71--72

 []

[184] [185]
Overfull \hbox (0.1073pt too wide) in paragraph at lines 106--107
[] [][][]
 []


Underfull \hbox (badness 10000) in paragraph at lines 106--107

 []


Overfull \hbox (0.1073pt too wide) in paragraph at lines 140--141
[] [][][]
 []


Underfull \hbox (badness 10000) in paragraph at lines 140--141

 []

[186]) (./thms/prime_element.tex
Underfull \hbox (badness 10000) in paragraph at lines 171--1

 []

[187]) (./thms/construction_of_numbers_2.tex) [188]
付録C
(./thms/axiom_of_choice.tex [189

]
Overfull \hbox (0.1073pt too wide) in paragraph at lines 90--91
[] [][][]
 []


Underfull \hbox (badness 10000) in paragraph at lines 90--91

 []


Overfull \hbox (0.1073pt too wide) in paragraph at lines 127--128
[] [][][]
 []


Underfull \hbox (badness 10000) in paragraph at lines 127--128

 []

[190] [191] [192] [193] [194])
Overfull \hbox (0.1073pt too wide) in paragraph at lines 369--216
[] [][][]
 []


Underfull \hbox (badness 10000) in paragraph at lines 369--216

 []

(./thms/cardinal.tex [195]
Overfull \hbox (0.1073pt too wide) in paragraph at lines 58--59
[] [][][]
 []


Underfull \hbox (badness 10000) in paragraph at lines 58--59

 []

[196] [197] [198] [199] [200] [201] [202] [203]) [204] [205]
付録D
(./thms/topology.tex [206

] [207] [208] [209] [210] [211] [212] [213])
(./thms/separation_axioms.tex
Underfull \hbox (badness 10000) in paragraph at lines 680--1

 []

[214] [215] [216] [217] [218] [219] [220] [221] [222])
(./thms/axiom_of_countability.tex [223] [224] [225] [226])
(./thms/quotient_topology.tex [227] [228]
Overfull \hbox (8.06783pt too wide) in paragraph at lines 184--192
\JY1/mc/m/n/10 従 って $\U/rsfs/m/n/10 O$ \JY1/mc/m/n/10 は有限交叉で閉じる ． 
任意の $\U/rsfs/m/n/10 U \OMS/npxsy/m/n/10 ^^Z \U/rsfs/m/n/10 O$ \JY1/mc/m/n/10
 に対し $\U/rsfs/m/n/10 U[] \U/npxsyc/m/n/10 B [] \OML/npxmi/m/it/10 ; \U/rsfs/
m/n/10 U[] \U/npxsyc/m/n/10 B []$
 []

[229]) (./thms/net.tex [230] [231] [232] [233] [234] [235] [236])
(./thms/uniform_spaces.tex
Underfull \hbox (badness 10000) in paragraph at lines 627--1

 []

[237] [238] [239] [240] [241] [242] [243] [244] [245] [246] [247] [248]
[249] [250] [251] [252] [253] [254]) (./thms/metric_spaces.tex
Underfull \hbox (badness 10000) in paragraph at lines 1426--1

 []

[255] [256] [257] [258] [259] [260] [261] [262] [263])
(./thms/connected_spaces.tex [264])
(./thms/topology_of_space_of_continuous_functions.tex [265] [266] [267]
[268] [269] [270]) [271]
付録E
(./thms/module.tex) (./thms/topological_vector_space.tex
Underfull \hbox (badness 10000) in paragraph at lines 26--1

 []

[272

]

LaTeX Warning: Reference `thm:multivariable_continuous_mapping_is_one_variable_
continuous' on page 273 undefined on input line 68.

[273] [274] [275] [276] [277] [278] [279] [280] [281]) [282]
付録F
(./thms/measure.tex [283

] [284]) (./thms/sigma_additivity.tex [285] [286]
[287]) (./thms/Dynkin_system.tex [288] [289])
(./thms/finitely_additive_measure.tex [290] [291] [292] [293] [294] [295]
[296] [297] [298] [299] [300]) (./thms/regularity_of_Borel_measures.tex
[301] [302] [303] [304] [305] [306] [307]) (./thms/integration.tex [308]
[309] [310] [311] [312] [313] [314]) (./thms/Stieltjes_integral.tex [315]

LaTeX Warning: Reference `thm:compact_class_Haudorff' on page 316 undefined on 
input line 91.


LaTeX Warning: Reference `thm:compact_class_intersection' on page 316 undefined
 on input line 93.


LaTeX Warning: Reference `thm:equivalent_conditions_of_countable_additivity' on
 page 316 undefined on input line 94.

[316] [317] [318]) (./thms/Fubini_theorem.tex [319] [320]) (./thms/Lp_space.tex

Underfull \hbox (badness 10000) in paragraph at lines 165--1

 []


Package hyperref Warning: Token not allowed in a PDF string (PDFDocEncoding):
(hyperref)                removing `math shift' on input line 1.


Package hyperref Warning: Token not allowed in a PDF string (PDFDocEncoding):
(hyperref)                removing `superscript' on input line 1.


Package hyperref Warning: Token not allowed in a PDF string (PDFDocEncoding):
(hyperref)                removing `math shift' on input line 1.

[321] [322] [323] [324] [325] [326] [327]) [328]
付録G
(./thms/complex_measures.tex [329

] [330] [331] [332] [333] [334] [335] [336]
[337] [338] [339] [340] [341]) (./thms/integration_wrt_complex_measures.tex
[342] [343] [344]) (./thms/complex_analysis.tex
Underfull \hbox (badness 10000) in paragraph at lines 181--1

 []

[345] [346] [347] [348] [349] [350] [351]) [352]
付録H
(./thms/conditional_expectations.tex [353

] [354] [355] [356])
(./thms/conditional_measures.tex
Underfull \hbox (badness 10000) in paragraph at lines 320--1

 []

[357]) (./thms/uniform_integrability.tex
Underfull \hbox (badness 10000) in paragraph at lines 76--1

 []

[358] [359] [360] [361]) (./thms/topology_on_probability_measures.tex [362])
(./thms/martingales.tex [363] [364] [365]) (./thms/Gaussian_process.tex
[366] [367] [368] [369] [370]) (./thms/Kolmogorov_extension_theorem.tex
[371] [372] [373] [374]) (./thms/Wiener_process.tex [375]
Underfull \hbox (badness 10000) detected at line 47
[]$[]$[]
 []

) (./thms/predictable_processes.tex
Underfull \hbox (badness 10000) in paragraph at lines 58--1

 []

[376] [377] [378] [379] [380]) (./thms/stochastic_integral.tex [381] [382]
Excluding 'comment' comment.) (./thms/bibliography.tex [383]
LaTeX Font Info:    Try loading font information for T1+npxtt on input line 4.

(c:/texlive/2016/texmf-dist/tex/latex/newpx/t1npxtt.fd
File: t1npxtt.fd 2000/12/14 v1.0
)
LaTeX Font Info:    Font shape `T1/npxtt/m/n' will be
(Font)              scaled to size 10.0pt on input line 4.

Underfull \hbox (badness 10000) in paragraph at lines 6--7
[]\T1/zpltlf/m/n/10 Mathematics Stack Ex-change, A ques-tion about stochas-tic 
pro-cesses and stop-
 []


Underfull \hbox (badness 10000) in paragraph at lines 6--7
\T1/zpltlf/m/n/10 ping times, avail-able from [][]$\T1/npxtt/m/n/10 https : / /
 math . stackexchange . com / questions / 84271 /
 []

) [384

] (./mathematics_note.ind [385


] [386]) (./thms/alphabet_table.tex)
Package atveryend Info: Empty hook `BeforeClearDocument' on input line 277.

[387


]
Package atveryend Info: Empty hook `AfterLastShipout' on input line 277.
 (./mathematics_note.aux)
Package atveryend Info: Empty hook `AtVeryEndDocument' on input line 277.
Package atveryend Info: Executing hook `AtEndAfterFileList' on input line 277.
Package rerunfilecheck Info: File `mathematics_note.out' has not changed.
(rerunfilecheck)             Checksum: B82BDABD2311C9D3D3FEFADC9CDAAC7D;6789.


LaTeX Font Warning: Size substitutions with differences
(Font)              up to 0.5pt have occurred.


LaTeX Warning: There were undefined references.


LaTeX Warning: There were multiply-defined labels.

 ) 
Here is how much of TeX's memory you used:
 10118 strings out of 493683
 159419 string characters out of 6152647
 247219 words of memory out of 5000000
 13257 multiletter control sequences out of 15000+600000
 111087 words of font info for 243 fonts, out of 8000000 for 9000
 934 hyphenation exceptions out of 8191
 32i,22n,34p,883b,547s stack positions out of 5000i,500n,10000p,200000b,80000s

Output written on mathematics_note.dvi (392 pages, 2319064 bytes).
