%このファイルは日本語文字を含みます.
\BOOKMARK [1][-]{section.0.1}{徒然なるままに支離滅裂}{}% 1
\BOOKMARK [0][-]{chapter.1}{言語}{}% 2
\BOOKMARK [1][-]{section.1.1}{項}{chapter.1}% 3
\BOOKMARK [1][-]{section.1.2}{式}{chapter.1}% 4
\BOOKMARK [1][-]{section.1.3}{量化}{chapter.1}% 5
\BOOKMARK [2][-]{subsection.1.3.1}{部分項と部分式}{section.1.3}% 6
\BOOKMARK [2][-]{subsection.1.3.2}{始切片}{section.1.3}% 7
\BOOKMARK [2][-]{subsection.1.3.3}{スコープ}{section.1.3}% 8
\BOOKMARK [1][-]{section.1.4}{言語の拡張}{chapter.1}% 9
\BOOKMARK [2][-]{subsection.1.4.1}{}{section.1.4}% 10
\BOOKMARK [2][-]{subsection.1.4.2}{言語L}{section.1.4}% 11
\BOOKMARK [2][-]{subsection.1.4.3}{類と集合}{section.1.4}% 12
\BOOKMARK [2][-]{subsection.1.4.4}{式の書き換え}{section.1.4}% 13
\BOOKMARK [2][-]{subsection.1.4.5}{中置記法}{section.1.4}% 14
\BOOKMARK [0][-]{chapter.2}{推論}{}% 15
\BOOKMARK [1][-]{section.2.1}{証明}{chapter.2}% 16
\BOOKMARK [1][-]{section.2.2}{推論}{chapter.2}% 17
\BOOKMARK [0][-]{chapter.3}{集合}{}% 18
\BOOKMARK [1][-]{section.3.1}{相等性}{chapter.3}% 19
\BOOKMARK [1][-]{section.3.2}{順序型について}{chapter.3}% 20
\BOOKMARK [1][-]{section.3.3}{超限再帰について}{chapter.3}% 21
\BOOKMARK [1][-]{section.3.4}{自然数の全体について}{chapter.3}% 22
\BOOKMARK [0][-]{chapter.4}{イプシロン定理}{}% 23
\BOOKMARK [1][-]{section.4.1}{言語}{chapter.4}% 24
\BOOKMARK [1][-]{section.4.2}{証明}{chapter.4}% 25
\BOOKMARK [1][-]{section.4.3}{第一イプシロン定理メモ}{chapter.4}% 26
\BOOKMARK [2][-]{subsection.4.3.1}{埋め込み定理}{section.4.3}% 27
\BOOKMARK [2][-]{subsection.4.3.2}{階数}{section.4.3}% 28
\BOOKMARK [2][-]{subsection.4.3.3}{アイデア}{section.4.3}% 29
\BOOKMARK [1][-]{section.4.4}{第二イプシロン定理}{chapter.4}% 30
\BOOKMARK [2][-]{subsection.4.4.1}{i=1p B\(ri,fri,si\)への証明}{section.4.4}% 31
\BOOKMARK [0][-]{chapter.5}{メモ}{}% 32
\BOOKMARK [1][-]{section.5.1}{量化再考}{chapter.5}% 33
\BOOKMARK [1][-]{section.5.2}{置換公理}{chapter.5}% 34
\BOOKMARK [0][-]{chapter.6}{Hilbert流証明論}{}% 35
\BOOKMARK [1][-]{section.6.1}{HK}{chapter.6}% 36
\BOOKMARK [2][-]{subsection.6.1.1}{SK}{section.6.1}% 37
\BOOKMARK [2][-]{subsection.6.1.2}{否定}{section.6.1}% 38
\BOOKMARK [2][-]{subsection.6.1.3}{HM}{section.6.1}% 39
\BOOKMARK [2][-]{subsection.6.1.4}{HK}{section.6.1}% 40
\BOOKMARK [1][-]{section.6.2}{HK'}{chapter.6}% 41
\BOOKMARK [0][-]{chapter*.2}{参考文献}{}% 42
