This is e-pTeX, Version 3.14159265-p3.7.1-161114-2.6 (utf8.sjis) (TeX Live 2017/W32TeX) (preloaded format=platex 2017.6.30)  24 JAN 2018 02:57
entering extended mode
 restricted \write18 enabled.
 %&-line parsing enabled.
**./functional_analysis_autumn.tex
(./functional_analysis_autumn.tex
pLaTeX2e <2017/05/05> (based on LaTeX2e <2017-04-15>)
Babel <3.12> and hyphenation patterns for 84 language(s) loaded.
(c:/w32tex/share/texmf-dist/tex/platex/jsclasses/jsbook.cls
Document Class: jsbook 2017/03/05 okumura, texjporg
\jsc@mpt=\dimen118
\jsc@mmm=\dimen119
\jsc@smallskipamount=\skip41
LaTeX Info: Redefining \rmfamily on input line 473.
LaTeX Info: Redefining \sffamily on input line 476.
LaTeX Info: Redefining \ttfamily on input line 479.
LaTeX Info: Redefining \textmc on input line 482.
LaTeX Info: Redefining \textgt on input line 484.
\symmincho=\mathgroup4
LaTeX Font Info:    Overwriting symbol font `mincho' in version `bold'
(Font)                  JY1/mc/m/n --> JY1/gt/m/n on input line 545.
LaTeX Font Info:    Font shape `JT1/mc/m/n' will be
(Font)              scaled to size 9.60999pt on input line 736.
LaTeX Font Info:    Font shape `JY1/mc/m/n' will be
(Font)              scaled to size 9.60999pt on input line 736.
\fullwidth=\dimen120
LaTeX Font Info:    Font shape `JT1/mc/m/n' will be
(Font)              scaled to size 7.68799pt on input line 896.
LaTeX Font Info:    Font shape `JY1/mc/m/n' will be
(Font)              scaled to size 7.68799pt on input line 896.
\c@part=\count82
\c@chapter=\count83
\c@section=\count84
\c@subsection=\count85
\c@subsubsection=\count86
\c@paragraph=\count87
\c@subparagraph=\count88
\c@figure=\count89
\c@table=\count90
\abovecaptionskip=\skip42
\belowcaptionskip=\skip43
\jsc@tocl@width=\dimen121
\@lnumwidth=\dimen122
\bibindent=\dimen123
(c:/w32tex/share/texmf-dist/tex/platex/jsclasses/jslogo.sty
Package: jslogo 2017/02/24 okumura, texjporg
LaTeX Info: Redefining \TeX on input line 94.
LaTeX Info: Redefining \LaTeX on input line 147.
LaTeX Info: Redefining \LaTeXe on input line 200.
)
\heisei=\count91
)
(c:/w32tex/share/texmf-dist/tex/latex/amsmath/amsmath.sty
Package: amsmath 2016/11/05 v2.16a AMS math features
\@mathmargin=\skip44

For additional information on amsmath, use the `?' option.
(c:/w32tex/share/texmf-dist/tex/latex/amsmath/amstext.sty
Package: amstext 2000/06/29 v2.01 AMS text

(c:/w32tex/share/texmf-dist/tex/latex/amsmath/amsgen.sty
File: amsgen.sty 1999/11/30 v2.0 generic functions
\@emptytoks=\toks15
\ex@=\dimen124
))
(c:/w32tex/share/texmf-dist/tex/latex/amsmath/amsbsy.sty
Package: amsbsy 1999/11/29 v1.2d Bold Symbols
\pmbraise@=\dimen125
)
(c:/w32tex/share/texmf-dist/tex/latex/amsmath/amsopn.sty
Package: amsopn 2016/03/08 v2.02 operator names
)
\inf@bad=\count92
LaTeX Info: Redefining \frac on input line 213.
\uproot@=\count93
\leftroot@=\count94
LaTeX Info: Redefining \overline on input line 375.
\classnum@=\count95
\DOTSCASE@=\count96
LaTeX Info: Redefining \ldots on input line 472.
LaTeX Info: Redefining \dots on input line 475.
LaTeX Info: Redefining \cdots on input line 596.
\Mathstrutbox@=\box42
\strutbox@=\box43
\big@size=\dimen126
LaTeX Font Info:    Redeclaring font encoding OML on input line 712.
LaTeX Font Info:    Redeclaring font encoding OMS on input line 713.
\macc@depth=\count97
\c@MaxMatrixCols=\count98
\dotsspace@=\muskip10
\c@parentequation=\count99
\dspbrk@lvl=\count100
\tag@help=\toks16
\row@=\count101
\column@=\count102
\maxfields@=\count103
\andhelp@=\toks17
\eqnshift@=\dimen127
\alignsep@=\dimen128
\tagshift@=\dimen129
\tagwidth@=\dimen130
\totwidth@=\dimen131
\lineht@=\dimen132
\@envbody=\toks18
\multlinegap=\skip45
\multlinetaggap=\skip46
\mathdisplay@stack=\toks19
LaTeX Info: Redefining \[ on input line 2817.
LaTeX Info: Redefining \] on input line 2818.
)
(c:/w32tex/share/texmf-dist/tex/latex/amsfonts/amssymb.sty
Package: amssymb 2013/01/14 v3.01 AMS font symbols

(c:/w32tex/share/texmf-dist/tex/latex/amsfonts/amsfonts.sty
Package: amsfonts 2013/01/14 v3.01 Basic AMSFonts support
\symAMSa=\mathgroup5
\symAMSb=\mathgroup6
LaTeX Font Info:    Overwriting math alphabet `\mathfrak' in version `bold'
(Font)                  U/euf/m/n --> U/euf/b/n on input line 106.
))
(c:/w32tex/share/texmf-dist/tex/latex/amscls/amsthm.sty
Package: amsthm 2015/03/10 v2.20.2
\thm@style=\toks20
\thm@bodyfont=\toks21
\thm@headfont=\toks22
\thm@notefont=\toks23
\thm@headpunct=\toks24
\thm@preskip=\skip47
\thm@postskip=\skip48
\thm@headsep=\skip49
\dth@everypar=\toks25
)
(c:/w32tex/share/texmf-dist/tex/latex/base/makeidx.sty
Package: makeidx 2014/09/29 v1.0m Standard LaTeX package
)
(c:/w32tex/share/texmf-dist/tex/latex/txr/txfonts.sty
Package: txfonts 2008/01/22 v3.2.1
LaTeX Font Info:    Redeclaring symbol font `operators' on input line 21.
LaTeX Font Info:    Overwriting symbol font `operators' in version `normal'
(Font)                  OT1/cmr/m/n --> OT1/txr/m/n on input line 21.
LaTeX Font Info:    Overwriting symbol font `operators' in version `bold'
(Font)                  OT1/cmr/bx/n --> OT1/txr/m/n on input line 21.
LaTeX Font Info:    Overwriting symbol font `operators' in version `bold'
(Font)                  OT1/txr/m/n --> OT1/txr/bx/n on input line 22.
\symitalic=\mathgroup7
LaTeX Font Info:    Overwriting symbol font `italic' in version `bold'
(Font)                  OT1/txr/m/it --> OT1/txr/bx/it on input line 26.
LaTeX Font Info:    Redeclaring math alphabet \mathbf on input line 29.
LaTeX Font Info:    Overwriting math alphabet `\mathbf' in version `normal'
(Font)                  OT1/cmr/bx/n --> OT1/txr/bx/n on input line 29.
LaTeX Font Info:    Overwriting math alphabet `\mathbf' in version `bold'
(Font)                  OT1/cmr/bx/n --> OT1/txr/bx/n on input line 29.
LaTeX Font Info:    Redeclaring math alphabet \mathit on input line 30.
LaTeX Font Info:    Overwriting math alphabet `\mathit' in version `normal'
(Font)                  OT1/cmr/m/it --> OT1/txr/m/it on input line 30.
LaTeX Font Info:    Overwriting math alphabet `\mathit' in version `bold'
(Font)                  OT1/cmr/bx/it --> OT1/txr/m/it on input line 30.
LaTeX Font Info:    Overwriting math alphabet `\mathit' in version `bold'
(Font)                  OT1/txr/m/it --> OT1/txr/bx/it on input line 31.
LaTeX Font Info:    Redeclaring math alphabet \mathsf on input line 40.
LaTeX Font Info:    Overwriting math alphabet `\mathsf' in version `normal'
(Font)                  OT1/cmss/m/n --> OT1/txss/m/n on input line 40.
LaTeX Font Info:    Overwriting math alphabet `\mathsf' in version `bold'
(Font)                  OT1/cmss/bx/n --> OT1/txss/m/n on input line 40.
LaTeX Font Info:    Overwriting math alphabet `\mathsf' in version `bold'
(Font)                  OT1/txss/m/n --> OT1/txss/b/n on input line 41.
LaTeX Font Info:    Redeclaring math alphabet \mathtt on input line 50.
LaTeX Font Info:    Overwriting math alphabet `\mathtt' in version `normal'
(Font)                  OT1/cmtt/m/n --> OT1/txtt/m/n on input line 50.
LaTeX Font Info:    Overwriting math alphabet `\mathtt' in version `bold'
(Font)                  OT1/cmtt/m/n --> OT1/txtt/m/n on input line 50.
LaTeX Font Info:    Overwriting math alphabet `\mathtt' in version `bold'
(Font)                  OT1/txtt/m/n --> OT1/txtt/b/n on input line 51.
LaTeX Font Info:    Redeclaring symbol font `letters' on input line 58.
LaTeX Font Info:    Overwriting symbol font `letters' in version `normal'
(Font)                  OML/cmm/m/it --> OML/txmi/m/it on input line 58.
LaTeX Font Info:    Overwriting symbol font `letters' in version `bold'
(Font)                  OML/cmm/b/it --> OML/txmi/m/it on input line 58.
LaTeX Font Info:    Overwriting symbol font `letters' in version `bold'
(Font)                  OML/txmi/m/it --> OML/txmi/bx/it on input line 59.
\symlettersA=\mathgroup8
LaTeX Font Info:    Overwriting symbol font `lettersA' in version `bold'
(Font)                  U/txmia/m/it --> U/txmia/bx/it on input line 67.
LaTeX Font Info:    Redeclaring math alphabet \mathfrak on input line 70.
LaTeX Font Info:    Redeclaring symbol font `symbols' on input line 77.
LaTeX Font Info:    Overwriting symbol font `symbols' in version `normal'
(Font)                  OMS/cmsy/m/n --> OMS/txsy/m/n on input line 77.
LaTeX Font Info:    Overwriting symbol font `symbols' in version `bold'
(Font)                  OMS/cmsy/b/n --> OMS/txsy/m/n on input line 77.
LaTeX Font Info:    Overwriting symbol font `symbols' in version `bold'
(Font)                  OMS/txsy/m/n --> OMS/txsy/bx/n on input line 78.
LaTeX Font Info:    Redeclaring symbol font `AMSa' on input line 93.
LaTeX Font Info:    Overwriting symbol font `AMSa' in version `normal'
(Font)                  U/msa/m/n --> U/txsya/m/n on input line 93.
LaTeX Font Info:    Overwriting symbol font `AMSa' in version `bold'
(Font)                  U/msa/m/n --> U/txsya/m/n on input line 93.
LaTeX Font Info:    Overwriting symbol font `AMSa' in version `bold'
(Font)                  U/txsya/m/n --> U/txsya/bx/n on input line 94.
LaTeX Font Info:    Redeclaring symbol font `AMSb' on input line 102.
LaTeX Font Info:    Overwriting symbol font `AMSb' in version `normal'
(Font)                  U/msb/m/n --> U/txsyb/m/n on input line 102.
LaTeX Font Info:    Overwriting symbol font `AMSb' in version `bold'
(Font)                  U/msb/m/n --> U/txsyb/m/n on input line 102.
LaTeX Font Info:    Overwriting symbol font `AMSb' in version `bold'
(Font)                  U/txsyb/m/n --> U/txsyb/bx/n on input line 103.
\symsymbolsC=\mathgroup9
LaTeX Font Info:    Overwriting symbol font `symbolsC' in version `bold'
(Font)                  U/txsyc/m/n --> U/txsyc/bx/n on input line 113.
LaTeX Font Info:    Redeclaring symbol font `largesymbols' on input line 120.
LaTeX Font Info:    Overwriting symbol font `largesymbols' in version `normal'
(Font)                  OMX/cmex/m/n --> OMX/txex/m/n on input line 120.
LaTeX Font Info:    Overwriting symbol font `largesymbols' in version `bold'
(Font)                  OMX/cmex/m/n --> OMX/txex/m/n on input line 120.
LaTeX Font Info:    Overwriting symbol font `largesymbols' in version `bold'
(Font)                  OMX/txex/m/n --> OMX/txex/bx/n on input line 121.
\symlargesymbolsA=\mathgroup10
LaTeX Font Info:    Overwriting symbol font `largesymbolsA' in version `bold'
(Font)                  U/txexa/m/n --> U/txexa/bx/n on input line 129.
LaTeX Info: Redefining \not on input line 1043.
LaTeX Info: Redefining \textsquare on input line 1063.
LaTeX Info: Redefining \openbox on input line 1064.
)
(c:/w32tex/share/texmf-dist/tex/latex/jknappen/mathrsfs.sty
Package: mathrsfs 1996/01/01 Math RSFS package v1.0 (jk)
\symrsfs=\mathgroup11
)
(c:/w32tex/share/texmf-dist/tex/latex/mathtools/mathtools.sty
Package: mathtools 2017/05/24 v1.19 mathematical typesetting tools

(c:/w32tex/share/texmf-dist/tex/latex/graphics/keyval.sty
Package: keyval 2014/10/28 v1.15 key=value parser (DPC)
\KV@toks@=\toks26
)
(c:/w32tex/share/texmf-dist/tex/latex/tools/calc.sty
Package: calc 2014/10/28 v4.3 Infix arithmetic (KKT,FJ)
\calc@Acount=\count104
\calc@Bcount=\count105
\calc@Adimen=\dimen133
\calc@Bdimen=\dimen134
\calc@Askip=\skip50
\calc@Bskip=\skip51
LaTeX Info: Redefining \setlength on input line 80.
LaTeX Info: Redefining \addtolength on input line 81.
\calc@Ccount=\count106
\calc@Cskip=\skip52
)
(c:/w32tex/share/texmf-dist/tex/latex/mathtools/mhsetup.sty
Package: mhsetup 2017/03/31 v1.3 programming setup (MH)
)
LaTeX Info: Thecontrolsequence`\('isalreadyrobust on input line 129.
LaTeX Info: Thecontrolsequence`\)'isalreadyrobust on input line 129.
LaTeX Info: Thecontrolsequence`\['isalreadyrobust on input line 129.
LaTeX Info: Thecontrolsequence`\]'isalreadyrobust on input line 129.
\g_MT_multlinerow_int=\count107
\l_MT_multwidth_dim=\dimen135
\origjot=\skip53
\l_MT_shortvdotswithinadjustabove_dim=\dimen136
\l_MT_shortvdotswithinadjustbelow_dim=\dimen137
\l_MT_above_intertext_sep=\dimen138
\l_MT_below_intertext_sep=\dimen139
\l_MT_above_shortintertext_sep=\dimen140
\l_MT_below_shortintertext_sep=\dimen141
)
(c:/w32tex/share/texmf-dist/tex/latex/base/latexsym.sty
Package: latexsym 1998/08/17 v2.2e Standard LaTeX package (lasy symbols)
\symlasy=\mathgroup12
LaTeX Font Info:    Overwriting symbol font `lasy' in version `bold'
(Font)                  U/lasy/m/n --> U/lasy/b/n on input line 52.
)
(c:/w32tex/share/texmf-dist/tex/platex/base/ascmac.sty
Package: ascmac 2016/08/21 v2.0c ascmac wrapper (community edition) 

(c:/w32tex/share/texmf-dist/tex/platex/base/tascmac.sty
Package: tascmac 2016/08/21 v2.0c ascmac package (community edition) 
\@savetbaselineshift=\dimen142
\@saveybaselineshift=\dimen143
\scb@x=\box44
\scscb@x=\box45
\@bw=\dimen144
\@nbox=\box46
\@nbody=\box47
\@scw=\dimen145
\@itemh=\dimen146
\@iboxpos=\toks27
\@iboxstr=\box48
\@bwsp=\box49
\@@bwsp=\box50
\@bcal=\count108
\shaderule=\dimen147
))
(c:/w32tex/share/texmf-dist/tex/latex/graphics/color.sty
Package: color 2016/07/10 v1.1e Standard LaTeX Color (DPC)

(c:/w32tex/share/texmf-dist/tex/latex/graphics-cfg/color.cfg
File: color.cfg 2016/01/02 v1.6 sample color configuration
)
Package color Info: Driver file: dvips.def on input line 147.

(c:/w32tex/share/texmf-dist/tex/latex/graphics-def/dvips.def
File: dvips.def 2017/06/20 v3.1d Graphics/color driver for dvips
)
(c:/w32tex/share/texmf-dist/tex/latex/graphics/dvipsnam.def
File: dvipsnam.def 2016/06/17 v3.0m Driver-dependent file (DPC,SPQR)
))
(c:/w32tex/share/texmf-dist/tex/latex/relsize/relsize.sty
Package: relsize 2011/09/21 ver 4.0

Examine \normalsize starts \ifnarrowbaselines size may be \normalsize. 
Examine \small starts \ifnarrowbaselines size may be \small. 
Examine \footnotesize starts \ifnarrowbaselines size may be \footnotesize. 
Examine \large starts \jsc@setfontsize size may be \@xiipt. 
Examine \Large starts \jsc@setfontsize size may be \@xivpt. 
Examine \LARGE starts \jsc@setfontsize size may be \@xviipt. 
Examine \scriptsize starts \jsc@setfontsize size may be \@viipt. 
Examine \tiny starts \jsc@setfontsize size may be \@vpt. 
Examine \huge starts \jsc@setfontsize size may be \@xxpt. 
Examine \Huge starts \jsc@setfontsize size may be \@xxvpt. 
Examine \HUGE starts \jsc@setfontsize size may be 30. 

Package relsize Warning: Failed to get list of defined font sizes.
(relsize)                Size scaling will attempt arbitrary sizes..

)
\c@Prop=\count109
\c@Proof=\count110
\c@thm=\count111
\@indexfile=\write3
\openout3 = `functional_analysis_autumn.idx'.


Writing index file functional_analysis_autumn.idx

LaTeX Warning: Unused global option(s):
    [10.5pt].

(./functional_analysis_autumn.aux)
\openout1 = `functional_analysis_autumn.aux'.

LaTeX Font Info:    Checking defaults for OML/txmi/m/it on input line 135.
LaTeX Font Info:    Try loading font information for OML+txmi on input line 135
.

(c:/w32tex/share/texmf-dist/tex/latex/txr/omltxmi.fd
File: omltxmi.fd 2000/12/15 v3.1
)
LaTeX Font Info:    ... okay on input line 135.
LaTeX Font Info:    Checking defaults for T1/cmr/m/n on input line 135.
LaTeX Font Info:    ... okay on input line 135.
LaTeX Font Info:    Checking defaults for OT1/cmr/m/n on input line 135.
LaTeX Font Info:    ... okay on input line 135.
LaTeX Font Info:    Checking defaults for OMS/txsy/m/n on input line 135.
LaTeX Font Info:    Try loading font information for OMS+txsy on input line 135
.

(c:/w32tex/share/texmf-dist/tex/latex/txr/omstxsy.fd
File: omstxsy.fd 2000/12/15 v3.1
)
LaTeX Font Info:    ... okay on input line 135.
LaTeX Font Info:    Checking defaults for OMX/txex/m/n on input line 135.
LaTeX Font Info:    Try loading font information for OMX+txex on input line 135
.

(c:/w32tex/share/texmf-dist/tex/latex/txr/omxtxex.fd
File: omxtxex.fd 2000/12/15 v3.1
)
LaTeX Font Info:    ... okay on input line 135.
LaTeX Font Info:    Checking defaults for U/txexa/m/n on input line 135.
LaTeX Font Info:    Try loading font information for U+txexa on input line 135.


(c:/w32tex/share/texmf-dist/tex/latex/txr/utxexa.fd
File: utxexa.fd 2000/12/15 v3.1
)
LaTeX Font Info:    ... okay on input line 135.
LaTeX Font Info:    Checking defaults for JY1/mc/m/n on input line 135.
LaTeX Font Info:    ... okay on input line 135.
LaTeX Font Info:    Checking defaults for JT1/mc/m/n on input line 135.
LaTeX Font Info:    ... okay on input line 135.

(I search kanjifont definition file: . . ) (I search font definition file: . .
. . . . . )
LaTeX Font Info:    Try loading font information for OT1+txr on input line 135.

 (c:/w32tex/share/texmf-dist/tex/latex/txr/ot1txr.fd
File: ot1txr.fd 2000/12/15 v3.1
)
(c:/w32tex/share/texmf-dist/tex/latex/graphics/graphicx.sty
Package: graphicx 2017/06/01 v1.1a Enhanced LaTeX Graphics (DPC,SPQR)

(c:/w32tex/share/texmf-dist/tex/latex/graphics/graphics.sty
Package: graphics 2017/06/25 v1.2c Standard LaTeX Graphics (DPC,SPQR)

(c:/w32tex/share/texmf-dist/tex/latex/graphics/trig.sty
Package: trig 2016/01/03 v1.10 sin cos tan (DPC)
)
(c:/w32tex/share/texmf-dist/tex/latex/graphics-cfg/graphics.cfg
File: graphics.cfg 2016/06/04 v1.11 sample graphics configuration
)
Package graphics Info: Driver file: dvips.def on input line 99.
)
\Gin@req@height=\dimen148
\Gin@req@width=\dimen149
)
LaTeX Font Info:    Font shape `JT1/mc/m/n' will be
(Font)              scaled to size 16.60605pt on input line 140.
LaTeX Font Info:    Font shape `JY1/mc/m/n' will be
(Font)              scaled to size 16.60605pt on input line 140.
LaTeX Font Info:    Font shape `JT1/mc/m/n' will be
(Font)              scaled to size 11.53198pt on input line 140.
LaTeX Font Info:    Font shape `JY1/mc/m/n' will be
(Font)              scaled to size 11.53198pt on input line 140.
LaTeX Font Info:    Font shape `JY1/mc/m/n' will be
(Font)              scaled to size 5.76599pt on input line 140.
LaTeX Font Info:    Try loading font information for U+txsya on input line 140.


(c:/w32tex/share/texmf-dist/tex/latex/txr/utxsya.fd
File: utxsya.fd 2000/12/15 v3.1
)
LaTeX Font Info:    Try loading font information for U+txsyb on input line 140.


(c:/w32tex/share/texmf-dist/tex/latex/txr/utxsyb.fd
File: utxsyb.fd 2000/12/15 v3.1
)
LaTeX Font Info:    Try loading font information for U+txmia on input line 140.


(c:/w32tex/share/texmf-dist/tex/latex/txr/utxmia.fd
File: utxmia.fd 2000/12/15 v3.1
)
LaTeX Font Info:    Try loading font information for U+txsyc on input line 140.


(c:/w32tex/share/texmf-dist/tex/latex/txr/utxsyc.fd
File: utxsyc.fd 2000/12/15 v3.1
)
LaTeX Font Info:    Try loading font information for U+rsfs on input line 140.

(c:/w32tex/share/texmf-dist/tex/latex/jknappen/ursfs.fd
File: ursfs.fd 1998/03/24 rsfs font definition file (jk)
)
LaTeX Font Info:    Try loading font information for U+lasy on input line 140.

(c:/w32tex/share/texmf-dist/tex/latex/base/ulasy.fd
File: ulasy.fd 1998/08/17 v2.2e LaTeX symbol font definitions
) [1


]
LaTeX Font Info:    Font shape `JT1/gt/m/n' will be
(Font)              scaled to size 9.60999pt on input line 143.
LaTeX Font Info:    Font shape `JY1/gt/m/n' will be
(Font)              scaled to size 9.60999pt on input line 143.
LaTeX Font Info:    Try loading font information for OT1+txss on input line 143
.

(c:/w32tex/share/texmf-dist/tex/latex/txr/ot1txss.fd
File: ot1txss.fd 2000/12/15 v3.1
)
LaTeX Font Info:    Font shape `OT1/txss/m/n' will be
(Font)              scaled to size 9.49997pt on input line 143.
LaTeX Font Info:    Font shape `JT1/mc/m/n' will be
(Font)              scaled to size 23.90964pt on input line 143.
LaTeX Font Info:    Font shape `JY1/mc/m/n' will be
(Font)              scaled to size 23.90964pt on input line 143.
LaTeX Font Info:    Font shape `JT1/gt/m/n' will be
(Font)              scaled to size 23.90964pt on input line 143.
LaTeX Font Info:    Font shape `JY1/gt/m/n' will be
(Font)              scaled to size 23.90964pt on input line 143.
LaTeX Font Info:    Font shape `OT1/txss/m/n' will be
(Font)              scaled to size 23.63593pt on input line 143.

(./functional_analysis_autumn.toc)
\tf@toc=\write4
\openout4 = `functional_analysis_autumn.toc'.

LaTeX Font Info:    Font shape `JT1/mc/bx/n' in size <10> not available
(Font)              Font shape `JT1/gt/m/n' tried instead on input line 144.
LaTeX Font Info:    Font shape `JT1/gt/m/n' will be
(Font)              scaled to size 9.60999pt on input line 144.
LaTeX Font Info:    Font shape `JY1/mc/bx/n' in size <10> not available
(Font)              Font shape `JY1/gt/m/n' tried instead on input line 144.
LaTeX Font Info:    Font shape `JY1/gt/m/n' will be
(Font)              scaled to size 9.60999pt on input line 144.
 [1

] (./thms/normed_space.tex
第1章
LaTeX Font Info:    Font shape `JT1/mc/m/n' will be
(Font)              scaled to size 19.9311pt on input line 1.
LaTeX Font Info:    Font shape `JY1/mc/m/n' will be
(Font)              scaled to size 19.9311pt on input line 1.
LaTeX Font Info:    Font shape `JT1/gt/m/n' will be
(Font)              scaled to size 19.9311pt on input line 1.
LaTeX Font Info:    Font shape `JY1/gt/m/n' will be
(Font)              scaled to size 19.9311pt on input line 1.
LaTeX Font Info:    Font shape `OT1/txss/m/n' will be
(Font)              scaled to size 19.70294pt on input line 1.
LaTeX Font Info:    Font shape `JY1/mc/m/n' will be
(Font)              scaled to size 6.72699pt on input line 2.
LaTeX Font Info:    Font shape `JY1/mc/m/n' will be
(Font)              scaled to size 4.805pt on input line 2.
LaTeX Font Info:    Font shape `JT1/mc/m/n' will be
(Font)              scaled to size 13.83836pt on input line 3.
LaTeX Font Info:    Font shape `JY1/mc/m/n' will be
(Font)              scaled to size 13.83836pt on input line 3.
LaTeX Font Info:    Font shape `JT1/gt/m/n' will be
(Font)              scaled to size 13.83836pt on input line 3.
LaTeX Font Info:    Font shape `JY1/gt/m/n' will be
(Font)              scaled to size 13.83836pt on input line 3.
LaTeX Font Info:    Font shape `OT1/txss/m/n' will be
(Font)              scaled to size 13.67995pt on input line 3.
[1



] [2] [3]) (./thms/quotient_normed_space.tex
LaTeX Font Info:    Font shape `JT1/mc/m/n' will be
(Font)              scaled to size 6.72699pt on input line 8.
LaTeX Font Info:    Font shape `JT1/mc/m/n' will be
(Font)              scaled to size 5.76599pt on input line 8.
 [4] [5]) [6]
第2章
(./thms/closed_linear_operator.tex [7

])
Underfull \hbox (badness 10000) in paragraph at lines 83--153

 []

[8]
第3章
(./thms/Bochner_integral.tex [9

] [10] [11]) (./thms/Bochner_integral_2.tex
[12]) (./thms/Bochner_integral_3.tex)
Underfull \hbox (badness 10000) in paragraph at lines 6--157

 []

[13]
第4章
(./thms/dual_operator.tex [14

] [15] [16] [17] [18] [19] [20] [21])
(./thms/dual_operator_2.tex [22]) [23]
第5章
(./thms/resolvent_spectral.tex [24

] (./thms/report_8.tex [25] [26]))
(./thms/compact_operator.tex [27]
第6章
LaTeX Font Info:    Try loading font information for OMS+txr on input line 12.
(c:/w32tex/share/texmf-dist/tex/latex/txr/omstxr.fd
File: omstxr.fd 2000/12/15 v3.1
)
LaTeX Font Info:    Font shape `OMS/txr/m/n' in size <10> not available
(Font)              Font shape `OMS/txsy/m/n' tried instead on input line 12.
 [28

]

LaTeX Warning: Reference `prp:compact_operator_bounded_composition_of_compact_o
perators' on page 29 undefined on input line 105.

[29]

LaTeX Warning: Reference `lem:compact_operator_equiv_cond' on page 30 undefined
 on input line 130.


LaTeX Warning: Reference `lem:compact_operator_equiv_cond' on page 30 undefined
 on input line 133.


LaTeX Warning: Reference `lem:compact_operator_equiv_cond' on page 30 undefined
 on input line 145.


LaTeX Warning: Reference `lem:compact_operator_equiv_cond' on page 30 undefined
 on input line 147.


LaTeX Warning: Reference `lem:compact_operator_equiv_cond' on page 30 undefined
 on input line 167.


LaTeX Warning: Reference `lem:compact_operator_equiv_cond' on page 30 undefined
 on input line 172.

[30]
LaTeX Font Info:    Font shape `JT1/gt/m/n' will be
(Font)              scaled to size 7.68799pt on input line 224.
LaTeX Font Info:    Font shape `JY1/gt/m/n' will be
(Font)              scaled to size 7.68799pt on input line 224.
LaTeX Font Info:    Font shape `OT1/txss/m/n' will be
(Font)              scaled to size 7.59998pt on input line 224.


LaTeX Warning: Reference `lem:compact_operator_equiv_cond' on page 31 undefined
 on input line 250.

[31]

LaTeX Warning: Reference `lem:compact_operator_equiv_cond' on page 32 undefined
 on input line 267.


LaTeX Warning: Reference `eq:thm_dual_operator_of_compact_operators' on page 32
 undefined on input line 269.

[32]

LaTeX Warning: Reference `thm:weak_convergence_bounded' on page 33 undefined on
 input line 372.


LaTeX Warning: Reference `lem:compact_operator_equiv_cond' on page 33 undefined
 on input line 373.


LaTeX Warning: Reference `lem:compact_operator_equiv_cond' on page 33 undefined
 on input line 399.

) (./thms/compact_operator_2.tex [33]

LaTeX Warning: Reference `lem:compact_operator_equiv_cond' on page 34 undefined
 on input line 18.


LaTeX Warning: Reference `lem:compact_operator_equiv_cond' on page 34 undefined
 on input line 22.


LaTeX Warning: Reference `lem:compact_operator_equiv_cond' on page 34 undefined
 on input line 41.


LaTeX Warning: Reference `lem:unit_ball_and_compact_operator' on page 34 undefi
ned on input line 42.


LaTeX Warning: Reference `lem:compact_operator_equiv_cond' on page 34 undefined
 on input line 44.

[34]

LaTeX Warning: Reference `prp:compact_operator_bounded_composition_of_compact_o
perators' on page 35 undefined on input line 95.


LaTeX Warning: Reference `eq:thm_Banach_space_compact_operator_kernel_dimension
_3' on page 35 undefined on input line 113.


LaTeX Warning: Reference `eq:thm_Banach_space_compact_operator_kernel_dimension
' on page 35 undefined on input line 124.


LaTeX Warning: Reference `lem:compact_operator_equiv_cond' on page 35 undefined
 on input line 133.


LaTeX Warning: Reference `eq:thm_Banach_space_compact_operator_kernel_dimension
_2' on page 35 undefined on input line 140.


LaTeX Warning: Reference `eq:thm_Banach_space_compact_operator_kernel_dimension
_3' on page 35 undefined on input line 154.

[35]

LaTeX Warning: Reference `lem:compact_operator_equiv_cond' on page 36 undefined
 on input line 182.


LaTeX Warning: Reference `eq:thm_Banach_space_compact_operator_kernel_dimension
_4' on page 36 undefined on input line 184.


LaTeX Warning: Reference `thm:compact_identity_operator_and_dimension' on page 
36 undefined on input line 191.


LaTeX Warning: Reference `thm:compact_operator_on_quotient_normed_space' on pag
e 36 undefined on input line 199.


LaTeX Warning: Reference `thm:compact_identity_operator_and_dimension' on page 
36 undefined on input line 204.

[36] [37]

LaTeX Warning: Reference `thm:Banach_space_compact_operator_kernel_dimension' o
n page 38 undefined on input line 371.


LaTeX Warning: Reference `eq:lem_T_injective_then_surjective' on page 38 undefi
ned on input line 383.


LaTeX Warning: Reference `lem:compact_operator_equiv_cond' on page 38 undefined
 on input line 388.

) (./thms/compact_operator_3.tex [38]

LaTeX Warning: Reference `thm:quadratic_form_self_adjoint_real_valued' on page 
39 undefined on input line 52.


LaTeX Warning: Reference `eq:prp_spectral_of_self_adjoint_is_real_valued' on pa
ge 39 undefined on input line 63.

[39]

LaTeX Warning: Reference `eq:prp_spectral_of_self_adjoint_is_real_valued' on pa
ge 40 undefined on input line 84.


LaTeX Warning: Reference `eq:prp_spectral_of_self_adjoint_is_real_valued_2' on 
page 40 undefined on input line 89.


LaTeX Warning: Reference `eq:self_adjoint_1' on page 40 undefined on input line
 92.

) (./thms/compact_operator_4.tex [40] [41]

LaTeX Warning: Reference `prp:orthogonal_projection_idempotent_self_adjoint' on
 page 42 undefined on input line 187.


LaTeX Warning: Reference `prp:orthogonal_projection_idempotent_self_adjoint' on
 page 42 undefined on input line 206.

[42]

LaTeX Warning: Reference `prp:orthogonal_projection_idempotent_self_adjoint' on
 page 43 undefined on input line 222.

[43]

LaTeX Warning: Reference `lem:limit_operator_of_uniformly_bounded_operators' on
 page 44 undefined on input line 283.

) [44]
第7章
(../../W_Rudin_analysis/chapters/complex_measures.tex

LaTeX Warning: Reference `eq:dfn_complex_measure' on page 45 undefined on input
 line 19.

LaTeX Font Info:    Font shape `JT1/mc/bx/n' in size <8> not available
(Font)              Font shape `JT1/gt/m/n' tried instead on input line 44.
LaTeX Font Info:    Font shape `JT1/gt/m/n' will be
(Font)              scaled to size 7.68799pt on input line 44.
LaTeX Font Info:    Font shape `JY1/mc/bx/n' in size <8> not available
(Font)              Font shape `JY1/gt/m/n' tried instead on input line 44.
LaTeX Font Info:    Font shape `JY1/gt/m/n' will be
(Font)              scaled to size 7.68799pt on input line 44.

LaTeX Warning: Reference `radon_nikodym_1' on page 45 undefined on input line 4
4.


LaTeX Warning: Reference `radon_nikodym_1' on page 45 undefined on input line 4
5.

[45

]

LaTeX Warning: Reference `radon_nikodym_3' on page 46 undefined on input line 6
6.


LaTeX Warning: Reference `radon_nikodym_2' on page 46 undefined on input line 6
7.


LaTeX Warning: Reference `radon_nikodym_3' on page 46 undefined on input line 7
1.


LaTeX Warning: Reference `radon_nikodym_3' on page 46 undefined on input line 1
00.


LaTeX Warning: Reference `radon_nikodym_3' on page 46 undefined on input line 1
05.


LaTeX Warning: Reference `radon_nikodym_3' on page 46 undefined on input line 1
11.

[46]

LaTeX Warning: Reference `radon_nikodym_3' on page 47 undefined on input line 1
37.

[47]

LaTeX Warning: Reference `thm:total_variation_measure_bounded' on page 48 undef
ined on input line 202.


LaTeX Warning: Reference `radon_nikodym_3' on page 48 undefined on input line 2
07.


LaTeX Warning: Reference `lem:total_variation_measure_bounded' on page 48 undef
ined on input line 215.

[48]

LaTeX Warning: Reference `thm:total_variation_measure_bounded' on page 49 undef
ined on input line 286.

[49]

LaTeX Warning: Reference `radon_nikodym_3' on page 50 undefined on input line 3
01.


LaTeX Warning: Reference `complex_measure_linear' on page 50 undefined on input
 line 301.


LaTeX Warning: Reference `thm:total_variation_measure_bounded' on page 50 undef
ined on input line 343.

[50]) (./thms/complex_measures_integration.tex
Underfull \hbox (badness 10000) in paragraph at lines 391--1

 []


LaTeX Warning: Reference `dfn:complex_measures_integration' on page 51 undefine
d on input line 59.


LaTeX Warning: Reference `eq:complex_measures_integration_simple_function' on p
age 51 undefined on input line 60.


LaTeX Warning: Reference `eq:expression_simple_function' on page 51 undefined o
n input line 61.


LaTeX Warning: Reference `eq:complex_measures_integration_measurable_function' 
on page 51 undefined on input line 62.


LaTeX Warning: Reference `eq:integration_simple_function_approximation' on page
 51 undefined on input line 63.

[51]

LaTeX Warning: Reference `eq:expression_simple_function' on page 52 undefined o
n input line 76.


LaTeX Warning: Reference `radon_nikodym_3' on page 52 undefined on input line 8
8.

[52]

LaTeX Warning: Reference `eq:complex_measures_integration_measurable_function' 
on page 53 undefined on input line 99.


LaTeX Warning: Reference `eq:integration_simple_function_approximation' on page
 53 undefined on input line 101.


LaTeX Warning: Reference `eq:thm_complex_measure_integration_well_defined' on p
age 53 undefined on input line 103.


LaTeX Warning: Reference `eq:integration_simple_function_approximation' on page
 53 undefined on input line 111.


LaTeX Warning: Reference `eq:thm_complex_measure_integration_well_defined' on p
age 53 undefined on input line 133.


LaTeX Warning: Reference `eq:thm_complex_measure_integration_well_defined_2' on
 page 53 undefined on input line 137.


LaTeX Warning: Reference `dfn:complex_measures_integration' on page 53 undefine
d on input line 142.


LaTeX Warning: Reference `eq:complex_measures_integration_measurable_function' 
on page 53 undefined on input line 143.


LaTeX Warning: Reference `eq:complex_measures_integration_simple_function' on p
age 53 undefined on input line 144.


LaTeX Warning: Reference `eq:integration_simple_function_approximation' on page
 53 undefined on input line 145.


LaTeX Warning: Reference `thm:complex_measure_integration_well_defined' on page
 53 undefined on input line 146.


LaTeX Warning: Reference `eq:complex_measures_integration_measurable_function' 
on page 53 undefined on input line 147.


LaTeX Warning: Reference `eq:complex_measures_integration_simple_function' on p
age 53 undefined on input line 148.


LaTeX Warning: Reference `dfn:complex_measures_integration' on page 53 undefine
d on input line 152.


LaTeX Warning: Reference `eq:complex_measures_integration_simple_function' on p
age 53 undefined on input line 167.

[53]

LaTeX Warning: Reference `eq:integration_simple_function_approximation' on page
 54 undefined on input line 186.

[54]

LaTeX Warning: Reference `thm:complex_measure_integral_linearity' on page 55 un
defined on input line 284.


LaTeX Warning: Reference `thm:complex_measure_integration_well_defined' on page
 55 undefined on input line 284.

[55]) (./thms/complex_measures_integration_2.tex [56])
(./thms/spectral_decomposition_of_self_adjoint_operator.tex
Underfull \hbox (badness 10000) in paragraph at lines 38--1

 []


LaTeX Warning: Reference `eq:sigma_additivity_spectral_measures' on page 57 und
efined on input line 32.

[57]

LaTeX Warning: Reference `eq:sigma_additivity_spectral_measures' on page 58 und
efined on input line 66.


LaTeX Warning: Reference `prp:orthogonal_projection_product_sum' on page 58 und
efined on input line 70.


LaTeX Warning: Reference `prp:orthogonal_projection_idempotent_self_adjoint' on
 page 58 undefined on input line 71.


LaTeX Warning: Reference `eq:lem_complex_measure_introduced_by_spectral_measure
_1' on page 58 undefined on input line 107.


LaTeX Warning: Reference `prp:orthogonal_projection_idempotent_self_adjoint' on
 page 58 undefined on input line 108.

[58]

LaTeX Warning: Reference `eq:sigma_additivity_spectral_measures' on page 59 und
efined on input line 114.


LaTeX Warning: Reference `eq:lem_complex_measure_introduced_by_spectral_measure
_2' on page 59 undefined on input line 131.


LaTeX Warning: Reference `eq:lem_complex_measure_introduced_by_spectral_measure
_3' on page 59 undefined on input line 145.

[59]

LaTeX Warning: Reference `eq:dfn_operator_introduced_by_measurable_functions' o
n page 60 undefined on input line 253.

[60]

LaTeX Warning: Reference `lem:product_of_spectral_measure' on page 61 undefined
 on input line 301.


LaTeX Warning: Reference `prp:orthogonal_projection_idempotent_self_adjoint' on
 page 61 undefined on input line 305.


LaTeX Warning: Reference `eq:dfn_operator_introduced_by_measurable_functions' o
n page 61 undefined on input line 309.


LaTeX Warning: Reference `prp:orthogonal_projection_idempotent_self_adjoint' on
 page 61 undefined on input line 311.


LaTeX Warning: Reference `lem:product_of_spectral_measure' on page 61 undefined
 on input line 311.


LaTeX Warning: Reference `eq:lem_complex_measure_introduced_by_spectral_measure
_2' on page 61 undefined on input line 313.


LaTeX Warning: Reference `eq:dfn_operator_introduced_by_measurable_functions_2'
 on page 61 undefined on input line 327.


LaTeX Warning: Reference `eq:dfn_operator_introduced_by_measurable_functions' o
n page 61 undefined on input line 328.

[61]

LaTeX Warning: Reference `eq:dfn_operator_introduced_by_measurable_functions_2'
 on page 62 undefined on input line 335.


LaTeX Warning: Reference `eq:dfn_operator_introduced_by_measurable_functions_2'
 on page 62 undefined on input line 354.

) (./thms/spectral_decomposition_of_self_adjoint_operator_2.tex

LaTeX Warning: Reference `eq:dfn_operator_introduced_by_measurable_functions_3'
 on page 62 undefined on input line 3.


LaTeX Warning: Reference `eq:lem_complex_measure_introduced_by_spectral_measure
_2' on page 62 undefined on input line 15.

[62]

LaTeX Warning: Reference `lem:product_of_spectral_measure' on page 63 undefined
 on input line 40.


LaTeX Warning: Reference `eq:lem_complex_measure_introduced_by_spectral_measure
_2' on page 63 undefined on input line 40.


LaTeX Warning: Reference `eq:lem_domain_T_f_linear_dense' on page 63 undefined 
on input line 48.


LaTeX Warning: Reference `lem:domain_T_f_linear_dense' on page 63 undefined on 
input line 85.


LaTeX Warning: Reference `eq:dfn_operator_introduced_by_measurable_functions' o
n page 63 undefined on input line 86.

[63]

LaTeX Warning: Reference `lem:MSF_properties_of_T_f' on page 64 undefined on in
put line 100.


LaTeX Warning: Reference `lem:complex_measure_introduced_by_spectral_measure' o
n page 64 undefined on input line 133.


LaTeX Warning: Reference `lem:domain_T_f_linear_dense' on page 64 undefined on 
input line 144.

[64]

LaTeX Warning: Reference `eq:thm_properties_of_T_f_1' on page 65 undefined on i
nput line 166.


LaTeX Warning: Reference `eq:thm_properties_of_T_f_2' on page 65 undefined on i
nput line 182.


LaTeX Warning: Reference `lem:MSF_properties_of_T_f' on page 65 undefined on in
put line 201.


LaTeX Warning: Reference `thm:properties_of_T_f' on page 65 undefined on input 
line 243.

[65]

LaTeX Warning: Reference `eq:cor_properties_of_T_f_1' on page 66 undefined on i
nput line 259.


LaTeX Warning: Reference `thm:properties_of_T_f' on page 66 undefined on input 
line 270.


LaTeX Warning: Reference `eq:lem_complex_measure_introduced_by_spectral_measure
_1' on page 66 undefined on input line 271.

[66]

LaTeX Warning: Reference `thm:properties_of_T_f' on page 67 undefined on input 
line 303.


LaTeX Warning: Reference `eq:cor_properties_of_T_f_resolvent' on page 67 undefi
ned on input line 329.


LaTeX Warning: Reference `thm:properties_of_T_f' on page 67 undefined on input 
line 335.

[67] (./thms/report_9.tex [68]))
(./thms/spectral_decomposition_of_self_adjoint_operator_3.tex [69]

LaTeX Warning: Reference `thm:spectral_decomposition_of_bounded_linear_operator
s' on page 70 undefined on input line 29.


LaTeX Warning: Reference `thm:complex_measure_riesz_representation_theorem' on 
page 70 undefined on input line 56.

[70]

LaTeX Warning: Reference `eq:thm_spectral_decomposition_of_bounded_linear_opera
tors_1' on page 71 undefined on input line 80.


LaTeX Warning: Reference `eq:thm_spectral_decomposition_of_bounded_linear_opera
tors_3' on page 71 undefined on input line 83.


LaTeX Warning: Reference `thm:linearity_of_integral_respect_to_measure' on page
 71 undefined on input line 84.


LaTeX Warning: Reference `eq:lebesgue_convergence_theorem_complex_measure' on p
age 71 undefined on input line 94.


LaTeX Warning: Reference `thm:identity_theorem_of_complex_measures' on page 71 
undefined on input line 101.


LaTeX Warning: Reference `eq:thm_spectral_decomposition_of_bounded_linear_opera
tors_4' on page 71 undefined on input line 104.


LaTeX Warning: Reference `eq:thm_spectral_decomposition_of_bounded_linear_opera
tors_2' on page 71 undefined on input line 108.


LaTeX Warning: Reference `thm:complex_measure_riesz_representation_theorem' on 
page 71 undefined on input line 109.


LaTeX Warning: Reference `eq:thm_spectral_decomposition_of_bounded_linear_opera
tors_5' on page 71 undefined on input line 110.


LaTeX Warning: Reference `eq:thm_spectral_decomposition_of_bounded_linear_opera
tors_3' on page 71 undefined on input line 111.


LaTeX Warning: Reference `eq:thm_spectral_decomposition_of_bounded_linear_opera
tors_6' on page 71 undefined on input line 146.


LaTeX Warning: Reference `eq:thm_spectral_decomposition_of_bounded_linear_opera
tors_1' on page 71 undefined on input line 147.


LaTeX Warning: Reference `eq:thm_spectral_decomposition_of_bounded_linear_opera
tors_2' on page 71 undefined on input line 160.

[71]

LaTeX Warning: Reference `eq:thm_spectral_decomposition_of_bounded_linear_opera
tors_3' on page 72 undefined on input line 181.


LaTeX Warning: Reference `eq:thm_spectral_decomposition_of_bounded_linear_opera
tors_1' on page 72 undefined on input line 187.


LaTeX Warning: Reference `eq:thm_spectral_decomposition_of_bounded_linear_opera
tors_3' on page 72 undefined on input line 200.


LaTeX Warning: Reference `eq:thm_spectral_decomposition_of_bounded_linear_opera
tors_6' on page 72 undefined on input line 201.

[72]

LaTeX Warning: Reference `prp:orthogonal_projection_product_sum' on page 73 und
efined on input line 283.


LaTeX Warning: Reference `eq:thm_pectral_decomposition_of_bounded_linear_operat
ors_0' on page 73 undefined on input line 292.

) (./appendixes/weak_convergence.tex [73] [74]
付録A
[75

]

LaTeX Warning: Reference `eq:thm_weak_star_convergence_bonded' on page 76 undef
ined on input line 126.

[76]

LaTeX Warning: Reference `thm:weak_convergence_and_canonical_injection' on page
 77 undefined on input line 142.


LaTeX Warning: Reference `thm:weak_star_convergence_bonded' on page 77 undefine
d on input line 144.


LaTeX Warning: Reference `thm:weak_star_convergence_bonded' on page 77 undefine
d on input line 164.


LaTeX Warning: Reference `thm:weak_convergence_and_canonical_injection' on page
 77 undefined on input line 166.

) [77]
No file functional_analysis_autumn.ind.
(./functional_analysis_autumn.aux)

LaTeX Warning: There were undefined references.


LaTeX Warning: Label(s) may have changed. Rerun to get cross-references right.

 ) 
Here is how much of TeX's memory you used:
 3609 strings out of 493648
 52603 string characters out of 6150704
 116102 words of memory out of 5000000
 7045 multiletter control sequences out of 15000+600000
 40296 words of font info for 145 fonts, out of 8000000 for 9000
 934 hyphenation exceptions out of 8191
 28i,17n,26p,307b,519s stack positions out of 5000i,500n,10000p,500000b,80000s

Output written on functional_analysis_autumn.dvi (79 pages, 444976 bytes).
